ERROR - 2022-02-08 09:21:57 --> mysqli_sql_exception: Unknown column 'd_pengaduan' in 'on clause' in D:\CI4\Pengaduan\vendor\codeigniter4\framework\system\Database\MySQLi\Connection.php:314
Stack trace:
#0 D:\CI4\Pengaduan\vendor\codeigniter4\framework\system\Database\MySQLi\Connection.php(314): mysqli->query('SELECT *\nFROM `...')
#1 D:\CI4\Pengaduan\vendor\codeigniter4\framework\system\Database\BaseConnection.php(713): CodeIgniter\Database\MySQLi\Connection->execute('SELECT *\nFROM `...')
#2 D:\CI4\Pengaduan\vendor\codeigniter4\framework\system\Database\BaseConnection.php(641): CodeIgniter\Database\BaseConnection->simpleQuery('SELECT *\nFROM `...')
#3 D:\CI4\Pengaduan\vendor\codeigniter4\framework\system\Database\BaseBuilder.php(1866): CodeIgniter\Database\BaseConnection->query('SELECT *\nFROM `...', Array, false)
#4 D:\CI4\Pengaduan\vendor\codeigniter4\framework\system\Model.php(213): CodeIgniter\Database\BaseBuilder->get()
#5 D:\CI4\Pengaduan\vendor\codeigniter4\framework\system\BaseModel.php(583): CodeIgniter\Model->doFindAll(0, 0)
#6 D:\CI4\Pengaduan\app\Controllers\Controllermasyarakat.php(83): CodeIgniter\BaseModel->findAll()
#7 D:\CI4\Pengaduan\vendor\codeigniter4\framework\system\CodeIgniter.php(936): App\Controllers\Controllermasyarakat->pengaduan()
#8 D:\CI4\Pengaduan\vendor\codeigniter4\framework\system\CodeIgniter.php(432): CodeIgniter\CodeIgniter->runController(Object(App\Controllers\Controllermasyarakat))
#9 D:\CI4\Pengaduan\vendor\codeigniter4\framework\system\CodeIgniter.php(333): CodeIgniter\CodeIgniter->handleRequest(NULL, Object(Config\Cache), false)
#10 D:\CI4\Pengaduan\public\index.php(44): CodeIgniter\CodeIgniter->run()
#11 D:\CI4\Pengaduan\vendor\codeigniter4\framework\system\Commands\Server\rewrite.php(45): require_once('D:\\CI4\\Pengadua...')
#12 {main}
CRITICAL - 2022-02-08 09:21:57 --> Unknown column 'd_pengaduan' in 'on clause'
#0 D:\CI4\Pengaduan\vendor\codeigniter4\framework\system\Database\MySQLi\Connection.php(314): mysqli->query('SELECT *\nFROM `...')
#1 D:\CI4\Pengaduan\vendor\codeigniter4\framework\system\Database\BaseConnection.php(713): CodeIgniter\Database\MySQLi\Connection->execute('SELECT *\nFROM `...')
#2 D:\CI4\Pengaduan\vendor\codeigniter4\framework\system\Database\BaseConnection.php(641): CodeIgniter\Database\BaseConnection->simpleQuery('SELECT *\nFROM `...')
#3 D:\CI4\Pengaduan\vendor\codeigniter4\framework\system\Database\BaseBuilder.php(1866): CodeIgniter\Database\BaseConnection->query('SELECT *\nFROM `...', Array, false)
#4 D:\CI4\Pengaduan\vendor\codeigniter4\framework\system\Model.php(213): CodeIgniter\Database\BaseBuilder->get()
#5 D:\CI4\Pengaduan\vendor\codeigniter4\framework\system\BaseModel.php(583): CodeIgniter\Model->doFindAll(0, 0)
#6 D:\CI4\Pengaduan\app\Controllers\Controllermasyarakat.php(83): CodeIgniter\BaseModel->findAll()
#7 D:\CI4\Pengaduan\vendor\codeigniter4\framework\system\CodeIgniter.php(936): App\Controllers\Controllermasyarakat->pengaduan()
#8 D:\CI4\Pengaduan\vendor\codeigniter4\framework\system\CodeIgniter.php(432): CodeIgniter\CodeIgniter->runController(Object(App\Controllers\Controllermasyarakat))
#9 D:\CI4\Pengaduan\vendor\codeigniter4\framework\system\CodeIgniter.php(333): CodeIgniter\CodeIgniter->handleRequest(NULL, Object(Config\Cache), false)
#10 D:\CI4\Pengaduan\public\index.php(44): CodeIgniter\CodeIgniter->run()
#11 D:\CI4\Pengaduan\vendor\codeigniter4\framework\system\Commands\Server\rewrite.php(45): require_once('D:\\CI4\\Pengadua...')
#12 {main}
ERROR - 2022-02-08 09:25:18 --> mysqli_sql_exception: Unknown column 'd_pengaduan' in 'on clause' in D:\CI4\Pengaduan\vendor\codeigniter4\framework\system\Database\MySQLi\Connection.php:314
Stack trace:
#0 D:\CI4\Pengaduan\vendor\codeigniter4\framework\system\Database\MySQLi\Connection.php(314): mysqli->query('SELECT *\nFROM `...')
#1 D:\CI4\Pengaduan\vendor\codeigniter4\framework\system\Database\BaseConnection.php(713): CodeIgniter\Database\MySQLi\Connection->execute('SELECT *\nFROM `...')
#2 D:\CI4\Pengaduan\vendor\codeigniter4\framework\system\Database\BaseConnection.php(641): CodeIgniter\Database\BaseConnection->simpleQuery('SELECT *\nFROM `...')
#3 D:\CI4\Pengaduan\vendor\codeigniter4\framework\system\Database\BaseBuilder.php(1866): CodeIgniter\Database\BaseConnection->query('SELECT *\nFROM `...', Array, false)
#4 D:\CI4\Pengaduan\vendor\codeigniter4\framework\system\Model.php(213): CodeIgniter\Database\BaseBuilder->get()
#5 D:\CI4\Pengaduan\vendor\codeigniter4\framework\system\BaseModel.php(583): CodeIgniter\Model->doFindAll(0, 0)
#6 D:\CI4\Pengaduan\app\Controllers\Controllermasyarakat.php(83): CodeIgniter\BaseModel->findAll()
#7 D:\CI4\Pengaduan\vendor\codeigniter4\framework\system\CodeIgniter.php(936): App\Controllers\Controllermasyarakat->pengaduan()
#8 D:\CI4\Pengaduan\vendor\codeigniter4\framework\system\CodeIgniter.php(432): CodeIgniter\CodeIgniter->runController(Object(App\Controllers\Controllermasyarakat))
#9 D:\CI4\Pengaduan\vendor\codeigniter4\framework\system\CodeIgniter.php(333): CodeIgniter\CodeIgniter->handleRequest(NULL, Object(Config\Cache), false)
#10 D:\CI4\Pengaduan\public\index.php(44): CodeIgniter\CodeIgniter->run()
#11 D:\CI4\Pengaduan\vendor\codeigniter4\framework\system\Commands\Server\rewrite.php(45): require_once('D:\\CI4\\Pengadua...')
#12 {main}
CRITICAL - 2022-02-08 09:25:18 --> Unknown column 'd_pengaduan' in 'on clause'
#0 D:\CI4\Pengaduan\vendor\codeigniter4\framework\system\Database\MySQLi\Connection.php(314): mysqli->query('SELECT *\nFROM `...')
#1 D:\CI4\Pengaduan\vendor\codeigniter4\framework\system\Database\BaseConnection.php(713): CodeIgniter\Database\MySQLi\Connection->execute('SELECT *\nFROM `...')
#2 D:\CI4\Pengaduan\vendor\codeigniter4\framework\system\Database\BaseConnection.php(641): CodeIgniter\Database\BaseConnection->simpleQuery('SELECT *\nFROM `...')
#3 D:\CI4\Pengaduan\vendor\codeigniter4\framework\system\Database\BaseBuilder.php(1866): CodeIgniter\Database\BaseConnection->query('SELECT *\nFROM `...', Array, false)
#4 D:\CI4\Pengaduan\vendor\codeigniter4\framework\system\Model.php(213): CodeIgniter\Database\BaseBuilder->get()
#5 D:\CI4\Pengaduan\vendor\codeigniter4\framework\system\BaseModel.php(583): CodeIgniter\Model->doFindAll(0, 0)
#6 D:\CI4\Pengaduan\app\Controllers\Controllermasyarakat.php(83): CodeIgniter\BaseModel->findAll()
#7 D:\CI4\Pengaduan\vendor\codeigniter4\framework\system\CodeIgniter.php(936): App\Controllers\Controllermasyarakat->pengaduan()
#8 D:\CI4\Pengaduan\vendor\codeigniter4\framework\system\CodeIgniter.php(432): CodeIgniter\CodeIgniter->runController(Object(App\Controllers\Controllermasyarakat))
#9 D:\CI4\Pengaduan\vendor\codeigniter4\framework\system\CodeIgniter.php(333): CodeIgniter\CodeIgniter->handleRequest(NULL, Object(Config\Cache), false)
#10 D:\CI4\Pengaduan\public\index.php(44): CodeIgniter\CodeIgniter->run()
#11 D:\CI4\Pengaduan\vendor\codeigniter4\framework\system\Commands\Server\rewrite.php(45): require_once('D:\\CI4\\Pengadua...')
#12 {main}
