CRITICAL - 2021-04-05 19:13:40 --> Invalid file: masyarakat/login.php
#0 D:\CI4\Pengaduan\vendor\codeigniter4\framework\system\View\View.php(203): CodeIgniter\Exceptions\FrameworkException::forInvalidFile('masyarakat/logi...')
#1 D:\CI4\Pengaduan\vendor\codeigniter4\framework\system\Common.php(1217): CodeIgniter\View\View->render('masyarakat/logi...', Array, true)
#2 D:\CI4\Pengaduan\app\Controllers\Controllermasyarakat.php(20): view('masyarakat/logi...')
#3 D:\CI4\Pengaduan\vendor\codeigniter4\framework\system\CodeIgniter.php(936): App\Controllers\Controllermasyarakat->index()
#4 D:\CI4\Pengaduan\vendor\codeigniter4\framework\system\CodeIgniter.php(432): CodeIgniter\CodeIgniter->runController(Object(App\Controllers\Controllermasyarakat))
#5 D:\CI4\Pengaduan\vendor\codeigniter4\framework\system\CodeIgniter.php(333): CodeIgniter\CodeIgniter->handleRequest(NULL, Object(Config\Cache), false)
#6 D:\CI4\Pengaduan\public\index.php(44): CodeIgniter\CodeIgniter->run()
#7 D:\CI4\Pengaduan\vendor\codeigniter4\framework\system\Commands\Server\rewrite.php(45): require_once('D:\\CI4\\Pengadua...')
#8 {main}
CRITICAL - 2021-04-05 19:13:41 --> Invalid file: masyarakat/login.php
#0 D:\CI4\Pengaduan\vendor\codeigniter4\framework\system\View\View.php(203): CodeIgniter\Exceptions\FrameworkException::forInvalidFile('masyarakat/logi...')
#1 D:\CI4\Pengaduan\vendor\codeigniter4\framework\system\Common.php(1217): CodeIgniter\View\View->render('masyarakat/logi...', Array, true)
#2 D:\CI4\Pengaduan\app\Controllers\Controllermasyarakat.php(20): view('masyarakat/logi...')
#3 D:\CI4\Pengaduan\vendor\codeigniter4\framework\system\CodeIgniter.php(936): App\Controllers\Controllermasyarakat->index()
#4 D:\CI4\Pengaduan\vendor\codeigniter4\framework\system\CodeIgniter.php(432): CodeIgniter\CodeIgniter->runController(Object(App\Controllers\Controllermasyarakat))
#5 D:\CI4\Pengaduan\vendor\codeigniter4\framework\system\CodeIgniter.php(333): CodeIgniter\CodeIgniter->handleRequest(NULL, Object(Config\Cache), false)
#6 D:\CI4\Pengaduan\public\index.php(44): CodeIgniter\CodeIgniter->run()
#7 D:\CI4\Pengaduan\vendor\codeigniter4\framework\system\Commands\Server\rewrite.php(45): require_once('D:\\CI4\\Pengadua...')
#8 {main}
CRITICAL - 2021-04-05 19:54:37 --> Invalid file: dasboard.php
#0 D:\CI4\Pengaduan\vendor\codeigniter4\framework\system\View\View.php(203): CodeIgniter\Exceptions\FrameworkException::forInvalidFile('dasboard.php')
#1 D:\CI4\Pengaduan\vendor\codeigniter4\framework\system\Common.php(1217): CodeIgniter\View\View->render('dasboard', Array, true)
#2 D:\CI4\Pengaduan\app\Controllers\Dashboardpetugas.php(15): view('dasboard')
#3 D:\CI4\Pengaduan\vendor\codeigniter4\framework\system\CodeIgniter.php(936): App\Controllers\Dashboardpetugas->index()
#4 D:\CI4\Pengaduan\vendor\codeigniter4\framework\system\CodeIgniter.php(432): CodeIgniter\CodeIgniter->runController(Object(App\Controllers\Dashboardpetugas))
#5 D:\CI4\Pengaduan\vendor\codeigniter4\framework\system\CodeIgniter.php(333): CodeIgniter\CodeIgniter->handleRequest(NULL, Object(Config\Cache), false)
#6 D:\CI4\Pengaduan\public\index.php(44): CodeIgniter\CodeIgniter->run()
#7 D:\CI4\Pengaduan\vendor\codeigniter4\framework\system\Commands\Server\rewrite.php(45): require_once('D:\\CI4\\Pengadua...')
#8 {main}
CRITICAL - 2021-04-05 19:54:55 --> Invalid file: dasboard.php
#0 D:\CI4\Pengaduan\vendor\codeigniter4\framework\system\View\View.php(203): CodeIgniter\Exceptions\FrameworkException::forInvalidFile('dasboard.php')
#1 D:\CI4\Pengaduan\vendor\codeigniter4\framework\system\Common.php(1217): CodeIgniter\View\View->render('dasboard', Array, true)
#2 D:\CI4\Pengaduan\app\Controllers\Dashboardpetugas.php(15): view('dasboard')
#3 D:\CI4\Pengaduan\vendor\codeigniter4\framework\system\CodeIgniter.php(936): App\Controllers\Dashboardpetugas->index()
#4 D:\CI4\Pengaduan\vendor\codeigniter4\framework\system\CodeIgniter.php(432): CodeIgniter\CodeIgniter->runController(Object(App\Controllers\Dashboardpetugas))
#5 D:\CI4\Pengaduan\vendor\codeigniter4\framework\system\CodeIgniter.php(333): CodeIgniter\CodeIgniter->handleRequest(NULL, Object(Config\Cache), false)
#6 D:\CI4\Pengaduan\public\index.php(44): CodeIgniter\CodeIgniter->run()
#7 D:\CI4\Pengaduan\vendor\codeigniter4\framework\system\Commands\Server\rewrite.php(45): require_once('D:\\CI4\\Pengadua...')
#8 {main}
CRITICAL - 2021-04-05 20:00:44 --> Invalid file: /v_dasboard.php
#0 D:\CI4\Pengaduan\vendor\codeigniter4\framework\system\View\View.php(203): CodeIgniter\Exceptions\FrameworkException::forInvalidFile('/v_dasboard.php')
#1 D:\CI4\Pengaduan\vendor\codeigniter4\framework\system\View\View.php(236): CodeIgniter\View\View->render('/v_dasboard', Array, true)
#2 D:\CI4\Pengaduan\vendor\codeigniter4\framework\system\Common.php(1217): CodeIgniter\View\View->render('petugas/tampil-...', Array, true)
#3 D:\CI4\Pengaduan\app\Controllers\Petugas.php(124): view('petugas/tampil-...', Array)
#4 D:\CI4\Pengaduan\vendor\codeigniter4\framework\system\CodeIgniter.php(936): App\Controllers\Petugas->tampilMasyarakat()
#5 D:\CI4\Pengaduan\vendor\codeigniter4\framework\system\CodeIgniter.php(432): CodeIgniter\CodeIgniter->runController(Object(App\Controllers\Petugas))
#6 D:\CI4\Pengaduan\vendor\codeigniter4\framework\system\CodeIgniter.php(333): CodeIgniter\CodeIgniter->handleRequest(NULL, Object(Config\Cache), false)
#7 D:\CI4\Pengaduan\public\index.php(44): CodeIgniter\CodeIgniter->run()
#8 D:\CI4\Pengaduan\vendor\codeigniter4\framework\system\Commands\Server\rewrite.php(45): require_once('D:\\CI4\\Pengadua...')
#9 {main}
CRITICAL - 2021-04-05 20:00:58 --> Invalid file: /v_dasboard.php
#0 D:\CI4\Pengaduan\vendor\codeigniter4\framework\system\View\View.php(203): CodeIgniter\Exceptions\FrameworkException::forInvalidFile('/v_dasboard.php')
#1 D:\CI4\Pengaduan\vendor\codeigniter4\framework\system\View\View.php(236): CodeIgniter\View\View->render('/v_dasboard', Array, true)
#2 D:\CI4\Pengaduan\vendor\codeigniter4\framework\system\Common.php(1217): CodeIgniter\View\View->render('Petugas/tampil-...', Array, true)
#3 D:\CI4\Pengaduan\app\Controllers\Petugas.php(55): view('Petugas/tampil-...', Array)
#4 D:\CI4\Pengaduan\vendor\codeigniter4\framework\system\CodeIgniter.php(936): App\Controllers\Petugas->tampilUser()
#5 D:\CI4\Pengaduan\vendor\codeigniter4\framework\system\CodeIgniter.php(432): CodeIgniter\CodeIgniter->runController(Object(App\Controllers\Petugas))
#6 D:\CI4\Pengaduan\vendor\codeigniter4\framework\system\CodeIgniter.php(333): CodeIgniter\CodeIgniter->handleRequest(NULL, Object(Config\Cache), false)
#7 D:\CI4\Pengaduan\public\index.php(44): CodeIgniter\CodeIgniter->run()
#8 D:\CI4\Pengaduan\vendor\codeigniter4\framework\system\Commands\Server\rewrite.php(45): require_once('D:\\CI4\\Pengadua...')
#9 {main}
CRITICAL - 2021-04-05 20:02:44 --> Invalid file: /v_dasboard.php
#0 D:\CI4\Pengaduan\vendor\codeigniter4\framework\system\View\View.php(203): CodeIgniter\Exceptions\FrameworkException::forInvalidFile('/v_dasboard.php')
#1 D:\CI4\Pengaduan\vendor\codeigniter4\framework\system\View\View.php(236): CodeIgniter\View\View->render('/v_dasboard', Array, true)
#2 D:\CI4\Pengaduan\vendor\codeigniter4\framework\system\Common.php(1217): CodeIgniter\View\View->render('petugas/tampil-...', Array, true)
#3 D:\CI4\Pengaduan\app\Controllers\Petugas.php(124): view('petugas/tampil-...', Array)
#4 D:\CI4\Pengaduan\vendor\codeigniter4\framework\system\CodeIgniter.php(936): App\Controllers\Petugas->tampilMasyarakat()
#5 D:\CI4\Pengaduan\vendor\codeigniter4\framework\system\CodeIgniter.php(432): CodeIgniter\CodeIgniter->runController(Object(App\Controllers\Petugas))
#6 D:\CI4\Pengaduan\vendor\codeigniter4\framework\system\CodeIgniter.php(333): CodeIgniter\CodeIgniter->handleRequest(NULL, Object(Config\Cache), false)
#7 D:\CI4\Pengaduan\public\index.php(44): CodeIgniter\CodeIgniter->run()
#8 D:\CI4\Pengaduan\vendor\codeigniter4\framework\system\Commands\Server\rewrite.php(45): require_once('D:\\CI4\\Pengadua...')
#9 {main}
CRITICAL - 2021-04-05 20:02:47 --> Invalid file: /v_dasboard.php
#0 D:\CI4\Pengaduan\vendor\codeigniter4\framework\system\View\View.php(203): CodeIgniter\Exceptions\FrameworkException::forInvalidFile('/v_dasboard.php')
#1 D:\CI4\Pengaduan\vendor\codeigniter4\framework\system\View\View.php(236): CodeIgniter\View\View->render('/v_dasboard', Array, true)
#2 D:\CI4\Pengaduan\vendor\codeigniter4\framework\system\Common.php(1217): CodeIgniter\View\View->render('petugas/tampil-...', Array, true)
#3 D:\CI4\Pengaduan\app\Controllers\Petugas.php(124): view('petugas/tampil-...', Array)
#4 D:\CI4\Pengaduan\vendor\codeigniter4\framework\system\CodeIgniter.php(936): App\Controllers\Petugas->tampilMasyarakat()
#5 D:\CI4\Pengaduan\vendor\codeigniter4\framework\system\CodeIgniter.php(432): CodeIgniter\CodeIgniter->runController(Object(App\Controllers\Petugas))
#6 D:\CI4\Pengaduan\vendor\codeigniter4\framework\system\CodeIgniter.php(333): CodeIgniter\CodeIgniter->handleRequest(NULL, Object(Config\Cache), false)
#7 D:\CI4\Pengaduan\public\index.php(44): CodeIgniter\CodeIgniter->run()
#8 D:\CI4\Pengaduan\vendor\codeigniter4\framework\system\Commands\Server\rewrite.php(45): require_once('D:\\CI4\\Pengadua...')
#9 {main}
CRITICAL - 2021-04-05 20:02:48 --> Invalid file: /v_dasboard.php
#0 D:\CI4\Pengaduan\vendor\codeigniter4\framework\system\View\View.php(203): CodeIgniter\Exceptions\FrameworkException::forInvalidFile('/v_dasboard.php')
#1 D:\CI4\Pengaduan\vendor\codeigniter4\framework\system\View\View.php(236): CodeIgniter\View\View->render('/v_dasboard', Array, true)
#2 D:\CI4\Pengaduan\vendor\codeigniter4\framework\system\Common.php(1217): CodeIgniter\View\View->render('petugas/tampil-...', Array, true)
#3 D:\CI4\Pengaduan\app\Controllers\Petugas.php(124): view('petugas/tampil-...', Array)
#4 D:\CI4\Pengaduan\vendor\codeigniter4\framework\system\CodeIgniter.php(936): App\Controllers\Petugas->tampilMasyarakat()
#5 D:\CI4\Pengaduan\vendor\codeigniter4\framework\system\CodeIgniter.php(432): CodeIgniter\CodeIgniter->runController(Object(App\Controllers\Petugas))
#6 D:\CI4\Pengaduan\vendor\codeigniter4\framework\system\CodeIgniter.php(333): CodeIgniter\CodeIgniter->handleRequest(NULL, Object(Config\Cache), false)
#7 D:\CI4\Pengaduan\public\index.php(44): CodeIgniter\CodeIgniter->run()
#8 D:\CI4\Pengaduan\vendor\codeigniter4\framework\system\Commands\Server\rewrite.php(45): require_once('D:\\CI4\\Pengadua...')
#9 {main}
CRITICAL - 2021-04-05 20:02:54 --> Invalid file: v_dasboard.php
#0 D:\CI4\Pengaduan\vendor\codeigniter4\framework\system\View\View.php(203): CodeIgniter\Exceptions\FrameworkException::forInvalidFile('v_dasboard.php')
#1 D:\CI4\Pengaduan\vendor\codeigniter4\framework\system\View\View.php(236): CodeIgniter\View\View->render('v_dasboard', Array, true)
#2 D:\CI4\Pengaduan\vendor\codeigniter4\framework\system\Common.php(1217): CodeIgniter\View\View->render('Petugas/tambah-...', Array, true)
#3 D:\CI4\Pengaduan\app\Controllers\Petugas.php(62): view('Petugas/tambah-...')
#4 D:\CI4\Pengaduan\vendor\codeigniter4\framework\system\CodeIgniter.php(936): App\Controllers\Petugas->tambahPetugas()
#5 D:\CI4\Pengaduan\vendor\codeigniter4\framework\system\CodeIgniter.php(432): CodeIgniter\CodeIgniter->runController(Object(App\Controllers\Petugas))
#6 D:\CI4\Pengaduan\vendor\codeigniter4\framework\system\CodeIgniter.php(333): CodeIgniter\CodeIgniter->handleRequest(NULL, Object(Config\Cache), false)
#7 D:\CI4\Pengaduan\public\index.php(44): CodeIgniter\CodeIgniter->run()
#8 D:\CI4\Pengaduan\vendor\codeigniter4\framework\system\Commands\Server\rewrite.php(45): require_once('D:\\CI4\\Pengadua...')
#9 {main}
