CRITICAL - 2021-03-26 06:17:21 --> Trying to get property 'id_pengaduan' of non-object
#0 D:\CI4\Pengaduan\app\Views\Petugas\tampil-pengaduan.php(27): CodeIgniter\Debug\Exceptions->errorHandler(8, 'Trying to get p...', 'D:\\CI4\\Pengadua...', 27, Array)
#1 D:\CI4\Pengaduan\vendor\codeigniter4\framework\system\View\View.php(220): include('D:\\CI4\\Pengadua...')
#2 D:\CI4\Pengaduan\vendor\codeigniter4\framework\system\View\View.php(222): CodeIgniter\View\View->CodeIgniter\View\{closure}()
#3 D:\CI4\Pengaduan\vendor\codeigniter4\framework\system\Common.php(1217): CodeIgniter\View\View->render('Petugas/tampil-...', Array, true)
#4 D:\CI4\Pengaduan\app\Controllers\Petugas.php(199): view('Petugas/tampil-...', Array)
#5 D:\CI4\Pengaduan\vendor\codeigniter4\framework\system\CodeIgniter.php(936): App\Controllers\Petugas->verifikasi()
#6 D:\CI4\Pengaduan\vendor\codeigniter4\framework\system\CodeIgniter.php(432): CodeIgniter\CodeIgniter->runController(Object(App\Controllers\Petugas))
#7 D:\CI4\Pengaduan\vendor\codeigniter4\framework\system\CodeIgniter.php(333): CodeIgniter\CodeIgniter->handleRequest(NULL, Object(Config\Cache), false)
#8 D:\CI4\Pengaduan\public\index.php(44): CodeIgniter\CodeIgniter->run()
#9 D:\CI4\Pengaduan\vendor\codeigniter4\framework\system\Commands\Server\rewrite.php(45): require_once('D:\\CI4\\Pengadua...')
#10 {main}
CRITICAL - 2021-03-26 06:18:43 --> Trying to get property 'id_pengaduan' of non-object
#0 D:\CI4\Pengaduan\app\Views\Petugas\tampil-pengaduan.php(27): CodeIgniter\Debug\Exceptions->errorHandler(8, 'Trying to get p...', 'D:\\CI4\\Pengadua...', 27, Array)
#1 D:\CI4\Pengaduan\vendor\codeigniter4\framework\system\View\View.php(220): include('D:\\CI4\\Pengadua...')
#2 D:\CI4\Pengaduan\vendor\codeigniter4\framework\system\View\View.php(222): CodeIgniter\View\View->CodeIgniter\View\{closure}()
#3 D:\CI4\Pengaduan\vendor\codeigniter4\framework\system\Common.php(1217): CodeIgniter\View\View->render('Petugas/tampil-...', Array, true)
#4 D:\CI4\Pengaduan\app\Controllers\Petugas.php(199): view('Petugas/tampil-...', Array)
#5 D:\CI4\Pengaduan\vendor\codeigniter4\framework\system\CodeIgniter.php(936): App\Controllers\Petugas->verifikasi()
#6 D:\CI4\Pengaduan\vendor\codeigniter4\framework\system\CodeIgniter.php(432): CodeIgniter\CodeIgniter->runController(Object(App\Controllers\Petugas))
#7 D:\CI4\Pengaduan\vendor\codeigniter4\framework\system\CodeIgniter.php(333): CodeIgniter\CodeIgniter->handleRequest(NULL, Object(Config\Cache), false)
#8 D:\CI4\Pengaduan\public\index.php(44): CodeIgniter\CodeIgniter->run()
#9 D:\CI4\Pengaduan\vendor\codeigniter4\framework\system\Commands\Server\rewrite.php(45): require_once('D:\\CI4\\Pengadua...')
#10 {main}
CRITICAL - 2021-03-26 06:18:52 --> Trying to get property 'product_price' of non-object
#0 D:\CI4\Pengaduan\app\Views\Petugas\tampil-pengaduan.php(27): CodeIgniter\Debug\Exceptions->errorHandler(8, 'Trying to get p...', 'D:\\CI4\\Pengadua...', 27, Array)
#1 D:\CI4\Pengaduan\vendor\codeigniter4\framework\system\View\View.php(220): include('D:\\CI4\\Pengadua...')
#2 D:\CI4\Pengaduan\vendor\codeigniter4\framework\system\View\View.php(222): CodeIgniter\View\View->CodeIgniter\View\{closure}()
#3 D:\CI4\Pengaduan\vendor\codeigniter4\framework\system\Common.php(1217): CodeIgniter\View\View->render('Petugas/tampil-...', Array, true)
#4 D:\CI4\Pengaduan\app\Controllers\Petugas.php(199): view('Petugas/tampil-...', Array)
#5 D:\CI4\Pengaduan\vendor\codeigniter4\framework\system\CodeIgniter.php(936): App\Controllers\Petugas->verifikasi()
#6 D:\CI4\Pengaduan\vendor\codeigniter4\framework\system\CodeIgniter.php(432): CodeIgniter\CodeIgniter->runController(Object(App\Controllers\Petugas))
#7 D:\CI4\Pengaduan\vendor\codeigniter4\framework\system\CodeIgniter.php(333): CodeIgniter\CodeIgniter->handleRequest(NULL, Object(Config\Cache), false)
#8 D:\CI4\Pengaduan\public\index.php(44): CodeIgniter\CodeIgniter->run()
#9 D:\CI4\Pengaduan\vendor\codeigniter4\framework\system\Commands\Server\rewrite.php(45): require_once('D:\\CI4\\Pengadua...')
#10 {main}
CRITICAL - 2021-03-26 09:56:49 --> syntax error, unexpected 'else' (T_ELSE), expecting function (T_FUNCTION) or const (T_CONST)
#0 D:\CI4\Pengaduan\vendor\codeigniter4\framework\system\Autoloader\Autoloader.php(265): CodeIgniter\Autoloader\Autoloader->includeFile('D:\\CI4\\Pengadua...')
#1 D:\CI4\Pengaduan\vendor\codeigniter4\framework\system\Autoloader\Autoloader.php(228): CodeIgniter\Autoloader\Autoloader->loadInNamespace('App\\Controllers...')
#2 [internal function]: CodeIgniter\Autoloader\Autoloader->loadClass('App\\Controllers...')
#3 [internal function]: spl_autoload_call('App\\Controllers...')
#4 D:\CI4\Pengaduan\vendor\codeigniter4\framework\system\CodeIgniter.php(893): class_exists('\\App\\Controller...', true)
#5 D:\CI4\Pengaduan\vendor\codeigniter4\framework\system\CodeIgniter.php(417): CodeIgniter\CodeIgniter->startController()
#6 D:\CI4\Pengaduan\vendor\codeigniter4\framework\system\CodeIgniter.php(333): CodeIgniter\CodeIgniter->handleRequest(NULL, Object(Config\Cache), false)
#7 D:\CI4\Pengaduan\public\index.php(44): CodeIgniter\CodeIgniter->run()
#8 D:\CI4\Pengaduan\vendor\codeigniter4\framework\system\Commands\Server\rewrite.php(45): require_once('D:\\CI4\\Pengadua...')
#9 {main}
