CRITICAL - 2021-03-10 21:43:08 --> Invalid file: Dashboard.php
#0 D:\CI4\Pengaduan\vendor\codeigniter4\framework\system\View\View.php(203): CodeIgniter\Exceptions\FrameworkException::forInvalidFile('Dashboard.php')
#1 D:\CI4\Pengaduan\vendor\codeigniter4\framework\system\View\View.php(236): CodeIgniter\View\View->render('Dashboard', Array, true)
#2 D:\CI4\Pengaduan\vendor\codeigniter4\framework\system\Common.php(1217): CodeIgniter\View\View->render('Petugas/tambah-...', Array, true)
#3 D:\CI4\Pengaduan\app\Controllers\Petugas.php(62): view('Petugas/tambah-...')
#4 D:\CI4\Pengaduan\vendor\codeigniter4\framework\system\CodeIgniter.php(936): App\Controllers\Petugas->tambahPetugas()
#5 D:\CI4\Pengaduan\vendor\codeigniter4\framework\system\CodeIgniter.php(432): CodeIgniter\CodeIgniter->runController(Object(App\Controllers\Petugas))
#6 D:\CI4\Pengaduan\vendor\codeigniter4\framework\system\CodeIgniter.php(333): CodeIgniter\CodeIgniter->handleRequest(NULL, Object(Config\Cache), false)
#7 D:\CI4\Pengaduan\public\index.php(44): CodeIgniter\CodeIgniter->run()
#8 D:\CI4\Pengaduan\vendor\codeigniter4\framework\system\Commands\Server\rewrite.php(45): require_once('D:\\CI4\\Pengadua...')
#9 {main}
CRITICAL - 2021-03-10 21:51:42 --> Call to undefined method App\Controllers\Petugas::insert()
#0 D:\CI4\Pengaduan\vendor\codeigniter4\framework\system\CodeIgniter.php(936): App\Controllers\Petugas->simpanPetugas()
#1 D:\CI4\Pengaduan\vendor\codeigniter4\framework\system\CodeIgniter.php(432): CodeIgniter\CodeIgniter->runController(Object(App\Controllers\Petugas))
#2 D:\CI4\Pengaduan\vendor\codeigniter4\framework\system\CodeIgniter.php(333): CodeIgniter\CodeIgniter->handleRequest(NULL, Object(Config\Cache), false)
#3 D:\CI4\Pengaduan\public\index.php(44): CodeIgniter\CodeIgniter->run()
#4 D:\CI4\Pengaduan\vendor\codeigniter4\framework\system\Commands\Server\rewrite.php(45): require_once('D:\\CI4\\Pengadua...')
#5 {main}
CRITICAL - 2021-03-10 22:00:00 --> Invalid file: Dashboard.php
#0 D:\CI4\Pengaduan\vendor\codeigniter4\framework\system\View\View.php(203): CodeIgniter\Exceptions\FrameworkException::forInvalidFile('Dashboard.php')
#1 D:\CI4\Pengaduan\vendor\codeigniter4\framework\system\View\View.php(236): CodeIgniter\View\View->render('Dashboard', Array, true)
#2 D:\CI4\Pengaduan\vendor\codeigniter4\framework\system\Common.php(1217): CodeIgniter\View\View->render('Petugas/edit-pe...', Array, true)
#3 D:\CI4\Pengaduan\app\Controllers\Petugas.php(88): view('Petugas/edit-pe...', Array)
#4 D:\CI4\Pengaduan\vendor\codeigniter4\framework\system\CodeIgniter.php(936): App\Controllers\Petugas->editPetugas('3')
#5 D:\CI4\Pengaduan\vendor\codeigniter4\framework\system\CodeIgniter.php(432): CodeIgniter\CodeIgniter->runController(Object(App\Controllers\Petugas))
#6 D:\CI4\Pengaduan\vendor\codeigniter4\framework\system\CodeIgniter.php(333): CodeIgniter\CodeIgniter->handleRequest(NULL, Object(Config\Cache), false)
#7 D:\CI4\Pengaduan\public\index.php(44): CodeIgniter\CodeIgniter->run()
#8 D:\CI4\Pengaduan\vendor\codeigniter4\framework\system\Commands\Server\rewrite.php(45): require_once('D:\\CI4\\Pengadua...')
#9 {main}
CRITICAL - 2021-03-10 22:00:25 --> Invalid file: v_dashboard.php
#0 D:\CI4\Pengaduan\vendor\codeigniter4\framework\system\View\View.php(203): CodeIgniter\Exceptions\FrameworkException::forInvalidFile('v_dashboard.php')
#1 D:\CI4\Pengaduan\vendor\codeigniter4\framework\system\View\View.php(236): CodeIgniter\View\View->render('v_dashboard', Array, true)
#2 D:\CI4\Pengaduan\vendor\codeigniter4\framework\system\Common.php(1217): CodeIgniter\View\View->render('Petugas/edit-pe...', Array, true)
#3 D:\CI4\Pengaduan\app\Controllers\Petugas.php(88): view('Petugas/edit-pe...', Array)
#4 D:\CI4\Pengaduan\vendor\codeigniter4\framework\system\CodeIgniter.php(936): App\Controllers\Petugas->editPetugas('3')
#5 D:\CI4\Pengaduan\vendor\codeigniter4\framework\system\CodeIgniter.php(432): CodeIgniter\CodeIgniter->runController(Object(App\Controllers\Petugas))
#6 D:\CI4\Pengaduan\vendor\codeigniter4\framework\system\CodeIgniter.php(333): CodeIgniter\CodeIgniter->handleRequest(NULL, Object(Config\Cache), false)
#7 D:\CI4\Pengaduan\public\index.php(44): CodeIgniter\CodeIgniter->run()
#8 D:\CI4\Pengaduan\vendor\codeigniter4\framework\system\Commands\Server\rewrite.php(45): require_once('D:\\CI4\\Pengadua...')
#9 {main}
CRITICAL - 2021-03-10 22:00:34 --> Invalid file: v_dashboard.php
#0 D:\CI4\Pengaduan\vendor\codeigniter4\framework\system\View\View.php(203): CodeIgniter\Exceptions\FrameworkException::forInvalidFile('v_dashboard.php')
#1 D:\CI4\Pengaduan\vendor\codeigniter4\framework\system\View\View.php(236): CodeIgniter\View\View->render('v_dashboard', Array, true)
#2 D:\CI4\Pengaduan\vendor\codeigniter4\framework\system\Common.php(1217): CodeIgniter\View\View->render('Petugas/edit-pe...', Array, true)
#3 D:\CI4\Pengaduan\app\Controllers\Petugas.php(88): view('Petugas/edit-pe...', Array)
#4 D:\CI4\Pengaduan\vendor\codeigniter4\framework\system\CodeIgniter.php(936): App\Controllers\Petugas->editPetugas('3')
#5 D:\CI4\Pengaduan\vendor\codeigniter4\framework\system\CodeIgniter.php(432): CodeIgniter\CodeIgniter->runController(Object(App\Controllers\Petugas))
#6 D:\CI4\Pengaduan\vendor\codeigniter4\framework\system\CodeIgniter.php(333): CodeIgniter\CodeIgniter->handleRequest(NULL, Object(Config\Cache), false)
#7 D:\CI4\Pengaduan\public\index.php(44): CodeIgniter\CodeIgniter->run()
#8 D:\CI4\Pengaduan\vendor\codeigniter4\framework\system\Commands\Server\rewrite.php(45): require_once('D:\\CI4\\Pengadua...')
#9 {main}
CRITICAL - 2021-03-10 22:00:35 --> Invalid file: v_dashboard.php
#0 D:\CI4\Pengaduan\vendor\codeigniter4\framework\system\View\View.php(203): CodeIgniter\Exceptions\FrameworkException::forInvalidFile('v_dashboard.php')
#1 D:\CI4\Pengaduan\vendor\codeigniter4\framework\system\View\View.php(236): CodeIgniter\View\View->render('v_dashboard', Array, true)
#2 D:\CI4\Pengaduan\vendor\codeigniter4\framework\system\Common.php(1217): CodeIgniter\View\View->render('Petugas/edit-pe...', Array, true)
#3 D:\CI4\Pengaduan\app\Controllers\Petugas.php(88): view('Petugas/edit-pe...', Array)
#4 D:\CI4\Pengaduan\vendor\codeigniter4\framework\system\CodeIgniter.php(936): App\Controllers\Petugas->editPetugas('3')
#5 D:\CI4\Pengaduan\vendor\codeigniter4\framework\system\CodeIgniter.php(432): CodeIgniter\CodeIgniter->runController(Object(App\Controllers\Petugas))
#6 D:\CI4\Pengaduan\vendor\codeigniter4\framework\system\CodeIgniter.php(333): CodeIgniter\CodeIgniter->handleRequest(NULL, Object(Config\Cache), false)
#7 D:\CI4\Pengaduan\public\index.php(44): CodeIgniter\CodeIgniter->run()
#8 D:\CI4\Pengaduan\vendor\codeigniter4\framework\system\Commands\Server\rewrite.php(45): require_once('D:\\CI4\\Pengadua...')
#9 {main}
CRITICAL - 2021-03-10 22:00:35 --> Invalid file: v_dashboard.php
#0 D:\CI4\Pengaduan\vendor\codeigniter4\framework\system\View\View.php(203): CodeIgniter\Exceptions\FrameworkException::forInvalidFile('v_dashboard.php')
#1 D:\CI4\Pengaduan\vendor\codeigniter4\framework\system\View\View.php(236): CodeIgniter\View\View->render('v_dashboard', Array, true)
#2 D:\CI4\Pengaduan\vendor\codeigniter4\framework\system\Common.php(1217): CodeIgniter\View\View->render('Petugas/edit-pe...', Array, true)
#3 D:\CI4\Pengaduan\app\Controllers\Petugas.php(88): view('Petugas/edit-pe...', Array)
#4 D:\CI4\Pengaduan\vendor\codeigniter4\framework\system\CodeIgniter.php(936): App\Controllers\Petugas->editPetugas('3')
#5 D:\CI4\Pengaduan\vendor\codeigniter4\framework\system\CodeIgniter.php(432): CodeIgniter\CodeIgniter->runController(Object(App\Controllers\Petugas))
#6 D:\CI4\Pengaduan\vendor\codeigniter4\framework\system\CodeIgniter.php(333): CodeIgniter\CodeIgniter->handleRequest(NULL, Object(Config\Cache), false)
#7 D:\CI4\Pengaduan\public\index.php(44): CodeIgniter\CodeIgniter->run()
#8 D:\CI4\Pengaduan\vendor\codeigniter4\framework\system\Commands\Server\rewrite.php(45): require_once('D:\\CI4\\Pengadua...')
#9 {main}
CRITICAL - 2021-03-10 22:14:48 --> Too few arguments to function App\Controllers\Petugas::updatePetugas(), 0 passed in D:\CI4\Pengaduan\vendor\codeigniter4\framework\system\CodeIgniter.php on line 936 and exactly 1 expected
#0 D:\CI4\Pengaduan\vendor\codeigniter4\framework\system\CodeIgniter.php(936): App\Controllers\Petugas->updatePetugas()
#1 D:\CI4\Pengaduan\vendor\codeigniter4\framework\system\CodeIgniter.php(432): CodeIgniter\CodeIgniter->runController(Object(App\Controllers\Petugas))
#2 D:\CI4\Pengaduan\vendor\codeigniter4\framework\system\CodeIgniter.php(333): CodeIgniter\CodeIgniter->handleRequest(NULL, Object(Config\Cache), false)
#3 D:\CI4\Pengaduan\public\index.php(44): CodeIgniter\CodeIgniter->run()
#4 D:\CI4\Pengaduan\vendor\codeigniter4\framework\system\Commands\Server\rewrite.php(45): require_once('D:\\CI4\\Pengadua...')
#5 {main}
CRITICAL - 2021-03-10 22:17:51 --> Too few arguments to function App\Controllers\Petugas::updatePetugas(), 0 passed in D:\CI4\Pengaduan\vendor\codeigniter4\framework\system\CodeIgniter.php on line 936 and exactly 1 expected
#0 D:\CI4\Pengaduan\vendor\codeigniter4\framework\system\CodeIgniter.php(936): App\Controllers\Petugas->updatePetugas()
#1 D:\CI4\Pengaduan\vendor\codeigniter4\framework\system\CodeIgniter.php(432): CodeIgniter\CodeIgniter->runController(Object(App\Controllers\Petugas))
#2 D:\CI4\Pengaduan\vendor\codeigniter4\framework\system\CodeIgniter.php(333): CodeIgniter\CodeIgniter->handleRequest(NULL, Object(Config\Cache), false)
#3 D:\CI4\Pengaduan\public\index.php(44): CodeIgniter\CodeIgniter->run()
#4 D:\CI4\Pengaduan\vendor\codeigniter4\framework\system\Commands\Server\rewrite.php(45): require_once('D:\\CI4\\Pengadua...')
#5 {main}
CRITICAL - 2021-03-10 22:20:17 --> Too few arguments to function App\Controllers\Petugas::updatePetugas(), 0 passed in D:\CI4\Pengaduan\vendor\codeigniter4\framework\system\CodeIgniter.php on line 936 and exactly 1 expected
#0 D:\CI4\Pengaduan\vendor\codeigniter4\framework\system\CodeIgniter.php(936): App\Controllers\Petugas->updatePetugas()
#1 D:\CI4\Pengaduan\vendor\codeigniter4\framework\system\CodeIgniter.php(432): CodeIgniter\CodeIgniter->runController(Object(App\Controllers\Petugas))
#2 D:\CI4\Pengaduan\vendor\codeigniter4\framework\system\CodeIgniter.php(333): CodeIgniter\CodeIgniter->handleRequest(NULL, Object(Config\Cache), false)
#3 D:\CI4\Pengaduan\public\index.php(44): CodeIgniter\CodeIgniter->run()
#4 D:\CI4\Pengaduan\vendor\codeigniter4\framework\system\Commands\Server\rewrite.php(45): require_once('D:\\CI4\\Pengadua...')
#5 {main}
