ERROR - 2021-11-05 09:21:59 --> Error connecting to the database: No connection could be made because the target machine actively refused it.

CRITICAL - 2021-11-05 09:21:59 --> Unable to connect to the database.
#0 D:\CI4\Pengaduan\vendor\codeigniter4\framework\system\Database\BaseConnection.php(618): CodeIgniter\Database\BaseConnection->initialize()
#1 D:\CI4\Pengaduan\vendor\codeigniter4\framework\system\Database\BaseBuilder.php(1866): CodeIgniter\Database\BaseConnection->query('SELECT *\nFROM `...', Array, false)
#2 D:\CI4\Pengaduan\vendor\codeigniter4\framework\system\Model.php(174): CodeIgniter\Database\BaseBuilder->get()
#3 D:\CI4\Pengaduan\vendor\codeigniter4\framework\system\BaseModel.php(518): CodeIgniter\Model->doFind(false, NULL)
#4 D:\CI4\Pengaduan\app\Controllers\Controllermasyarakat.php(30): CodeIgniter\BaseModel->find()
#5 D:\CI4\Pengaduan\vendor\codeigniter4\framework\system\CodeIgniter.php(936): App\Controllers\Controllermasyarakat->login()
#6 D:\CI4\Pengaduan\vendor\codeigniter4\framework\system\CodeIgniter.php(432): CodeIgniter\CodeIgniter->runController(Object(App\Controllers\Controllermasyarakat))
#7 D:\CI4\Pengaduan\vendor\codeigniter4\framework\system\CodeIgniter.php(333): CodeIgniter\CodeIgniter->handleRequest(NULL, Object(Config\Cache), false)
#8 D:\CI4\Pengaduan\public\index.php(44): CodeIgniter\CodeIgniter->run()
#9 D:\CI4\Pengaduan\vendor\codeigniter4\framework\system\Commands\Server\rewrite.php(45): require_once('D:\\CI4\\Pengadua...')
#10 {main}
CRITICAL - 2021-11-05 09:21:59 --> Uncaught ErrorException: print_r(): Property access is not allowed yet in D:\CI4\Pengaduan\app\Views\errors\html\error_exception.php:100
Stack trace:
#0 [internal function]: CodeIgniter\Debug\Exceptions->errorHandler(2, 'print_r(): Prop...', 'D:\\CI4\\Pengadua...', 100, Array)
#1 D:\CI4\Pengaduan\app\Views\errors\html\error_exception.php(100): print_r(Object(App\Controllers\Controllermasyarakat), true)
#2 D:\CI4\Pengaduan\vendor\codeigniter4\framework\system\Debug\Exceptions.php(281): include('D:\\CI4\\Pengadua...')
#3 D:\CI4\Pengaduan\vendor\codeigniter4\framework\system\Debug\Exceptions.php(147): CodeIgniter\Debug\Exceptions->render(Object(CodeIgniter\Database\Exceptions\DatabaseException), 500)
#4 [internal function]: CodeIgniter\Debug\Exceptions->exceptionHandler(Object(CodeIgniter\Database\Exceptions\DatabaseException))
#5 {main}
  thrown
#0 [internal function]: CodeIgniter\Debug\Exceptions->shutdownHandler()
#1 {main}
