CRITICAL - 2021-03-07 05:38:41 --> Call to undefined method App\Controllers\Petugas::where()
#0 D:\CI4\Penganduan\vendor\codeigniter4\framework\system\CodeIgniter.php(936): App\Controllers\Petugas->login()
#1 D:\CI4\Penganduan\vendor\codeigniter4\framework\system\CodeIgniter.php(432): CodeIgniter\CodeIgniter->runController(Object(App\Controllers\Petugas))
#2 D:\CI4\Penganduan\vendor\codeigniter4\framework\system\CodeIgniter.php(333): CodeIgniter\CodeIgniter->handleRequest(NULL, Object(Config\Cache), false)
#3 D:\CI4\Penganduan\public\index.php(44): CodeIgniter\CodeIgniter->run()
#4 D:\CI4\Penganduan\vendor\codeigniter4\framework\system\Commands\Server\rewrite.php(45): require_once('D:\\CI4\\Pengandu...')
#5 {main}
CRITICAL - 2021-03-07 05:45:49 --> Call to undefined method App\Controllers\Petugas::where()
#0 D:\CI4\Penganduan\vendor\codeigniter4\framework\system\CodeIgniter.php(936): App\Controllers\Petugas->login()
#1 D:\CI4\Penganduan\vendor\codeigniter4\framework\system\CodeIgniter.php(432): CodeIgniter\CodeIgniter->runController(Object(App\Controllers\Petugas))
#2 D:\CI4\Penganduan\vendor\codeigniter4\framework\system\CodeIgniter.php(333): CodeIgniter\CodeIgniter->handleRequest(NULL, Object(Config\Cache), false)
#3 D:\CI4\Penganduan\public\index.php(44): CodeIgniter\CodeIgniter->run()
#4 D:\CI4\Penganduan\vendor\codeigniter4\framework\system\Commands\Server\rewrite.php(45): require_once('D:\\CI4\\Pengandu...')
#5 {main}
CRITICAL - 2021-03-07 05:46:31 --> Call to undefined method App\Controllers\Petugas::where()
#0 D:\CI4\Penganduan\vendor\codeigniter4\framework\system\CodeIgniter.php(936): App\Controllers\Petugas->login()
#1 D:\CI4\Penganduan\vendor\codeigniter4\framework\system\CodeIgniter.php(432): CodeIgniter\CodeIgniter->runController(Object(App\Controllers\Petugas))
#2 D:\CI4\Penganduan\vendor\codeigniter4\framework\system\CodeIgniter.php(333): CodeIgniter\CodeIgniter->handleRequest(NULL, Object(Config\Cache), false)
#3 D:\CI4\Penganduan\public\index.php(44): CodeIgniter\CodeIgniter->run()
#4 D:\CI4\Penganduan\vendor\codeigniter4\framework\system\Commands\Server\rewrite.php(45): require_once('D:\\CI4\\Pengandu...')
#5 {main}
CRITICAL - 2021-03-07 05:46:36 --> Call to undefined method App\Controllers\Petugas::where()
#0 D:\CI4\Penganduan\vendor\codeigniter4\framework\system\CodeIgniter.php(936): App\Controllers\Petugas->login()
#1 D:\CI4\Penganduan\vendor\codeigniter4\framework\system\CodeIgniter.php(432): CodeIgniter\CodeIgniter->runController(Object(App\Controllers\Petugas))
#2 D:\CI4\Penganduan\vendor\codeigniter4\framework\system\CodeIgniter.php(333): CodeIgniter\CodeIgniter->handleRequest(NULL, Object(Config\Cache), false)
#3 D:\CI4\Penganduan\public\index.php(44): CodeIgniter\CodeIgniter->run()
#4 D:\CI4\Penganduan\vendor\codeigniter4\framework\system\Commands\Server\rewrite.php(45): require_once('D:\\CI4\\Pengandu...')
#5 {main}
CRITICAL - 2021-03-07 05:48:49 --> Call to undefined method App\Controllers\Petugas::where()
#0 D:\CI4\Penganduan\vendor\codeigniter4\framework\system\CodeIgniter.php(936): App\Controllers\Petugas->login()
#1 D:\CI4\Penganduan\vendor\codeigniter4\framework\system\CodeIgniter.php(432): CodeIgniter\CodeIgniter->runController(Object(App\Controllers\Petugas))
#2 D:\CI4\Penganduan\vendor\codeigniter4\framework\system\CodeIgniter.php(333): CodeIgniter\CodeIgniter->handleRequest(NULL, Object(Config\Cache), false)
#3 D:\CI4\Penganduan\public\index.php(44): CodeIgniter\CodeIgniter->run()
#4 D:\CI4\Penganduan\vendor\codeigniter4\framework\system\Commands\Server\rewrite.php(45): require_once('D:\\CI4\\Pengandu...')
#5 {main}
CRITICAL - 2021-03-07 05:55:49 --> Call to undefined method App\Controllers\Petugas::where()
#0 D:\CI4\Penganduan\vendor\codeigniter4\framework\system\CodeIgniter.php(936): App\Controllers\Petugas->login()
#1 D:\CI4\Penganduan\vendor\codeigniter4\framework\system\CodeIgniter.php(432): CodeIgniter\CodeIgniter->runController(Object(App\Controllers\Petugas))
#2 D:\CI4\Penganduan\vendor\codeigniter4\framework\system\CodeIgniter.php(333): CodeIgniter\CodeIgniter->handleRequest(NULL, Object(Config\Cache), false)
#3 D:\CI4\Penganduan\public\index.php(44): CodeIgniter\CodeIgniter->run()
#4 D:\CI4\Penganduan\vendor\codeigniter4\framework\system\Commands\Server\rewrite.php(45): require_once('D:\\CI4\\Pengandu...')
#5 {main}
CRITICAL - 2021-03-07 05:57:56 --> Call to undefined method App\Controllers\Petugas::where()
#0 D:\CI4\Penganduan\vendor\codeigniter4\framework\system\CodeIgniter.php(936): App\Controllers\Petugas->login()
#1 D:\CI4\Penganduan\vendor\codeigniter4\framework\system\CodeIgniter.php(432): CodeIgniter\CodeIgniter->runController(Object(App\Controllers\Petugas))
#2 D:\CI4\Penganduan\vendor\codeigniter4\framework\system\CodeIgniter.php(333): CodeIgniter\CodeIgniter->handleRequest(NULL, Object(Config\Cache), false)
#3 D:\CI4\Penganduan\public\index.php(44): CodeIgniter\CodeIgniter->run()
#4 D:\CI4\Penganduan\vendor\codeigniter4\framework\system\Commands\Server\rewrite.php(45): require_once('D:\\CI4\\Pengandu...')
#5 {main}
CRITICAL - 2021-03-07 05:59:37 --> Call to undefined method App\Controllers\Petugas::where()
#0 D:\CI4\Penganduan\vendor\codeigniter4\framework\system\CodeIgniter.php(936): App\Controllers\Petugas->login()
#1 D:\CI4\Penganduan\vendor\codeigniter4\framework\system\CodeIgniter.php(432): CodeIgniter\CodeIgniter->runController(Object(App\Controllers\Petugas))
#2 D:\CI4\Penganduan\vendor\codeigniter4\framework\system\CodeIgniter.php(333): CodeIgniter\CodeIgniter->handleRequest(NULL, Object(Config\Cache), false)
#3 D:\CI4\Penganduan\public\index.php(44): CodeIgniter\CodeIgniter->run()
#4 D:\CI4\Penganduan\vendor\codeigniter4\framework\system\Commands\Server\rewrite.php(45): require_once('D:\\CI4\\Pengandu...')
#5 {main}
CRITICAL - 2021-03-07 08:44:09 --> Call to undefined method App\Controllers\Petugas::where()
#0 D:\CI4\Penganduan\vendor\codeigniter4\framework\system\CodeIgniter.php(936): App\Controllers\Petugas->login()
#1 D:\CI4\Penganduan\vendor\codeigniter4\framework\system\CodeIgniter.php(432): CodeIgniter\CodeIgniter->runController(Object(App\Controllers\Petugas))
#2 D:\CI4\Penganduan\vendor\codeigniter4\framework\system\CodeIgniter.php(333): CodeIgniter\CodeIgniter->handleRequest(NULL, Object(Config\Cache), false)
#3 D:\CI4\Penganduan\public\index.php(44): CodeIgniter\CodeIgniter->run()
#4 D:\CI4\Penganduan\vendor\codeigniter4\framework\system\Commands\Server\rewrite.php(45): require_once('D:\\CI4\\Pengandu...')
#5 {main}
CRITICAL - 2021-03-07 08:58:01 --> Undefined property: App\Controllers\Petugas::$where
#0 D:\CI4\Penganduan\app\Controllers\Petugas.php(24): CodeIgniter\Debug\Exceptions->errorHandler(8, 'Undefined prope...', 'D:\\CI4\\Pengandu...', 24, Array)
#1 D:\CI4\Penganduan\vendor\codeigniter4\framework\system\CodeIgniter.php(936): App\Controllers\Petugas->login()
#2 D:\CI4\Penganduan\vendor\codeigniter4\framework\system\CodeIgniter.php(432): CodeIgniter\CodeIgniter->runController(Object(App\Controllers\Petugas))
#3 D:\CI4\Penganduan\vendor\codeigniter4\framework\system\CodeIgniter.php(333): CodeIgniter\CodeIgniter->handleRequest(NULL, Object(Config\Cache), false)
#4 D:\CI4\Penganduan\public\index.php(44): CodeIgniter\CodeIgniter->run()
#5 D:\CI4\Penganduan\vendor\codeigniter4\framework\system\Commands\Server\rewrite.php(45): require_once('D:\\CI4\\Pengandu...')
#6 {main}
CRITICAL - 2021-03-07 08:58:16 --> Undefined property: App\Controllers\Petugas::$where
#0 D:\CI4\Penganduan\app\Controllers\Petugas.php(24): CodeIgniter\Debug\Exceptions->errorHandler(8, 'Undefined prope...', 'D:\\CI4\\Pengandu...', 24, Array)
#1 D:\CI4\Penganduan\vendor\codeigniter4\framework\system\CodeIgniter.php(936): App\Controllers\Petugas->login()
#2 D:\CI4\Penganduan\vendor\codeigniter4\framework\system\CodeIgniter.php(432): CodeIgniter\CodeIgniter->runController(Object(App\Controllers\Petugas))
#3 D:\CI4\Penganduan\vendor\codeigniter4\framework\system\CodeIgniter.php(333): CodeIgniter\CodeIgniter->handleRequest(NULL, Object(Config\Cache), false)
#4 D:\CI4\Penganduan\public\index.php(44): CodeIgniter\CodeIgniter->run()
#5 D:\CI4\Penganduan\vendor\codeigniter4\framework\system\Commands\Server\rewrite.php(45): require_once('D:\\CI4\\Pengandu...')
#6 {main}
CRITICAL - 2021-03-07 09:03:40 --> Undefined property: App\Controllers\Petugas::$where
#0 D:\CI4\Penganduan\app\Controllers\Petugas.php(25): CodeIgniter\Debug\Exceptions->errorHandler(8, 'Undefined prope...', 'D:\\CI4\\Pengandu...', 25, Array)
#1 D:\CI4\Penganduan\vendor\codeigniter4\framework\system\CodeIgniter.php(936): App\Controllers\Petugas->login()
#2 D:\CI4\Penganduan\vendor\codeigniter4\framework\system\CodeIgniter.php(432): CodeIgniter\CodeIgniter->runController(Object(App\Controllers\Petugas))
#3 D:\CI4\Penganduan\vendor\codeigniter4\framework\system\CodeIgniter.php(333): CodeIgniter\CodeIgniter->handleRequest(NULL, Object(Config\Cache), false)
#4 D:\CI4\Penganduan\public\index.php(44): CodeIgniter\CodeIgniter->run()
#5 D:\CI4\Penganduan\vendor\codeigniter4\framework\system\Commands\Server\rewrite.php(45): require_once('D:\\CI4\\Pengandu...')
#6 {main}
CRITICAL - 2021-03-07 09:05:50 --> Undefined property: App\Controllers\Petugas::$where
#0 D:\CI4\Penganduan\app\Controllers\Petugas.php(25): CodeIgniter\Debug\Exceptions->errorHandler(8, 'Undefined prope...', 'D:\\CI4\\Pengandu...', 25, Array)
#1 D:\CI4\Penganduan\vendor\codeigniter4\framework\system\CodeIgniter.php(936): App\Controllers\Petugas->login()
#2 D:\CI4\Penganduan\vendor\codeigniter4\framework\system\CodeIgniter.php(432): CodeIgniter\CodeIgniter->runController(Object(App\Controllers\Petugas))
#3 D:\CI4\Penganduan\vendor\codeigniter4\framework\system\CodeIgniter.php(333): CodeIgniter\CodeIgniter->handleRequest(NULL, Object(Config\Cache), false)
#4 D:\CI4\Penganduan\public\index.php(44): CodeIgniter\CodeIgniter->run()
#5 D:\CI4\Penganduan\vendor\codeigniter4\framework\system\Commands\Server\rewrite.php(45): require_once('D:\\CI4\\Pengandu...')
#6 {main}
CRITICAL - 2021-03-07 09:07:03 --> Call to undefined method App\Controllers\Petugas::where()
#0 D:\CI4\Penganduan\vendor\codeigniter4\framework\system\CodeIgniter.php(936): App\Controllers\Petugas->login()
#1 D:\CI4\Penganduan\vendor\codeigniter4\framework\system\CodeIgniter.php(432): CodeIgniter\CodeIgniter->runController(Object(App\Controllers\Petugas))
#2 D:\CI4\Penganduan\vendor\codeigniter4\framework\system\CodeIgniter.php(333): CodeIgniter\CodeIgniter->handleRequest(NULL, Object(Config\Cache), false)
#3 D:\CI4\Penganduan\public\index.php(44): CodeIgniter\CodeIgniter->run()
#4 D:\CI4\Penganduan\vendor\codeigniter4\framework\system\Commands\Server\rewrite.php(45): require_once('D:\\CI4\\Pengandu...')
#5 {main}
