CRITICAL - 2021-03-04 21:45:14 --> syntax error, unexpected '}', expecting ';'
#0 D:\CI4\Penganduan\vendor\codeigniter4\framework\system\Autoloader\Autoloader.php(265): CodeIgniter\Autoloader\Autoloader->includeFile('D:\\CI4\\Pengandu...')
#1 D:\CI4\Penganduan\vendor\codeigniter4\framework\system\Autoloader\Autoloader.php(228): CodeIgniter\Autoloader\Autoloader->loadInNamespace('App\\Controllers...')
#2 [internal function]: CodeIgniter\Autoloader\Autoloader->loadClass('App\\Controllers...')
#3 [internal function]: spl_autoload_call('App\\Controllers...')
#4 D:\CI4\Penganduan\vendor\codeigniter4\framework\system\CodeIgniter.php(893): class_exists('\\App\\Controller...', true)
#5 D:\CI4\Penganduan\vendor\codeigniter4\framework\system\CodeIgniter.php(417): CodeIgniter\CodeIgniter->startController()
#6 D:\CI4\Penganduan\vendor\codeigniter4\framework\system\CodeIgniter.php(333): CodeIgniter\CodeIgniter->handleRequest(NULL, Object(Config\Cache), false)
#7 D:\CI4\Penganduan\public\index.php(44): CodeIgniter\CodeIgniter->run()
#8 D:\CI4\Penganduan\vendor\codeigniter4\framework\system\Commands\Server\rewrite.php(45): require_once('D:\\CI4\\Pengandu...')
#9 {main}
CRITICAL - 2021-03-04 21:46:31 --> syntax error, unexpected '}', expecting ';'
#0 D:\CI4\Penganduan\vendor\codeigniter4\framework\system\Autoloader\Autoloader.php(265): CodeIgniter\Autoloader\Autoloader->includeFile('D:\\CI4\\Pengandu...')
#1 D:\CI4\Penganduan\vendor\codeigniter4\framework\system\Autoloader\Autoloader.php(228): CodeIgniter\Autoloader\Autoloader->loadInNamespace('App\\Controllers...')
#2 [internal function]: CodeIgniter\Autoloader\Autoloader->loadClass('App\\Controllers...')
#3 [internal function]: spl_autoload_call('App\\Controllers...')
#4 D:\CI4\Penganduan\vendor\codeigniter4\framework\system\CodeIgniter.php(893): class_exists('\\App\\Controller...', true)
#5 D:\CI4\Penganduan\vendor\codeigniter4\framework\system\CodeIgniter.php(417): CodeIgniter\CodeIgniter->startController()
#6 D:\CI4\Penganduan\vendor\codeigniter4\framework\system\CodeIgniter.php(333): CodeIgniter\CodeIgniter->handleRequest(NULL, Object(Config\Cache), false)
#7 D:\CI4\Penganduan\public\index.php(44): CodeIgniter\CodeIgniter->run()
#8 D:\CI4\Penganduan\vendor\codeigniter4\framework\system\Commands\Server\rewrite.php(45): require_once('D:\\CI4\\Pengandu...')
#9 {main}
CRITICAL - 2021-03-04 21:57:52 --> syntax error, unexpected '}', expecting ';'
#0 D:\CI4\Penganduan\vendor\codeigniter4\framework\system\Autoloader\Autoloader.php(265): CodeIgniter\Autoloader\Autoloader->includeFile('D:\\CI4\\Pengandu...')
#1 D:\CI4\Penganduan\vendor\codeigniter4\framework\system\Autoloader\Autoloader.php(228): CodeIgniter\Autoloader\Autoloader->loadInNamespace('App\\Controllers...')
#2 [internal function]: CodeIgniter\Autoloader\Autoloader->loadClass('App\\Controllers...')
#3 [internal function]: spl_autoload_call('App\\Controllers...')
#4 D:\CI4\Penganduan\vendor\codeigniter4\framework\system\CodeIgniter.php(893): class_exists('\\App\\Controller...', true)
#5 D:\CI4\Penganduan\vendor\codeigniter4\framework\system\CodeIgniter.php(417): CodeIgniter\CodeIgniter->startController()
#6 D:\CI4\Penganduan\vendor\codeigniter4\framework\system\CodeIgniter.php(333): CodeIgniter\CodeIgniter->handleRequest(NULL, Object(Config\Cache), false)
#7 D:\CI4\Penganduan\public\index.php(44): CodeIgniter\CodeIgniter->run()
#8 D:\CI4\Penganduan\vendor\codeigniter4\framework\system\Commands\Server\rewrite.php(45): require_once('D:\\CI4\\Pengandu...')
#9 {main}
