ERROR - 2021-03-30 06:17:43 --> mysqli_sql_exception: Column 'id_pengaduan' in where clause is ambiguous in D:\CI4\Pengaduan\vendor\codeigniter4\framework\system\Database\MySQLi\Connection.php:314
Stack trace:
#0 D:\CI4\Pengaduan\vendor\codeigniter4\framework\system\Database\MySQLi\Connection.php(314): mysqli->query('SELECT *\nFROM `...')
#1 D:\CI4\Pengaduan\vendor\codeigniter4\framework\system\Database\BaseConnection.php(713): CodeIgniter\Database\MySQLi\Connection->execute('SELECT *\nFROM `...')
#2 D:\CI4\Pengaduan\vendor\codeigniter4\framework\system\Database\BaseConnection.php(641): CodeIgniter\Database\BaseConnection->simpleQuery('SELECT *\nFROM `...')
#3 D:\CI4\Pengaduan\vendor\codeigniter4\framework\system\Database\BaseBuilder.php(1866): CodeIgniter\Database\BaseConnection->query('SELECT *\nFROM `...', Array, false)
#4 D:\CI4\Pengaduan\vendor\codeigniter4\framework\system\Model.php(213): CodeIgniter\Database\BaseBuilder->get()
#5 D:\CI4\Pengaduan\vendor\codeigniter4\framework\system\BaseModel.php(583): CodeIgniter\Model->doFindAll(0, 0)
#6 D:\CI4\Pengaduan\app\Controllers\Controllermasyarakat.php(120): CodeIgniter\BaseModel->findAll()
#7 D:\CI4\Pengaduan\vendor\codeigniter4\framework\system\CodeIgniter.php(936): App\Controllers\Controllermasyarakat->tampilrespon('23')
#8 D:\CI4\Pengaduan\vendor\codeigniter4\framework\system\CodeIgniter.php(432): CodeIgniter\CodeIgniter->runController(Object(App\Controllers\Controllermasyarakat))
#9 D:\CI4\Pengaduan\vendor\codeigniter4\framework\system\CodeIgniter.php(333): CodeIgniter\CodeIgniter->handleRequest(NULL, Object(Config\Cache), false)
#10 D:\CI4\Pengaduan\public\index.php(44): CodeIgniter\CodeIgniter->run()
#11 D:\CI4\Pengaduan\vendor\codeigniter4\framework\system\Commands\Server\rewrite.php(45): require_once('D:\\CI4\\Pengadua...')
#12 {main}
CRITICAL - 2021-03-30 06:17:43 --> Column 'id_pengaduan' in where clause is ambiguous
#0 D:\CI4\Pengaduan\vendor\codeigniter4\framework\system\Database\MySQLi\Connection.php(314): mysqli->query('SELECT *\nFROM `...')
#1 D:\CI4\Pengaduan\vendor\codeigniter4\framework\system\Database\BaseConnection.php(713): CodeIgniter\Database\MySQLi\Connection->execute('SELECT *\nFROM `...')
#2 D:\CI4\Pengaduan\vendor\codeigniter4\framework\system\Database\BaseConnection.php(641): CodeIgniter\Database\BaseConnection->simpleQuery('SELECT *\nFROM `...')
#3 D:\CI4\Pengaduan\vendor\codeigniter4\framework\system\Database\BaseBuilder.php(1866): CodeIgniter\Database\BaseConnection->query('SELECT *\nFROM `...', Array, false)
#4 D:\CI4\Pengaduan\vendor\codeigniter4\framework\system\Model.php(213): CodeIgniter\Database\BaseBuilder->get()
#5 D:\CI4\Pengaduan\vendor\codeigniter4\framework\system\BaseModel.php(583): CodeIgniter\Model->doFindAll(0, 0)
#6 D:\CI4\Pengaduan\app\Controllers\Controllermasyarakat.php(120): CodeIgniter\BaseModel->findAll()
#7 D:\CI4\Pengaduan\vendor\codeigniter4\framework\system\CodeIgniter.php(936): App\Controllers\Controllermasyarakat->tampilrespon('23')
#8 D:\CI4\Pengaduan\vendor\codeigniter4\framework\system\CodeIgniter.php(432): CodeIgniter\CodeIgniter->runController(Object(App\Controllers\Controllermasyarakat))
#9 D:\CI4\Pengaduan\vendor\codeigniter4\framework\system\CodeIgniter.php(333): CodeIgniter\CodeIgniter->handleRequest(NULL, Object(Config\Cache), false)
#10 D:\CI4\Pengaduan\public\index.php(44): CodeIgniter\CodeIgniter->run()
#11 D:\CI4\Pengaduan\vendor\codeigniter4\framework\system\Commands\Server\rewrite.php(45): require_once('D:\\CI4\\Pengadua...')
#12 {main}
ERROR - 2021-03-30 06:21:00 --> mysqli_sql_exception: Column 'id_pengaduan' in where clause is ambiguous in D:\CI4\Pengaduan\vendor\codeigniter4\framework\system\Database\MySQLi\Connection.php:314
Stack trace:
#0 D:\CI4\Pengaduan\vendor\codeigniter4\framework\system\Database\MySQLi\Connection.php(314): mysqli->query('SELECT *\nFROM `...')
#1 D:\CI4\Pengaduan\vendor\codeigniter4\framework\system\Database\BaseConnection.php(713): CodeIgniter\Database\MySQLi\Connection->execute('SELECT *\nFROM `...')
#2 D:\CI4\Pengaduan\vendor\codeigniter4\framework\system\Database\BaseConnection.php(641): CodeIgniter\Database\BaseConnection->simpleQuery('SELECT *\nFROM `...')
#3 D:\CI4\Pengaduan\vendor\codeigniter4\framework\system\Database\BaseBuilder.php(1866): CodeIgniter\Database\BaseConnection->query('SELECT *\nFROM `...', Array, false)
#4 D:\CI4\Pengaduan\vendor\codeigniter4\framework\system\Model.php(213): CodeIgniter\Database\BaseBuilder->get()
#5 D:\CI4\Pengaduan\vendor\codeigniter4\framework\system\BaseModel.php(583): CodeIgniter\Model->doFindAll(0, 0)
#6 D:\CI4\Pengaduan\app\Controllers\Controllermasyarakat.php(120): CodeIgniter\BaseModel->findAll()
#7 D:\CI4\Pengaduan\vendor\codeigniter4\framework\system\CodeIgniter.php(936): App\Controllers\Controllermasyarakat->tampilrespon('23')
#8 D:\CI4\Pengaduan\vendor\codeigniter4\framework\system\CodeIgniter.php(432): CodeIgniter\CodeIgniter->runController(Object(App\Controllers\Controllermasyarakat))
#9 D:\CI4\Pengaduan\vendor\codeigniter4\framework\system\CodeIgniter.php(333): CodeIgniter\CodeIgniter->handleRequest(NULL, Object(Config\Cache), false)
#10 D:\CI4\Pengaduan\public\index.php(44): CodeIgniter\CodeIgniter->run()
#11 D:\CI4\Pengaduan\vendor\codeigniter4\framework\system\Commands\Server\rewrite.php(45): require_once('D:\\CI4\\Pengadua...')
#12 {main}
CRITICAL - 2021-03-30 06:21:00 --> Column 'id_pengaduan' in where clause is ambiguous
#0 D:\CI4\Pengaduan\vendor\codeigniter4\framework\system\Database\MySQLi\Connection.php(314): mysqli->query('SELECT *\nFROM `...')
#1 D:\CI4\Pengaduan\vendor\codeigniter4\framework\system\Database\BaseConnection.php(713): CodeIgniter\Database\MySQLi\Connection->execute('SELECT *\nFROM `...')
#2 D:\CI4\Pengaduan\vendor\codeigniter4\framework\system\Database\BaseConnection.php(641): CodeIgniter\Database\BaseConnection->simpleQuery('SELECT *\nFROM `...')
#3 D:\CI4\Pengaduan\vendor\codeigniter4\framework\system\Database\BaseBuilder.php(1866): CodeIgniter\Database\BaseConnection->query('SELECT *\nFROM `...', Array, false)
#4 D:\CI4\Pengaduan\vendor\codeigniter4\framework\system\Model.php(213): CodeIgniter\Database\BaseBuilder->get()
#5 D:\CI4\Pengaduan\vendor\codeigniter4\framework\system\BaseModel.php(583): CodeIgniter\Model->doFindAll(0, 0)
#6 D:\CI4\Pengaduan\app\Controllers\Controllermasyarakat.php(120): CodeIgniter\BaseModel->findAll()
#7 D:\CI4\Pengaduan\vendor\codeigniter4\framework\system\CodeIgniter.php(936): App\Controllers\Controllermasyarakat->tampilrespon('23')
#8 D:\CI4\Pengaduan\vendor\codeigniter4\framework\system\CodeIgniter.php(432): CodeIgniter\CodeIgniter->runController(Object(App\Controllers\Controllermasyarakat))
#9 D:\CI4\Pengaduan\vendor\codeigniter4\framework\system\CodeIgniter.php(333): CodeIgniter\CodeIgniter->handleRequest(NULL, Object(Config\Cache), false)
#10 D:\CI4\Pengaduan\public\index.php(44): CodeIgniter\CodeIgniter->run()
#11 D:\CI4\Pengaduan\vendor\codeigniter4\framework\system\Commands\Server\rewrite.php(45): require_once('D:\\CI4\\Pengadua...')
#12 {main}
ERROR - 2021-03-30 06:21:21 --> mysqli_sql_exception: Column 'id_pengaduan' in where clause is ambiguous in D:\CI4\Pengaduan\vendor\codeigniter4\framework\system\Database\MySQLi\Connection.php:314
Stack trace:
#0 D:\CI4\Pengaduan\vendor\codeigniter4\framework\system\Database\MySQLi\Connection.php(314): mysqli->query('SELECT *\nFROM `...')
#1 D:\CI4\Pengaduan\vendor\codeigniter4\framework\system\Database\BaseConnection.php(713): CodeIgniter\Database\MySQLi\Connection->execute('SELECT *\nFROM `...')
#2 D:\CI4\Pengaduan\vendor\codeigniter4\framework\system\Database\BaseConnection.php(641): CodeIgniter\Database\BaseConnection->simpleQuery('SELECT *\nFROM `...')
#3 D:\CI4\Pengaduan\vendor\codeigniter4\framework\system\Database\BaseBuilder.php(1866): CodeIgniter\Database\BaseConnection->query('SELECT *\nFROM `...', Array, false)
#4 D:\CI4\Pengaduan\vendor\codeigniter4\framework\system\Model.php(213): CodeIgniter\Database\BaseBuilder->get()
#5 D:\CI4\Pengaduan\vendor\codeigniter4\framework\system\BaseModel.php(583): CodeIgniter\Model->doFindAll(0, 0)
#6 D:\CI4\Pengaduan\app\Controllers\Controllermasyarakat.php(119): CodeIgniter\BaseModel->findAll()
#7 D:\CI4\Pengaduan\vendor\codeigniter4\framework\system\CodeIgniter.php(936): App\Controllers\Controllermasyarakat->tampilrespon('23')
#8 D:\CI4\Pengaduan\vendor\codeigniter4\framework\system\CodeIgniter.php(432): CodeIgniter\CodeIgniter->runController(Object(App\Controllers\Controllermasyarakat))
#9 D:\CI4\Pengaduan\vendor\codeigniter4\framework\system\CodeIgniter.php(333): CodeIgniter\CodeIgniter->handleRequest(NULL, Object(Config\Cache), false)
#10 D:\CI4\Pengaduan\public\index.php(44): CodeIgniter\CodeIgniter->run()
#11 D:\CI4\Pengaduan\vendor\codeigniter4\framework\system\Commands\Server\rewrite.php(45): require_once('D:\\CI4\\Pengadua...')
#12 {main}
CRITICAL - 2021-03-30 06:21:21 --> Column 'id_pengaduan' in where clause is ambiguous
#0 D:\CI4\Pengaduan\vendor\codeigniter4\framework\system\Database\MySQLi\Connection.php(314): mysqli->query('SELECT *\nFROM `...')
#1 D:\CI4\Pengaduan\vendor\codeigniter4\framework\system\Database\BaseConnection.php(713): CodeIgniter\Database\MySQLi\Connection->execute('SELECT *\nFROM `...')
#2 D:\CI4\Pengaduan\vendor\codeigniter4\framework\system\Database\BaseConnection.php(641): CodeIgniter\Database\BaseConnection->simpleQuery('SELECT *\nFROM `...')
#3 D:\CI4\Pengaduan\vendor\codeigniter4\framework\system\Database\BaseBuilder.php(1866): CodeIgniter\Database\BaseConnection->query('SELECT *\nFROM `...', Array, false)
#4 D:\CI4\Pengaduan\vendor\codeigniter4\framework\system\Model.php(213): CodeIgniter\Database\BaseBuilder->get()
#5 D:\CI4\Pengaduan\vendor\codeigniter4\framework\system\BaseModel.php(583): CodeIgniter\Model->doFindAll(0, 0)
#6 D:\CI4\Pengaduan\app\Controllers\Controllermasyarakat.php(119): CodeIgniter\BaseModel->findAll()
#7 D:\CI4\Pengaduan\vendor\codeigniter4\framework\system\CodeIgniter.php(936): App\Controllers\Controllermasyarakat->tampilrespon('23')
#8 D:\CI4\Pengaduan\vendor\codeigniter4\framework\system\CodeIgniter.php(432): CodeIgniter\CodeIgniter->runController(Object(App\Controllers\Controllermasyarakat))
#9 D:\CI4\Pengaduan\vendor\codeigniter4\framework\system\CodeIgniter.php(333): CodeIgniter\CodeIgniter->handleRequest(NULL, Object(Config\Cache), false)
#10 D:\CI4\Pengaduan\public\index.php(44): CodeIgniter\CodeIgniter->run()
#11 D:\CI4\Pengaduan\vendor\codeigniter4\framework\system\Commands\Server\rewrite.php(45): require_once('D:\\CI4\\Pengadua...')
#12 {main}
ERROR - 2021-03-30 06:21:22 --> mysqli_sql_exception: Column 'id_pengaduan' in where clause is ambiguous in D:\CI4\Pengaduan\vendor\codeigniter4\framework\system\Database\MySQLi\Connection.php:314
Stack trace:
#0 D:\CI4\Pengaduan\vendor\codeigniter4\framework\system\Database\MySQLi\Connection.php(314): mysqli->query('SELECT *\nFROM `...')
#1 D:\CI4\Pengaduan\vendor\codeigniter4\framework\system\Database\BaseConnection.php(713): CodeIgniter\Database\MySQLi\Connection->execute('SELECT *\nFROM `...')
#2 D:\CI4\Pengaduan\vendor\codeigniter4\framework\system\Database\BaseConnection.php(641): CodeIgniter\Database\BaseConnection->simpleQuery('SELECT *\nFROM `...')
#3 D:\CI4\Pengaduan\vendor\codeigniter4\framework\system\Database\BaseBuilder.php(1866): CodeIgniter\Database\BaseConnection->query('SELECT *\nFROM `...', Array, false)
#4 D:\CI4\Pengaduan\vendor\codeigniter4\framework\system\Model.php(213): CodeIgniter\Database\BaseBuilder->get()
#5 D:\CI4\Pengaduan\vendor\codeigniter4\framework\system\BaseModel.php(583): CodeIgniter\Model->doFindAll(0, 0)
#6 D:\CI4\Pengaduan\app\Controllers\Controllermasyarakat.php(119): CodeIgniter\BaseModel->findAll()
#7 D:\CI4\Pengaduan\vendor\codeigniter4\framework\system\CodeIgniter.php(936): App\Controllers\Controllermasyarakat->tampilrespon('23')
#8 D:\CI4\Pengaduan\vendor\codeigniter4\framework\system\CodeIgniter.php(432): CodeIgniter\CodeIgniter->runController(Object(App\Controllers\Controllermasyarakat))
#9 D:\CI4\Pengaduan\vendor\codeigniter4\framework\system\CodeIgniter.php(333): CodeIgniter\CodeIgniter->handleRequest(NULL, Object(Config\Cache), false)
#10 D:\CI4\Pengaduan\public\index.php(44): CodeIgniter\CodeIgniter->run()
#11 D:\CI4\Pengaduan\vendor\codeigniter4\framework\system\Commands\Server\rewrite.php(45): require_once('D:\\CI4\\Pengadua...')
#12 {main}
CRITICAL - 2021-03-30 06:21:22 --> Column 'id_pengaduan' in where clause is ambiguous
#0 D:\CI4\Pengaduan\vendor\codeigniter4\framework\system\Database\MySQLi\Connection.php(314): mysqli->query('SELECT *\nFROM `...')
#1 D:\CI4\Pengaduan\vendor\codeigniter4\framework\system\Database\BaseConnection.php(713): CodeIgniter\Database\MySQLi\Connection->execute('SELECT *\nFROM `...')
#2 D:\CI4\Pengaduan\vendor\codeigniter4\framework\system\Database\BaseConnection.php(641): CodeIgniter\Database\BaseConnection->simpleQuery('SELECT *\nFROM `...')
#3 D:\CI4\Pengaduan\vendor\codeigniter4\framework\system\Database\BaseBuilder.php(1866): CodeIgniter\Database\BaseConnection->query('SELECT *\nFROM `...', Array, false)
#4 D:\CI4\Pengaduan\vendor\codeigniter4\framework\system\Model.php(213): CodeIgniter\Database\BaseBuilder->get()
#5 D:\CI4\Pengaduan\vendor\codeigniter4\framework\system\BaseModel.php(583): CodeIgniter\Model->doFindAll(0, 0)
#6 D:\CI4\Pengaduan\app\Controllers\Controllermasyarakat.php(119): CodeIgniter\BaseModel->findAll()
#7 D:\CI4\Pengaduan\vendor\codeigniter4\framework\system\CodeIgniter.php(936): App\Controllers\Controllermasyarakat->tampilrespon('23')
#8 D:\CI4\Pengaduan\vendor\codeigniter4\framework\system\CodeIgniter.php(432): CodeIgniter\CodeIgniter->runController(Object(App\Controllers\Controllermasyarakat))
#9 D:\CI4\Pengaduan\vendor\codeigniter4\framework\system\CodeIgniter.php(333): CodeIgniter\CodeIgniter->handleRequest(NULL, Object(Config\Cache), false)
#10 D:\CI4\Pengaduan\public\index.php(44): CodeIgniter\CodeIgniter->run()
#11 D:\CI4\Pengaduan\vendor\codeigniter4\framework\system\Commands\Server\rewrite.php(45): require_once('D:\\CI4\\Pengadua...')
#12 {main}
ERROR - 2021-03-30 06:21:22 --> mysqli_sql_exception: Column 'id_pengaduan' in where clause is ambiguous in D:\CI4\Pengaduan\vendor\codeigniter4\framework\system\Database\MySQLi\Connection.php:314
Stack trace:
#0 D:\CI4\Pengaduan\vendor\codeigniter4\framework\system\Database\MySQLi\Connection.php(314): mysqli->query('SELECT *\nFROM `...')
#1 D:\CI4\Pengaduan\vendor\codeigniter4\framework\system\Database\BaseConnection.php(713): CodeIgniter\Database\MySQLi\Connection->execute('SELECT *\nFROM `...')
#2 D:\CI4\Pengaduan\vendor\codeigniter4\framework\system\Database\BaseConnection.php(641): CodeIgniter\Database\BaseConnection->simpleQuery('SELECT *\nFROM `...')
#3 D:\CI4\Pengaduan\vendor\codeigniter4\framework\system\Database\BaseBuilder.php(1866): CodeIgniter\Database\BaseConnection->query('SELECT *\nFROM `...', Array, false)
#4 D:\CI4\Pengaduan\vendor\codeigniter4\framework\system\Model.php(213): CodeIgniter\Database\BaseBuilder->get()
#5 D:\CI4\Pengaduan\vendor\codeigniter4\framework\system\BaseModel.php(583): CodeIgniter\Model->doFindAll(0, 0)
#6 D:\CI4\Pengaduan\app\Controllers\Controllermasyarakat.php(119): CodeIgniter\BaseModel->findAll()
#7 D:\CI4\Pengaduan\vendor\codeigniter4\framework\system\CodeIgniter.php(936): App\Controllers\Controllermasyarakat->tampilrespon('23')
#8 D:\CI4\Pengaduan\vendor\codeigniter4\framework\system\CodeIgniter.php(432): CodeIgniter\CodeIgniter->runController(Object(App\Controllers\Controllermasyarakat))
#9 D:\CI4\Pengaduan\vendor\codeigniter4\framework\system\CodeIgniter.php(333): CodeIgniter\CodeIgniter->handleRequest(NULL, Object(Config\Cache), false)
#10 D:\CI4\Pengaduan\public\index.php(44): CodeIgniter\CodeIgniter->run()
#11 D:\CI4\Pengaduan\vendor\codeigniter4\framework\system\Commands\Server\rewrite.php(45): require_once('D:\\CI4\\Pengadua...')
#12 {main}
CRITICAL - 2021-03-30 06:21:22 --> Column 'id_pengaduan' in where clause is ambiguous
#0 D:\CI4\Pengaduan\vendor\codeigniter4\framework\system\Database\MySQLi\Connection.php(314): mysqli->query('SELECT *\nFROM `...')
#1 D:\CI4\Pengaduan\vendor\codeigniter4\framework\system\Database\BaseConnection.php(713): CodeIgniter\Database\MySQLi\Connection->execute('SELECT *\nFROM `...')
#2 D:\CI4\Pengaduan\vendor\codeigniter4\framework\system\Database\BaseConnection.php(641): CodeIgniter\Database\BaseConnection->simpleQuery('SELECT *\nFROM `...')
#3 D:\CI4\Pengaduan\vendor\codeigniter4\framework\system\Database\BaseBuilder.php(1866): CodeIgniter\Database\BaseConnection->query('SELECT *\nFROM `...', Array, false)
#4 D:\CI4\Pengaduan\vendor\codeigniter4\framework\system\Model.php(213): CodeIgniter\Database\BaseBuilder->get()
#5 D:\CI4\Pengaduan\vendor\codeigniter4\framework\system\BaseModel.php(583): CodeIgniter\Model->doFindAll(0, 0)
#6 D:\CI4\Pengaduan\app\Controllers\Controllermasyarakat.php(119): CodeIgniter\BaseModel->findAll()
#7 D:\CI4\Pengaduan\vendor\codeigniter4\framework\system\CodeIgniter.php(936): App\Controllers\Controllermasyarakat->tampilrespon('23')
#8 D:\CI4\Pengaduan\vendor\codeigniter4\framework\system\CodeIgniter.php(432): CodeIgniter\CodeIgniter->runController(Object(App\Controllers\Controllermasyarakat))
#9 D:\CI4\Pengaduan\vendor\codeigniter4\framework\system\CodeIgniter.php(333): CodeIgniter\CodeIgniter->handleRequest(NULL, Object(Config\Cache), false)
#10 D:\CI4\Pengaduan\public\index.php(44): CodeIgniter\CodeIgniter->run()
#11 D:\CI4\Pengaduan\vendor\codeigniter4\framework\system\Commands\Server\rewrite.php(45): require_once('D:\\CI4\\Pengadua...')
#12 {main}
ERROR - 2021-03-30 06:21:22 --> mysqli_sql_exception: Column 'id_pengaduan' in where clause is ambiguous in D:\CI4\Pengaduan\vendor\codeigniter4\framework\system\Database\MySQLi\Connection.php:314
Stack trace:
#0 D:\CI4\Pengaduan\vendor\codeigniter4\framework\system\Database\MySQLi\Connection.php(314): mysqli->query('SELECT *\nFROM `...')
#1 D:\CI4\Pengaduan\vendor\codeigniter4\framework\system\Database\BaseConnection.php(713): CodeIgniter\Database\MySQLi\Connection->execute('SELECT *\nFROM `...')
#2 D:\CI4\Pengaduan\vendor\codeigniter4\framework\system\Database\BaseConnection.php(641): CodeIgniter\Database\BaseConnection->simpleQuery('SELECT *\nFROM `...')
#3 D:\CI4\Pengaduan\vendor\codeigniter4\framework\system\Database\BaseBuilder.php(1866): CodeIgniter\Database\BaseConnection->query('SELECT *\nFROM `...', Array, false)
#4 D:\CI4\Pengaduan\vendor\codeigniter4\framework\system\Model.php(213): CodeIgniter\Database\BaseBuilder->get()
#5 D:\CI4\Pengaduan\vendor\codeigniter4\framework\system\BaseModel.php(583): CodeIgniter\Model->doFindAll(0, 0)
#6 D:\CI4\Pengaduan\app\Controllers\Controllermasyarakat.php(119): CodeIgniter\BaseModel->findAll()
#7 D:\CI4\Pengaduan\vendor\codeigniter4\framework\system\CodeIgniter.php(936): App\Controllers\Controllermasyarakat->tampilrespon('23')
#8 D:\CI4\Pengaduan\vendor\codeigniter4\framework\system\CodeIgniter.php(432): CodeIgniter\CodeIgniter->runController(Object(App\Controllers\Controllermasyarakat))
#9 D:\CI4\Pengaduan\vendor\codeigniter4\framework\system\CodeIgniter.php(333): CodeIgniter\CodeIgniter->handleRequest(NULL, Object(Config\Cache), false)
#10 D:\CI4\Pengaduan\public\index.php(44): CodeIgniter\CodeIgniter->run()
#11 D:\CI4\Pengaduan\vendor\codeigniter4\framework\system\Commands\Server\rewrite.php(45): require_once('D:\\CI4\\Pengadua...')
#12 {main}
CRITICAL - 2021-03-30 06:21:22 --> Column 'id_pengaduan' in where clause is ambiguous
#0 D:\CI4\Pengaduan\vendor\codeigniter4\framework\system\Database\MySQLi\Connection.php(314): mysqli->query('SELECT *\nFROM `...')
#1 D:\CI4\Pengaduan\vendor\codeigniter4\framework\system\Database\BaseConnection.php(713): CodeIgniter\Database\MySQLi\Connection->execute('SELECT *\nFROM `...')
#2 D:\CI4\Pengaduan\vendor\codeigniter4\framework\system\Database\BaseConnection.php(641): CodeIgniter\Database\BaseConnection->simpleQuery('SELECT *\nFROM `...')
#3 D:\CI4\Pengaduan\vendor\codeigniter4\framework\system\Database\BaseBuilder.php(1866): CodeIgniter\Database\BaseConnection->query('SELECT *\nFROM `...', Array, false)
#4 D:\CI4\Pengaduan\vendor\codeigniter4\framework\system\Model.php(213): CodeIgniter\Database\BaseBuilder->get()
#5 D:\CI4\Pengaduan\vendor\codeigniter4\framework\system\BaseModel.php(583): CodeIgniter\Model->doFindAll(0, 0)
#6 D:\CI4\Pengaduan\app\Controllers\Controllermasyarakat.php(119): CodeIgniter\BaseModel->findAll()
#7 D:\CI4\Pengaduan\vendor\codeigniter4\framework\system\CodeIgniter.php(936): App\Controllers\Controllermasyarakat->tampilrespon('23')
#8 D:\CI4\Pengaduan\vendor\codeigniter4\framework\system\CodeIgniter.php(432): CodeIgniter\CodeIgniter->runController(Object(App\Controllers\Controllermasyarakat))
#9 D:\CI4\Pengaduan\vendor\codeigniter4\framework\system\CodeIgniter.php(333): CodeIgniter\CodeIgniter->handleRequest(NULL, Object(Config\Cache), false)
#10 D:\CI4\Pengaduan\public\index.php(44): CodeIgniter\CodeIgniter->run()
#11 D:\CI4\Pengaduan\vendor\codeigniter4\framework\system\Commands\Server\rewrite.php(45): require_once('D:\\CI4\\Pengadua...')
#12 {main}
ERROR - 2021-03-30 06:21:22 --> mysqli_sql_exception: Column 'id_pengaduan' in where clause is ambiguous in D:\CI4\Pengaduan\vendor\codeigniter4\framework\system\Database\MySQLi\Connection.php:314
Stack trace:
#0 D:\CI4\Pengaduan\vendor\codeigniter4\framework\system\Database\MySQLi\Connection.php(314): mysqli->query('SELECT *\nFROM `...')
#1 D:\CI4\Pengaduan\vendor\codeigniter4\framework\system\Database\BaseConnection.php(713): CodeIgniter\Database\MySQLi\Connection->execute('SELECT *\nFROM `...')
#2 D:\CI4\Pengaduan\vendor\codeigniter4\framework\system\Database\BaseConnection.php(641): CodeIgniter\Database\BaseConnection->simpleQuery('SELECT *\nFROM `...')
#3 D:\CI4\Pengaduan\vendor\codeigniter4\framework\system\Database\BaseBuilder.php(1866): CodeIgniter\Database\BaseConnection->query('SELECT *\nFROM `...', Array, false)
#4 D:\CI4\Pengaduan\vendor\codeigniter4\framework\system\Model.php(213): CodeIgniter\Database\BaseBuilder->get()
#5 D:\CI4\Pengaduan\vendor\codeigniter4\framework\system\BaseModel.php(583): CodeIgniter\Model->doFindAll(0, 0)
#6 D:\CI4\Pengaduan\app\Controllers\Controllermasyarakat.php(119): CodeIgniter\BaseModel->findAll()
#7 D:\CI4\Pengaduan\vendor\codeigniter4\framework\system\CodeIgniter.php(936): App\Controllers\Controllermasyarakat->tampilrespon('23')
#8 D:\CI4\Pengaduan\vendor\codeigniter4\framework\system\CodeIgniter.php(432): CodeIgniter\CodeIgniter->runController(Object(App\Controllers\Controllermasyarakat))
#9 D:\CI4\Pengaduan\vendor\codeigniter4\framework\system\CodeIgniter.php(333): CodeIgniter\CodeIgniter->handleRequest(NULL, Object(Config\Cache), false)
#10 D:\CI4\Pengaduan\public\index.php(44): CodeIgniter\CodeIgniter->run()
#11 D:\CI4\Pengaduan\vendor\codeigniter4\framework\system\Commands\Server\rewrite.php(45): require_once('D:\\CI4\\Pengadua...')
#12 {main}
CRITICAL - 2021-03-30 06:21:22 --> Column 'id_pengaduan' in where clause is ambiguous
#0 D:\CI4\Pengaduan\vendor\codeigniter4\framework\system\Database\MySQLi\Connection.php(314): mysqli->query('SELECT *\nFROM `...')
#1 D:\CI4\Pengaduan\vendor\codeigniter4\framework\system\Database\BaseConnection.php(713): CodeIgniter\Database\MySQLi\Connection->execute('SELECT *\nFROM `...')
#2 D:\CI4\Pengaduan\vendor\codeigniter4\framework\system\Database\BaseConnection.php(641): CodeIgniter\Database\BaseConnection->simpleQuery('SELECT *\nFROM `...')
#3 D:\CI4\Pengaduan\vendor\codeigniter4\framework\system\Database\BaseBuilder.php(1866): CodeIgniter\Database\BaseConnection->query('SELECT *\nFROM `...', Array, false)
#4 D:\CI4\Pengaduan\vendor\codeigniter4\framework\system\Model.php(213): CodeIgniter\Database\BaseBuilder->get()
#5 D:\CI4\Pengaduan\vendor\codeigniter4\framework\system\BaseModel.php(583): CodeIgniter\Model->doFindAll(0, 0)
#6 D:\CI4\Pengaduan\app\Controllers\Controllermasyarakat.php(119): CodeIgniter\BaseModel->findAll()
#7 D:\CI4\Pengaduan\vendor\codeigniter4\framework\system\CodeIgniter.php(936): App\Controllers\Controllermasyarakat->tampilrespon('23')
#8 D:\CI4\Pengaduan\vendor\codeigniter4\framework\system\CodeIgniter.php(432): CodeIgniter\CodeIgniter->runController(Object(App\Controllers\Controllermasyarakat))
#9 D:\CI4\Pengaduan\vendor\codeigniter4\framework\system\CodeIgniter.php(333): CodeIgniter\CodeIgniter->handleRequest(NULL, Object(Config\Cache), false)
#10 D:\CI4\Pengaduan\public\index.php(44): CodeIgniter\CodeIgniter->run()
#11 D:\CI4\Pengaduan\vendor\codeigniter4\framework\system\Commands\Server\rewrite.php(45): require_once('D:\\CI4\\Pengadua...')
#12 {main}
ERROR - 2021-03-30 06:21:26 --> mysqli_sql_exception: Column 'id_pengaduan' in where clause is ambiguous in D:\CI4\Pengaduan\vendor\codeigniter4\framework\system\Database\MySQLi\Connection.php:314
Stack trace:
#0 D:\CI4\Pengaduan\vendor\codeigniter4\framework\system\Database\MySQLi\Connection.php(314): mysqli->query('SELECT *\nFROM `...')
#1 D:\CI4\Pengaduan\vendor\codeigniter4\framework\system\Database\BaseConnection.php(713): CodeIgniter\Database\MySQLi\Connection->execute('SELECT *\nFROM `...')
#2 D:\CI4\Pengaduan\vendor\codeigniter4\framework\system\Database\BaseConnection.php(641): CodeIgniter\Database\BaseConnection->simpleQuery('SELECT *\nFROM `...')
#3 D:\CI4\Pengaduan\vendor\codeigniter4\framework\system\Database\BaseBuilder.php(1866): CodeIgniter\Database\BaseConnection->query('SELECT *\nFROM `...', Array, false)
#4 D:\CI4\Pengaduan\vendor\codeigniter4\framework\system\Model.php(213): CodeIgniter\Database\BaseBuilder->get()
#5 D:\CI4\Pengaduan\vendor\codeigniter4\framework\system\BaseModel.php(583): CodeIgniter\Model->doFindAll(0, 0)
#6 D:\CI4\Pengaduan\app\Controllers\Controllermasyarakat.php(119): CodeIgniter\BaseModel->findAll()
#7 D:\CI4\Pengaduan\vendor\codeigniter4\framework\system\CodeIgniter.php(936): App\Controllers\Controllermasyarakat->tampilrespon('23')
#8 D:\CI4\Pengaduan\vendor\codeigniter4\framework\system\CodeIgniter.php(432): CodeIgniter\CodeIgniter->runController(Object(App\Controllers\Controllermasyarakat))
#9 D:\CI4\Pengaduan\vendor\codeigniter4\framework\system\CodeIgniter.php(333): CodeIgniter\CodeIgniter->handleRequest(NULL, Object(Config\Cache), false)
#10 D:\CI4\Pengaduan\public\index.php(44): CodeIgniter\CodeIgniter->run()
#11 D:\CI4\Pengaduan\vendor\codeigniter4\framework\system\Commands\Server\rewrite.php(45): require_once('D:\\CI4\\Pengadua...')
#12 {main}
CRITICAL - 2021-03-30 06:21:26 --> Column 'id_pengaduan' in where clause is ambiguous
#0 D:\CI4\Pengaduan\vendor\codeigniter4\framework\system\Database\MySQLi\Connection.php(314): mysqli->query('SELECT *\nFROM `...')
#1 D:\CI4\Pengaduan\vendor\codeigniter4\framework\system\Database\BaseConnection.php(713): CodeIgniter\Database\MySQLi\Connection->execute('SELECT *\nFROM `...')
#2 D:\CI4\Pengaduan\vendor\codeigniter4\framework\system\Database\BaseConnection.php(641): CodeIgniter\Database\BaseConnection->simpleQuery('SELECT *\nFROM `...')
#3 D:\CI4\Pengaduan\vendor\codeigniter4\framework\system\Database\BaseBuilder.php(1866): CodeIgniter\Database\BaseConnection->query('SELECT *\nFROM `...', Array, false)
#4 D:\CI4\Pengaduan\vendor\codeigniter4\framework\system\Model.php(213): CodeIgniter\Database\BaseBuilder->get()
#5 D:\CI4\Pengaduan\vendor\codeigniter4\framework\system\BaseModel.php(583): CodeIgniter\Model->doFindAll(0, 0)
#6 D:\CI4\Pengaduan\app\Controllers\Controllermasyarakat.php(119): CodeIgniter\BaseModel->findAll()
#7 D:\CI4\Pengaduan\vendor\codeigniter4\framework\system\CodeIgniter.php(936): App\Controllers\Controllermasyarakat->tampilrespon('23')
#8 D:\CI4\Pengaduan\vendor\codeigniter4\framework\system\CodeIgniter.php(432): CodeIgniter\CodeIgniter->runController(Object(App\Controllers\Controllermasyarakat))
#9 D:\CI4\Pengaduan\vendor\codeigniter4\framework\system\CodeIgniter.php(333): CodeIgniter\CodeIgniter->handleRequest(NULL, Object(Config\Cache), false)
#10 D:\CI4\Pengaduan\public\index.php(44): CodeIgniter\CodeIgniter->run()
#11 D:\CI4\Pengaduan\vendor\codeigniter4\framework\system\Commands\Server\rewrite.php(45): require_once('D:\\CI4\\Pengadua...')
#12 {main}
ERROR - 2021-03-30 06:21:29 --> mysqli_sql_exception: Column 'id_pengaduan' in where clause is ambiguous in D:\CI4\Pengaduan\vendor\codeigniter4\framework\system\Database\MySQLi\Connection.php:314
Stack trace:
#0 D:\CI4\Pengaduan\vendor\codeigniter4\framework\system\Database\MySQLi\Connection.php(314): mysqli->query('SELECT *\nFROM `...')
#1 D:\CI4\Pengaduan\vendor\codeigniter4\framework\system\Database\BaseConnection.php(713): CodeIgniter\Database\MySQLi\Connection->execute('SELECT *\nFROM `...')
#2 D:\CI4\Pengaduan\vendor\codeigniter4\framework\system\Database\BaseConnection.php(641): CodeIgniter\Database\BaseConnection->simpleQuery('SELECT *\nFROM `...')
#3 D:\CI4\Pengaduan\vendor\codeigniter4\framework\system\Database\BaseBuilder.php(1866): CodeIgniter\Database\BaseConnection->query('SELECT *\nFROM `...', Array, false)
#4 D:\CI4\Pengaduan\vendor\codeigniter4\framework\system\Model.php(213): CodeIgniter\Database\BaseBuilder->get()
#5 D:\CI4\Pengaduan\vendor\codeigniter4\framework\system\BaseModel.php(583): CodeIgniter\Model->doFindAll(0, 0)
#6 D:\CI4\Pengaduan\app\Controllers\Controllermasyarakat.php(119): CodeIgniter\BaseModel->findAll()
#7 D:\CI4\Pengaduan\vendor\codeigniter4\framework\system\CodeIgniter.php(936): App\Controllers\Controllermasyarakat->tampilrespon('23')
#8 D:\CI4\Pengaduan\vendor\codeigniter4\framework\system\CodeIgniter.php(432): CodeIgniter\CodeIgniter->runController(Object(App\Controllers\Controllermasyarakat))
#9 D:\CI4\Pengaduan\vendor\codeigniter4\framework\system\CodeIgniter.php(333): CodeIgniter\CodeIgniter->handleRequest(NULL, Object(Config\Cache), false)
#10 D:\CI4\Pengaduan\public\index.php(44): CodeIgniter\CodeIgniter->run()
#11 D:\CI4\Pengaduan\vendor\codeigniter4\framework\system\Commands\Server\rewrite.php(45): require_once('D:\\CI4\\Pengadua...')
#12 {main}
CRITICAL - 2021-03-30 06:21:29 --> Column 'id_pengaduan' in where clause is ambiguous
#0 D:\CI4\Pengaduan\vendor\codeigniter4\framework\system\Database\MySQLi\Connection.php(314): mysqli->query('SELECT *\nFROM `...')
#1 D:\CI4\Pengaduan\vendor\codeigniter4\framework\system\Database\BaseConnection.php(713): CodeIgniter\Database\MySQLi\Connection->execute('SELECT *\nFROM `...')
#2 D:\CI4\Pengaduan\vendor\codeigniter4\framework\system\Database\BaseConnection.php(641): CodeIgniter\Database\BaseConnection->simpleQuery('SELECT *\nFROM `...')
#3 D:\CI4\Pengaduan\vendor\codeigniter4\framework\system\Database\BaseBuilder.php(1866): CodeIgniter\Database\BaseConnection->query('SELECT *\nFROM `...', Array, false)
#4 D:\CI4\Pengaduan\vendor\codeigniter4\framework\system\Model.php(213): CodeIgniter\Database\BaseBuilder->get()
#5 D:\CI4\Pengaduan\vendor\codeigniter4\framework\system\BaseModel.php(583): CodeIgniter\Model->doFindAll(0, 0)
#6 D:\CI4\Pengaduan\app\Controllers\Controllermasyarakat.php(119): CodeIgniter\BaseModel->findAll()
#7 D:\CI4\Pengaduan\vendor\codeigniter4\framework\system\CodeIgniter.php(936): App\Controllers\Controllermasyarakat->tampilrespon('23')
#8 D:\CI4\Pengaduan\vendor\codeigniter4\framework\system\CodeIgniter.php(432): CodeIgniter\CodeIgniter->runController(Object(App\Controllers\Controllermasyarakat))
#9 D:\CI4\Pengaduan\vendor\codeigniter4\framework\system\CodeIgniter.php(333): CodeIgniter\CodeIgniter->handleRequest(NULL, Object(Config\Cache), false)
#10 D:\CI4\Pengaduan\public\index.php(44): CodeIgniter\CodeIgniter->run()
#11 D:\CI4\Pengaduan\vendor\codeigniter4\framework\system\Commands\Server\rewrite.php(45): require_once('D:\\CI4\\Pengadua...')
#12 {main}
ERROR - 2021-03-30 06:21:30 --> mysqli_sql_exception: Column 'id_pengaduan' in where clause is ambiguous in D:\CI4\Pengaduan\vendor\codeigniter4\framework\system\Database\MySQLi\Connection.php:314
Stack trace:
#0 D:\CI4\Pengaduan\vendor\codeigniter4\framework\system\Database\MySQLi\Connection.php(314): mysqli->query('SELECT *\nFROM `...')
#1 D:\CI4\Pengaduan\vendor\codeigniter4\framework\system\Database\BaseConnection.php(713): CodeIgniter\Database\MySQLi\Connection->execute('SELECT *\nFROM `...')
#2 D:\CI4\Pengaduan\vendor\codeigniter4\framework\system\Database\BaseConnection.php(641): CodeIgniter\Database\BaseConnection->simpleQuery('SELECT *\nFROM `...')
#3 D:\CI4\Pengaduan\vendor\codeigniter4\framework\system\Database\BaseBuilder.php(1866): CodeIgniter\Database\BaseConnection->query('SELECT *\nFROM `...', Array, false)
#4 D:\CI4\Pengaduan\vendor\codeigniter4\framework\system\Model.php(213): CodeIgniter\Database\BaseBuilder->get()
#5 D:\CI4\Pengaduan\vendor\codeigniter4\framework\system\BaseModel.php(583): CodeIgniter\Model->doFindAll(0, 0)
#6 D:\CI4\Pengaduan\app\Controllers\Controllermasyarakat.php(119): CodeIgniter\BaseModel->findAll()
#7 D:\CI4\Pengaduan\vendor\codeigniter4\framework\system\CodeIgniter.php(936): App\Controllers\Controllermasyarakat->tampilrespon('23')
#8 D:\CI4\Pengaduan\vendor\codeigniter4\framework\system\CodeIgniter.php(432): CodeIgniter\CodeIgniter->runController(Object(App\Controllers\Controllermasyarakat))
#9 D:\CI4\Pengaduan\vendor\codeigniter4\framework\system\CodeIgniter.php(333): CodeIgniter\CodeIgniter->handleRequest(NULL, Object(Config\Cache), false)
#10 D:\CI4\Pengaduan\public\index.php(44): CodeIgniter\CodeIgniter->run()
#11 D:\CI4\Pengaduan\vendor\codeigniter4\framework\system\Commands\Server\rewrite.php(45): require_once('D:\\CI4\\Pengadua...')
#12 {main}
CRITICAL - 2021-03-30 06:21:30 --> Column 'id_pengaduan' in where clause is ambiguous
#0 D:\CI4\Pengaduan\vendor\codeigniter4\framework\system\Database\MySQLi\Connection.php(314): mysqli->query('SELECT *\nFROM `...')
#1 D:\CI4\Pengaduan\vendor\codeigniter4\framework\system\Database\BaseConnection.php(713): CodeIgniter\Database\MySQLi\Connection->execute('SELECT *\nFROM `...')
#2 D:\CI4\Pengaduan\vendor\codeigniter4\framework\system\Database\BaseConnection.php(641): CodeIgniter\Database\BaseConnection->simpleQuery('SELECT *\nFROM `...')
#3 D:\CI4\Pengaduan\vendor\codeigniter4\framework\system\Database\BaseBuilder.php(1866): CodeIgniter\Database\BaseConnection->query('SELECT *\nFROM `...', Array, false)
#4 D:\CI4\Pengaduan\vendor\codeigniter4\framework\system\Model.php(213): CodeIgniter\Database\BaseBuilder->get()
#5 D:\CI4\Pengaduan\vendor\codeigniter4\framework\system\BaseModel.php(583): CodeIgniter\Model->doFindAll(0, 0)
#6 D:\CI4\Pengaduan\app\Controllers\Controllermasyarakat.php(119): CodeIgniter\BaseModel->findAll()
#7 D:\CI4\Pengaduan\vendor\codeigniter4\framework\system\CodeIgniter.php(936): App\Controllers\Controllermasyarakat->tampilrespon('23')
#8 D:\CI4\Pengaduan\vendor\codeigniter4\framework\system\CodeIgniter.php(432): CodeIgniter\CodeIgniter->runController(Object(App\Controllers\Controllermasyarakat))
#9 D:\CI4\Pengaduan\vendor\codeigniter4\framework\system\CodeIgniter.php(333): CodeIgniter\CodeIgniter->handleRequest(NULL, Object(Config\Cache), false)
#10 D:\CI4\Pengaduan\public\index.php(44): CodeIgniter\CodeIgniter->run()
#11 D:\CI4\Pengaduan\vendor\codeigniter4\framework\system\Commands\Server\rewrite.php(45): require_once('D:\\CI4\\Pengadua...')
#12 {main}
ERROR - 2021-03-30 06:21:30 --> mysqli_sql_exception: Column 'id_pengaduan' in where clause is ambiguous in D:\CI4\Pengaduan\vendor\codeigniter4\framework\system\Database\MySQLi\Connection.php:314
Stack trace:
#0 D:\CI4\Pengaduan\vendor\codeigniter4\framework\system\Database\MySQLi\Connection.php(314): mysqli->query('SELECT *\nFROM `...')
#1 D:\CI4\Pengaduan\vendor\codeigniter4\framework\system\Database\BaseConnection.php(713): CodeIgniter\Database\MySQLi\Connection->execute('SELECT *\nFROM `...')
#2 D:\CI4\Pengaduan\vendor\codeigniter4\framework\system\Database\BaseConnection.php(641): CodeIgniter\Database\BaseConnection->simpleQuery('SELECT *\nFROM `...')
#3 D:\CI4\Pengaduan\vendor\codeigniter4\framework\system\Database\BaseBuilder.php(1866): CodeIgniter\Database\BaseConnection->query('SELECT *\nFROM `...', Array, false)
#4 D:\CI4\Pengaduan\vendor\codeigniter4\framework\system\Model.php(213): CodeIgniter\Database\BaseBuilder->get()
#5 D:\CI4\Pengaduan\vendor\codeigniter4\framework\system\BaseModel.php(583): CodeIgniter\Model->doFindAll(0, 0)
#6 D:\CI4\Pengaduan\app\Controllers\Controllermasyarakat.php(119): CodeIgniter\BaseModel->findAll()
#7 D:\CI4\Pengaduan\vendor\codeigniter4\framework\system\CodeIgniter.php(936): App\Controllers\Controllermasyarakat->tampilrespon('23')
#8 D:\CI4\Pengaduan\vendor\codeigniter4\framework\system\CodeIgniter.php(432): CodeIgniter\CodeIgniter->runController(Object(App\Controllers\Controllermasyarakat))
#9 D:\CI4\Pengaduan\vendor\codeigniter4\framework\system\CodeIgniter.php(333): CodeIgniter\CodeIgniter->handleRequest(NULL, Object(Config\Cache), false)
#10 D:\CI4\Pengaduan\public\index.php(44): CodeIgniter\CodeIgniter->run()
#11 D:\CI4\Pengaduan\vendor\codeigniter4\framework\system\Commands\Server\rewrite.php(45): require_once('D:\\CI4\\Pengadua...')
#12 {main}
CRITICAL - 2021-03-30 06:21:30 --> Column 'id_pengaduan' in where clause is ambiguous
#0 D:\CI4\Pengaduan\vendor\codeigniter4\framework\system\Database\MySQLi\Connection.php(314): mysqli->query('SELECT *\nFROM `...')
#1 D:\CI4\Pengaduan\vendor\codeigniter4\framework\system\Database\BaseConnection.php(713): CodeIgniter\Database\MySQLi\Connection->execute('SELECT *\nFROM `...')
#2 D:\CI4\Pengaduan\vendor\codeigniter4\framework\system\Database\BaseConnection.php(641): CodeIgniter\Database\BaseConnection->simpleQuery('SELECT *\nFROM `...')
#3 D:\CI4\Pengaduan\vendor\codeigniter4\framework\system\Database\BaseBuilder.php(1866): CodeIgniter\Database\BaseConnection->query('SELECT *\nFROM `...', Array, false)
#4 D:\CI4\Pengaduan\vendor\codeigniter4\framework\system\Model.php(213): CodeIgniter\Database\BaseBuilder->get()
#5 D:\CI4\Pengaduan\vendor\codeigniter4\framework\system\BaseModel.php(583): CodeIgniter\Model->doFindAll(0, 0)
#6 D:\CI4\Pengaduan\app\Controllers\Controllermasyarakat.php(119): CodeIgniter\BaseModel->findAll()
#7 D:\CI4\Pengaduan\vendor\codeigniter4\framework\system\CodeIgniter.php(936): App\Controllers\Controllermasyarakat->tampilrespon('23')
#8 D:\CI4\Pengaduan\vendor\codeigniter4\framework\system\CodeIgniter.php(432): CodeIgniter\CodeIgniter->runController(Object(App\Controllers\Controllermasyarakat))
#9 D:\CI4\Pengaduan\vendor\codeigniter4\framework\system\CodeIgniter.php(333): CodeIgniter\CodeIgniter->handleRequest(NULL, Object(Config\Cache), false)
#10 D:\CI4\Pengaduan\public\index.php(44): CodeIgniter\CodeIgniter->run()
#11 D:\CI4\Pengaduan\vendor\codeigniter4\framework\system\Commands\Server\rewrite.php(45): require_once('D:\\CI4\\Pengadua...')
#12 {main}
ERROR - 2021-03-30 06:21:30 --> mysqli_sql_exception: Column 'id_pengaduan' in where clause is ambiguous in D:\CI4\Pengaduan\vendor\codeigniter4\framework\system\Database\MySQLi\Connection.php:314
Stack trace:
#0 D:\CI4\Pengaduan\vendor\codeigniter4\framework\system\Database\MySQLi\Connection.php(314): mysqli->query('SELECT *\nFROM `...')
#1 D:\CI4\Pengaduan\vendor\codeigniter4\framework\system\Database\BaseConnection.php(713): CodeIgniter\Database\MySQLi\Connection->execute('SELECT *\nFROM `...')
#2 D:\CI4\Pengaduan\vendor\codeigniter4\framework\system\Database\BaseConnection.php(641): CodeIgniter\Database\BaseConnection->simpleQuery('SELECT *\nFROM `...')
#3 D:\CI4\Pengaduan\vendor\codeigniter4\framework\system\Database\BaseBuilder.php(1866): CodeIgniter\Database\BaseConnection->query('SELECT *\nFROM `...', Array, false)
#4 D:\CI4\Pengaduan\vendor\codeigniter4\framework\system\Model.php(213): CodeIgniter\Database\BaseBuilder->get()
#5 D:\CI4\Pengaduan\vendor\codeigniter4\framework\system\BaseModel.php(583): CodeIgniter\Model->doFindAll(0, 0)
#6 D:\CI4\Pengaduan\app\Controllers\Controllermasyarakat.php(119): CodeIgniter\BaseModel->findAll()
#7 D:\CI4\Pengaduan\vendor\codeigniter4\framework\system\CodeIgniter.php(936): App\Controllers\Controllermasyarakat->tampilrespon('23')
#8 D:\CI4\Pengaduan\vendor\codeigniter4\framework\system\CodeIgniter.php(432): CodeIgniter\CodeIgniter->runController(Object(App\Controllers\Controllermasyarakat))
#9 D:\CI4\Pengaduan\vendor\codeigniter4\framework\system\CodeIgniter.php(333): CodeIgniter\CodeIgniter->handleRequest(NULL, Object(Config\Cache), false)
#10 D:\CI4\Pengaduan\public\index.php(44): CodeIgniter\CodeIgniter->run()
#11 D:\CI4\Pengaduan\vendor\codeigniter4\framework\system\Commands\Server\rewrite.php(45): require_once('D:\\CI4\\Pengadua...')
#12 {main}
CRITICAL - 2021-03-30 06:21:30 --> Column 'id_pengaduan' in where clause is ambiguous
#0 D:\CI4\Pengaduan\vendor\codeigniter4\framework\system\Database\MySQLi\Connection.php(314): mysqli->query('SELECT *\nFROM `...')
#1 D:\CI4\Pengaduan\vendor\codeigniter4\framework\system\Database\BaseConnection.php(713): CodeIgniter\Database\MySQLi\Connection->execute('SELECT *\nFROM `...')
#2 D:\CI4\Pengaduan\vendor\codeigniter4\framework\system\Database\BaseConnection.php(641): CodeIgniter\Database\BaseConnection->simpleQuery('SELECT *\nFROM `...')
#3 D:\CI4\Pengaduan\vendor\codeigniter4\framework\system\Database\BaseBuilder.php(1866): CodeIgniter\Database\BaseConnection->query('SELECT *\nFROM `...', Array, false)
#4 D:\CI4\Pengaduan\vendor\codeigniter4\framework\system\Model.php(213): CodeIgniter\Database\BaseBuilder->get()
#5 D:\CI4\Pengaduan\vendor\codeigniter4\framework\system\BaseModel.php(583): CodeIgniter\Model->doFindAll(0, 0)
#6 D:\CI4\Pengaduan\app\Controllers\Controllermasyarakat.php(119): CodeIgniter\BaseModel->findAll()
#7 D:\CI4\Pengaduan\vendor\codeigniter4\framework\system\CodeIgniter.php(936): App\Controllers\Controllermasyarakat->tampilrespon('23')
#8 D:\CI4\Pengaduan\vendor\codeigniter4\framework\system\CodeIgniter.php(432): CodeIgniter\CodeIgniter->runController(Object(App\Controllers\Controllermasyarakat))
#9 D:\CI4\Pengaduan\vendor\codeigniter4\framework\system\CodeIgniter.php(333): CodeIgniter\CodeIgniter->handleRequest(NULL, Object(Config\Cache), false)
#10 D:\CI4\Pengaduan\public\index.php(44): CodeIgniter\CodeIgniter->run()
#11 D:\CI4\Pengaduan\vendor\codeigniter4\framework\system\Commands\Server\rewrite.php(45): require_once('D:\\CI4\\Pengadua...')
#12 {main}
CRITICAL - 2021-03-30 06:22:28 --> Undefined index: nama_petugas
#0 D:\CI4\Pengaduan\app\Views\Masyarakat\tampilrespon.php(13): CodeIgniter\Debug\Exceptions->errorHandler(8, 'Undefined index...', 'D:\\CI4\\Pengadua...', 13, Array)
#1 D:\CI4\Pengaduan\vendor\codeigniter4\framework\system\View\View.php(220): include('D:\\CI4\\Pengadua...')
#2 D:\CI4\Pengaduan\vendor\codeigniter4\framework\system\View\View.php(222): CodeIgniter\View\View->CodeIgniter\View\{closure}()
#3 D:\CI4\Pengaduan\vendor\codeigniter4\framework\system\Common.php(1217): CodeIgniter\View\View->render('Masyarakat/tamp...', Array, true)
#4 D:\CI4\Pengaduan\app\Controllers\Controllermasyarakat.php(119): view('Masyarakat/tamp...', Array)
#5 D:\CI4\Pengaduan\vendor\codeigniter4\framework\system\CodeIgniter.php(936): App\Controllers\Controllermasyarakat->tampilrespon('23')
#6 D:\CI4\Pengaduan\vendor\codeigniter4\framework\system\CodeIgniter.php(432): CodeIgniter\CodeIgniter->runController(Object(App\Controllers\Controllermasyarakat))
#7 D:\CI4\Pengaduan\vendor\codeigniter4\framework\system\CodeIgniter.php(333): CodeIgniter\CodeIgniter->handleRequest(NULL, Object(Config\Cache), false)
#8 D:\CI4\Pengaduan\public\index.php(44): CodeIgniter\CodeIgniter->run()
#9 D:\CI4\Pengaduan\vendor\codeigniter4\framework\system\Commands\Server\rewrite.php(45): require_once('D:\\CI4\\Pengadua...')
#10 {main}
ERROR - 2021-03-30 06:28:41 --> mysqli_sql_exception: Column 'id_pengaduan' in where clause is ambiguous in D:\CI4\Pengaduan\vendor\codeigniter4\framework\system\Database\MySQLi\Connection.php:314
Stack trace:
#0 D:\CI4\Pengaduan\vendor\codeigniter4\framework\system\Database\MySQLi\Connection.php(314): mysqli->query('SELECT *\nFROM `...')
#1 D:\CI4\Pengaduan\vendor\codeigniter4\framework\system\Database\BaseConnection.php(713): CodeIgniter\Database\MySQLi\Connection->execute('SELECT *\nFROM `...')
#2 D:\CI4\Pengaduan\vendor\codeigniter4\framework\system\Database\BaseConnection.php(641): CodeIgniter\Database\BaseConnection->simpleQuery('SELECT *\nFROM `...')
#3 D:\CI4\Pengaduan\vendor\codeigniter4\framework\system\Database\BaseBuilder.php(1866): CodeIgniter\Database\BaseConnection->query('SELECT *\nFROM `...', Array, false)
#4 D:\CI4\Pengaduan\vendor\codeigniter4\framework\system\Model.php(213): CodeIgniter\Database\BaseBuilder->get()
#5 D:\CI4\Pengaduan\vendor\codeigniter4\framework\system\BaseModel.php(583): CodeIgniter\Model->doFindAll(0, 0)
#6 D:\CI4\Pengaduan\app\Controllers\Controllermasyarakat.php(120): CodeIgniter\BaseModel->findAll()
#7 D:\CI4\Pengaduan\vendor\codeigniter4\framework\system\CodeIgniter.php(936): App\Controllers\Controllermasyarakat->tampilrespon('23')
#8 D:\CI4\Pengaduan\vendor\codeigniter4\framework\system\CodeIgniter.php(432): CodeIgniter\CodeIgniter->runController(Object(App\Controllers\Controllermasyarakat))
#9 D:\CI4\Pengaduan\vendor\codeigniter4\framework\system\CodeIgniter.php(333): CodeIgniter\CodeIgniter->handleRequest(NULL, Object(Config\Cache), false)
#10 D:\CI4\Pengaduan\public\index.php(44): CodeIgniter\CodeIgniter->run()
#11 D:\CI4\Pengaduan\vendor\codeigniter4\framework\system\Commands\Server\rewrite.php(45): require_once('D:\\CI4\\Pengadua...')
#12 {main}
CRITICAL - 2021-03-30 06:28:41 --> Column 'id_pengaduan' in where clause is ambiguous
#0 D:\CI4\Pengaduan\vendor\codeigniter4\framework\system\Database\MySQLi\Connection.php(314): mysqli->query('SELECT *\nFROM `...')
#1 D:\CI4\Pengaduan\vendor\codeigniter4\framework\system\Database\BaseConnection.php(713): CodeIgniter\Database\MySQLi\Connection->execute('SELECT *\nFROM `...')
#2 D:\CI4\Pengaduan\vendor\codeigniter4\framework\system\Database\BaseConnection.php(641): CodeIgniter\Database\BaseConnection->simpleQuery('SELECT *\nFROM `...')
#3 D:\CI4\Pengaduan\vendor\codeigniter4\framework\system\Database\BaseBuilder.php(1866): CodeIgniter\Database\BaseConnection->query('SELECT *\nFROM `...', Array, false)
#4 D:\CI4\Pengaduan\vendor\codeigniter4\framework\system\Model.php(213): CodeIgniter\Database\BaseBuilder->get()
#5 D:\CI4\Pengaduan\vendor\codeigniter4\framework\system\BaseModel.php(583): CodeIgniter\Model->doFindAll(0, 0)
#6 D:\CI4\Pengaduan\app\Controllers\Controllermasyarakat.php(120): CodeIgniter\BaseModel->findAll()
#7 D:\CI4\Pengaduan\vendor\codeigniter4\framework\system\CodeIgniter.php(936): App\Controllers\Controllermasyarakat->tampilrespon('23')
#8 D:\CI4\Pengaduan\vendor\codeigniter4\framework\system\CodeIgniter.php(432): CodeIgniter\CodeIgniter->runController(Object(App\Controllers\Controllermasyarakat))
#9 D:\CI4\Pengaduan\vendor\codeigniter4\framework\system\CodeIgniter.php(333): CodeIgniter\CodeIgniter->handleRequest(NULL, Object(Config\Cache), false)
#10 D:\CI4\Pengaduan\public\index.php(44): CodeIgniter\CodeIgniter->run()
#11 D:\CI4\Pengaduan\vendor\codeigniter4\framework\system\Commands\Server\rewrite.php(45): require_once('D:\\CI4\\Pengadua...')
#12 {main}
ERROR - 2021-03-30 06:30:32 --> mysqli_sql_exception: Unknown column 'pengaduan.nik' in 'on clause' in D:\CI4\Pengaduan\vendor\codeigniter4\framework\system\Database\MySQLi\Connection.php:314
Stack trace:
#0 D:\CI4\Pengaduan\vendor\codeigniter4\framework\system\Database\MySQLi\Connection.php(314): mysqli->query('SELECT *\nFROM `...')
#1 D:\CI4\Pengaduan\vendor\codeigniter4\framework\system\Database\BaseConnection.php(713): CodeIgniter\Database\MySQLi\Connection->execute('SELECT *\nFROM `...')
#2 D:\CI4\Pengaduan\vendor\codeigniter4\framework\system\Database\BaseConnection.php(641): CodeIgniter\Database\BaseConnection->simpleQuery('SELECT *\nFROM `...')
#3 D:\CI4\Pengaduan\vendor\codeigniter4\framework\system\Database\BaseBuilder.php(1866): CodeIgniter\Database\BaseConnection->query('SELECT *\nFROM `...', Array, false)
#4 D:\CI4\Pengaduan\vendor\codeigniter4\framework\system\Model.php(213): CodeIgniter\Database\BaseBuilder->get()
#5 D:\CI4\Pengaduan\vendor\codeigniter4\framework\system\BaseModel.php(583): CodeIgniter\Model->doFindAll(0, 0)
#6 D:\CI4\Pengaduan\app\Controllers\Controllermasyarakat.php(119): CodeIgniter\BaseModel->findAll()
#7 D:\CI4\Pengaduan\vendor\codeigniter4\framework\system\CodeIgniter.php(936): App\Controllers\Controllermasyarakat->tampilrespon('23')
#8 D:\CI4\Pengaduan\vendor\codeigniter4\framework\system\CodeIgniter.php(432): CodeIgniter\CodeIgniter->runController(Object(App\Controllers\Controllermasyarakat))
#9 D:\CI4\Pengaduan\vendor\codeigniter4\framework\system\CodeIgniter.php(333): CodeIgniter\CodeIgniter->handleRequest(NULL, Object(Config\Cache), false)
#10 D:\CI4\Pengaduan\public\index.php(44): CodeIgniter\CodeIgniter->run()
#11 D:\CI4\Pengaduan\vendor\codeigniter4\framework\system\Commands\Server\rewrite.php(45): require_once('D:\\CI4\\Pengadua...')
#12 {main}
CRITICAL - 2021-03-30 06:30:32 --> Unknown column 'pengaduan.nik' in 'on clause'
#0 D:\CI4\Pengaduan\vendor\codeigniter4\framework\system\Database\MySQLi\Connection.php(314): mysqli->query('SELECT *\nFROM `...')
#1 D:\CI4\Pengaduan\vendor\codeigniter4\framework\system\Database\BaseConnection.php(713): CodeIgniter\Database\MySQLi\Connection->execute('SELECT *\nFROM `...')
#2 D:\CI4\Pengaduan\vendor\codeigniter4\framework\system\Database\BaseConnection.php(641): CodeIgniter\Database\BaseConnection->simpleQuery('SELECT *\nFROM `...')
#3 D:\CI4\Pengaduan\vendor\codeigniter4\framework\system\Database\BaseBuilder.php(1866): CodeIgniter\Database\BaseConnection->query('SELECT *\nFROM `...', Array, false)
#4 D:\CI4\Pengaduan\vendor\codeigniter4\framework\system\Model.php(213): CodeIgniter\Database\BaseBuilder->get()
#5 D:\CI4\Pengaduan\vendor\codeigniter4\framework\system\BaseModel.php(583): CodeIgniter\Model->doFindAll(0, 0)
#6 D:\CI4\Pengaduan\app\Controllers\Controllermasyarakat.php(119): CodeIgniter\BaseModel->findAll()
#7 D:\CI4\Pengaduan\vendor\codeigniter4\framework\system\CodeIgniter.php(936): App\Controllers\Controllermasyarakat->tampilrespon('23')
#8 D:\CI4\Pengaduan\vendor\codeigniter4\framework\system\CodeIgniter.php(432): CodeIgniter\CodeIgniter->runController(Object(App\Controllers\Controllermasyarakat))
#9 D:\CI4\Pengaduan\vendor\codeigniter4\framework\system\CodeIgniter.php(333): CodeIgniter\CodeIgniter->handleRequest(NULL, Object(Config\Cache), false)
#10 D:\CI4\Pengaduan\public\index.php(44): CodeIgniter\CodeIgniter->run()
#11 D:\CI4\Pengaduan\vendor\codeigniter4\framework\system\Commands\Server\rewrite.php(45): require_once('D:\\CI4\\Pengadua...')
#12 {main}
CRITICAL - 2021-03-30 06:30:51 --> Undefined index: nik
#0 D:\CI4\Pengaduan\app\Views\Masyarakat\tampilrespon.php(7): CodeIgniter\Debug\Exceptions->errorHandler(8, 'Undefined index...', 'D:\\CI4\\Pengadua...', 7, Array)
#1 D:\CI4\Pengaduan\vendor\codeigniter4\framework\system\View\View.php(220): include('D:\\CI4\\Pengadua...')
#2 D:\CI4\Pengaduan\vendor\codeigniter4\framework\system\View\View.php(222): CodeIgniter\View\View->CodeIgniter\View\{closure}()
#3 D:\CI4\Pengaduan\vendor\codeigniter4\framework\system\Common.php(1217): CodeIgniter\View\View->render('Masyarakat/tamp...', Array, true)
#4 D:\CI4\Pengaduan\app\Controllers\Controllermasyarakat.php(118): view('Masyarakat/tamp...', Array)
#5 D:\CI4\Pengaduan\vendor\codeigniter4\framework\system\CodeIgniter.php(936): App\Controllers\Controllermasyarakat->tampilrespon('23')
#6 D:\CI4\Pengaduan\vendor\codeigniter4\framework\system\CodeIgniter.php(432): CodeIgniter\CodeIgniter->runController(Object(App\Controllers\Controllermasyarakat))
#7 D:\CI4\Pengaduan\vendor\codeigniter4\framework\system\CodeIgniter.php(333): CodeIgniter\CodeIgniter->handleRequest(NULL, Object(Config\Cache), false)
#8 D:\CI4\Pengaduan\public\index.php(44): CodeIgniter\CodeIgniter->run()
#9 D:\CI4\Pengaduan\vendor\codeigniter4\framework\system\Commands\Server\rewrite.php(45): require_once('D:\\CI4\\Pengadua...')
#10 {main}
ERROR - 2021-03-30 06:31:25 --> mysqli_sql_exception: Unknown column 'pengaduan.nik' in 'on clause' in D:\CI4\Pengaduan\vendor\codeigniter4\framework\system\Database\MySQLi\Connection.php:314
Stack trace:
#0 D:\CI4\Pengaduan\vendor\codeigniter4\framework\system\Database\MySQLi\Connection.php(314): mysqli->query('SELECT *\nFROM `...')
#1 D:\CI4\Pengaduan\vendor\codeigniter4\framework\system\Database\BaseConnection.php(713): CodeIgniter\Database\MySQLi\Connection->execute('SELECT *\nFROM `...')
#2 D:\CI4\Pengaduan\vendor\codeigniter4\framework\system\Database\BaseConnection.php(641): CodeIgniter\Database\BaseConnection->simpleQuery('SELECT *\nFROM `...')
#3 D:\CI4\Pengaduan\vendor\codeigniter4\framework\system\Database\BaseBuilder.php(1866): CodeIgniter\Database\BaseConnection->query('SELECT *\nFROM `...', Array, false)
#4 D:\CI4\Pengaduan\vendor\codeigniter4\framework\system\Model.php(213): CodeIgniter\Database\BaseBuilder->get()
#5 D:\CI4\Pengaduan\vendor\codeigniter4\framework\system\BaseModel.php(583): CodeIgniter\Model->doFindAll(0, 0)
#6 D:\CI4\Pengaduan\app\Controllers\Controllermasyarakat.php(118): CodeIgniter\BaseModel->findAll()
#7 D:\CI4\Pengaduan\vendor\codeigniter4\framework\system\CodeIgniter.php(936): App\Controllers\Controllermasyarakat->tampilrespon('23')
#8 D:\CI4\Pengaduan\vendor\codeigniter4\framework\system\CodeIgniter.php(432): CodeIgniter\CodeIgniter->runController(Object(App\Controllers\Controllermasyarakat))
#9 D:\CI4\Pengaduan\vendor\codeigniter4\framework\system\CodeIgniter.php(333): CodeIgniter\CodeIgniter->handleRequest(NULL, Object(Config\Cache), false)
#10 D:\CI4\Pengaduan\public\index.php(44): CodeIgniter\CodeIgniter->run()
#11 D:\CI4\Pengaduan\vendor\codeigniter4\framework\system\Commands\Server\rewrite.php(45): require_once('D:\\CI4\\Pengadua...')
#12 {main}
CRITICAL - 2021-03-30 06:31:25 --> Unknown column 'pengaduan.nik' in 'on clause'
#0 D:\CI4\Pengaduan\vendor\codeigniter4\framework\system\Database\MySQLi\Connection.php(314): mysqli->query('SELECT *\nFROM `...')
#1 D:\CI4\Pengaduan\vendor\codeigniter4\framework\system\Database\BaseConnection.php(713): CodeIgniter\Database\MySQLi\Connection->execute('SELECT *\nFROM `...')
#2 D:\CI4\Pengaduan\vendor\codeigniter4\framework\system\Database\BaseConnection.php(641): CodeIgniter\Database\BaseConnection->simpleQuery('SELECT *\nFROM `...')
#3 D:\CI4\Pengaduan\vendor\codeigniter4\framework\system\Database\BaseBuilder.php(1866): CodeIgniter\Database\BaseConnection->query('SELECT *\nFROM `...', Array, false)
#4 D:\CI4\Pengaduan\vendor\codeigniter4\framework\system\Model.php(213): CodeIgniter\Database\BaseBuilder->get()
#5 D:\CI4\Pengaduan\vendor\codeigniter4\framework\system\BaseModel.php(583): CodeIgniter\Model->doFindAll(0, 0)
#6 D:\CI4\Pengaduan\app\Controllers\Controllermasyarakat.php(118): CodeIgniter\BaseModel->findAll()
#7 D:\CI4\Pengaduan\vendor\codeigniter4\framework\system\CodeIgniter.php(936): App\Controllers\Controllermasyarakat->tampilrespon('23')
#8 D:\CI4\Pengaduan\vendor\codeigniter4\framework\system\CodeIgniter.php(432): CodeIgniter\CodeIgniter->runController(Object(App\Controllers\Controllermasyarakat))
#9 D:\CI4\Pengaduan\vendor\codeigniter4\framework\system\CodeIgniter.php(333): CodeIgniter\CodeIgniter->handleRequest(NULL, Object(Config\Cache), false)
#10 D:\CI4\Pengaduan\public\index.php(44): CodeIgniter\CodeIgniter->run()
#11 D:\CI4\Pengaduan\vendor\codeigniter4\framework\system\Commands\Server\rewrite.php(45): require_once('D:\\CI4\\Pengadua...')
#12 {main}
CRITICAL - 2021-03-30 06:32:54 --> Undefined index: nik
#0 D:\CI4\Pengaduan\app\Views\Masyarakat\tampilrespon.php(7): CodeIgniter\Debug\Exceptions->errorHandler(8, 'Undefined index...', 'D:\\CI4\\Pengadua...', 7, Array)
#1 D:\CI4\Pengaduan\vendor\codeigniter4\framework\system\View\View.php(220): include('D:\\CI4\\Pengadua...')
#2 D:\CI4\Pengaduan\vendor\codeigniter4\framework\system\View\View.php(222): CodeIgniter\View\View->CodeIgniter\View\{closure}()
#3 D:\CI4\Pengaduan\vendor\codeigniter4\framework\system\Common.php(1217): CodeIgniter\View\View->render('Masyarakat/tamp...', Array, true)
#4 D:\CI4\Pengaduan\app\Controllers\Controllermasyarakat.php(119): view('Masyarakat/tamp...', Array)
#5 D:\CI4\Pengaduan\vendor\codeigniter4\framework\system\CodeIgniter.php(936): App\Controllers\Controllermasyarakat->tampilrespon('23')
#6 D:\CI4\Pengaduan\vendor\codeigniter4\framework\system\CodeIgniter.php(432): CodeIgniter\CodeIgniter->runController(Object(App\Controllers\Controllermasyarakat))
#7 D:\CI4\Pengaduan\vendor\codeigniter4\framework\system\CodeIgniter.php(333): CodeIgniter\CodeIgniter->handleRequest(NULL, Object(Config\Cache), false)
#8 D:\CI4\Pengaduan\public\index.php(44): CodeIgniter\CodeIgniter->run()
#9 D:\CI4\Pengaduan\vendor\codeigniter4\framework\system\Commands\Server\rewrite.php(45): require_once('D:\\CI4\\Pengadua...')
#10 {main}
ERROR - 2021-03-30 06:34:32 --> mysqli_sql_exception: Column 'id_pengaduan' in where clause is ambiguous in D:\CI4\Pengaduan\vendor\codeigniter4\framework\system\Database\MySQLi\Connection.php:314
Stack trace:
#0 D:\CI4\Pengaduan\vendor\codeigniter4\framework\system\Database\MySQLi\Connection.php(314): mysqli->query('SELECT *\nFROM `...')
#1 D:\CI4\Pengaduan\vendor\codeigniter4\framework\system\Database\BaseConnection.php(713): CodeIgniter\Database\MySQLi\Connection->execute('SELECT *\nFROM `...')
#2 D:\CI4\Pengaduan\vendor\codeigniter4\framework\system\Database\BaseConnection.php(641): CodeIgniter\Database\BaseConnection->simpleQuery('SELECT *\nFROM `...')
#3 D:\CI4\Pengaduan\vendor\codeigniter4\framework\system\Database\BaseBuilder.php(1866): CodeIgniter\Database\BaseConnection->query('SELECT *\nFROM `...', Array, false)
#4 D:\CI4\Pengaduan\vendor\codeigniter4\framework\system\Model.php(213): CodeIgniter\Database\BaseBuilder->get()
#5 D:\CI4\Pengaduan\vendor\codeigniter4\framework\system\BaseModel.php(583): CodeIgniter\Model->doFindAll(0, 0)
#6 D:\CI4\Pengaduan\app\Controllers\Controllermasyarakat.php(119): CodeIgniter\BaseModel->findAll()
#7 D:\CI4\Pengaduan\vendor\codeigniter4\framework\system\CodeIgniter.php(936): App\Controllers\Controllermasyarakat->tampilrespon('23')
#8 D:\CI4\Pengaduan\vendor\codeigniter4\framework\system\CodeIgniter.php(432): CodeIgniter\CodeIgniter->runController(Object(App\Controllers\Controllermasyarakat))
#9 D:\CI4\Pengaduan\vendor\codeigniter4\framework\system\CodeIgniter.php(333): CodeIgniter\CodeIgniter->handleRequest(NULL, Object(Config\Cache), false)
#10 D:\CI4\Pengaduan\public\index.php(44): CodeIgniter\CodeIgniter->run()
#11 D:\CI4\Pengaduan\vendor\codeigniter4\framework\system\Commands\Server\rewrite.php(45): require_once('D:\\CI4\\Pengadua...')
#12 {main}
CRITICAL - 2021-03-30 06:34:32 --> Column 'id_pengaduan' in where clause is ambiguous
#0 D:\CI4\Pengaduan\vendor\codeigniter4\framework\system\Database\MySQLi\Connection.php(314): mysqli->query('SELECT *\nFROM `...')
#1 D:\CI4\Pengaduan\vendor\codeigniter4\framework\system\Database\BaseConnection.php(713): CodeIgniter\Database\MySQLi\Connection->execute('SELECT *\nFROM `...')
#2 D:\CI4\Pengaduan\vendor\codeigniter4\framework\system\Database\BaseConnection.php(641): CodeIgniter\Database\BaseConnection->simpleQuery('SELECT *\nFROM `...')
#3 D:\CI4\Pengaduan\vendor\codeigniter4\framework\system\Database\BaseBuilder.php(1866): CodeIgniter\Database\BaseConnection->query('SELECT *\nFROM `...', Array, false)
#4 D:\CI4\Pengaduan\vendor\codeigniter4\framework\system\Model.php(213): CodeIgniter\Database\BaseBuilder->get()
#5 D:\CI4\Pengaduan\vendor\codeigniter4\framework\system\BaseModel.php(583): CodeIgniter\Model->doFindAll(0, 0)
#6 D:\CI4\Pengaduan\app\Controllers\Controllermasyarakat.php(119): CodeIgniter\BaseModel->findAll()
#7 D:\CI4\Pengaduan\vendor\codeigniter4\framework\system\CodeIgniter.php(936): App\Controllers\Controllermasyarakat->tampilrespon('23')
#8 D:\CI4\Pengaduan\vendor\codeigniter4\framework\system\CodeIgniter.php(432): CodeIgniter\CodeIgniter->runController(Object(App\Controllers\Controllermasyarakat))
#9 D:\CI4\Pengaduan\vendor\codeigniter4\framework\system\CodeIgniter.php(333): CodeIgniter\CodeIgniter->handleRequest(NULL, Object(Config\Cache), false)
#10 D:\CI4\Pengaduan\public\index.php(44): CodeIgniter\CodeIgniter->run()
#11 D:\CI4\Pengaduan\vendor\codeigniter4\framework\system\Commands\Server\rewrite.php(45): require_once('D:\\CI4\\Pengadua...')
#12 {main}
ERROR - 2021-03-30 06:41:08 --> mysqli_sql_exception: Unknown column 'pengaduan.id_tanggapan' in 'on clause' in D:\CI4\Pengaduan\vendor\codeigniter4\framework\system\Database\MySQLi\Connection.php:314
Stack trace:
#0 D:\CI4\Pengaduan\vendor\codeigniter4\framework\system\Database\MySQLi\Connection.php(314): mysqli->query('SELECT *\nFROM `...')
#1 D:\CI4\Pengaduan\vendor\codeigniter4\framework\system\Database\BaseConnection.php(713): CodeIgniter\Database\MySQLi\Connection->execute('SELECT *\nFROM `...')
#2 D:\CI4\Pengaduan\vendor\codeigniter4\framework\system\Database\BaseConnection.php(641): CodeIgniter\Database\BaseConnection->simpleQuery('SELECT *\nFROM `...')
#3 D:\CI4\Pengaduan\vendor\codeigniter4\framework\system\Database\BaseBuilder.php(1866): CodeIgniter\Database\BaseConnection->query('SELECT *\nFROM `...', Array, false)
#4 D:\CI4\Pengaduan\vendor\codeigniter4\framework\system\Model.php(213): CodeIgniter\Database\BaseBuilder->get()
#5 D:\CI4\Pengaduan\vendor\codeigniter4\framework\system\BaseModel.php(583): CodeIgniter\Model->doFindAll(0, 0)
#6 D:\CI4\Pengaduan\app\Controllers\Controllermasyarakat.php(75): CodeIgniter\BaseModel->findAll()
#7 D:\CI4\Pengaduan\vendor\codeigniter4\framework\system\CodeIgniter.php(936): App\Controllers\Controllermasyarakat->pengaduan()
#8 D:\CI4\Pengaduan\vendor\codeigniter4\framework\system\CodeIgniter.php(432): CodeIgniter\CodeIgniter->runController(Object(App\Controllers\Controllermasyarakat))
#9 D:\CI4\Pengaduan\vendor\codeigniter4\framework\system\CodeIgniter.php(333): CodeIgniter\CodeIgniter->handleRequest(NULL, Object(Config\Cache), false)
#10 D:\CI4\Pengaduan\public\index.php(44): CodeIgniter\CodeIgniter->run()
#11 D:\CI4\Pengaduan\vendor\codeigniter4\framework\system\Commands\Server\rewrite.php(45): require_once('D:\\CI4\\Pengadua...')
#12 {main}
CRITICAL - 2021-03-30 06:41:08 --> Unknown column 'pengaduan.id_tanggapan' in 'on clause'
#0 D:\CI4\Pengaduan\vendor\codeigniter4\framework\system\Database\MySQLi\Connection.php(314): mysqli->query('SELECT *\nFROM `...')
#1 D:\CI4\Pengaduan\vendor\codeigniter4\framework\system\Database\BaseConnection.php(713): CodeIgniter\Database\MySQLi\Connection->execute('SELECT *\nFROM `...')
#2 D:\CI4\Pengaduan\vendor\codeigniter4\framework\system\Database\BaseConnection.php(641): CodeIgniter\Database\BaseConnection->simpleQuery('SELECT *\nFROM `...')
#3 D:\CI4\Pengaduan\vendor\codeigniter4\framework\system\Database\BaseBuilder.php(1866): CodeIgniter\Database\BaseConnection->query('SELECT *\nFROM `...', Array, false)
#4 D:\CI4\Pengaduan\vendor\codeigniter4\framework\system\Model.php(213): CodeIgniter\Database\BaseBuilder->get()
#5 D:\CI4\Pengaduan\vendor\codeigniter4\framework\system\BaseModel.php(583): CodeIgniter\Model->doFindAll(0, 0)
#6 D:\CI4\Pengaduan\app\Controllers\Controllermasyarakat.php(75): CodeIgniter\BaseModel->findAll()
#7 D:\CI4\Pengaduan\vendor\codeigniter4\framework\system\CodeIgniter.php(936): App\Controllers\Controllermasyarakat->pengaduan()
#8 D:\CI4\Pengaduan\vendor\codeigniter4\framework\system\CodeIgniter.php(432): CodeIgniter\CodeIgniter->runController(Object(App\Controllers\Controllermasyarakat))
#9 D:\CI4\Pengaduan\vendor\codeigniter4\framework\system\CodeIgniter.php(333): CodeIgniter\CodeIgniter->handleRequest(NULL, Object(Config\Cache), false)
#10 D:\CI4\Pengaduan\public\index.php(44): CodeIgniter\CodeIgniter->run()
#11 D:\CI4\Pengaduan\vendor\codeigniter4\framework\system\Commands\Server\rewrite.php(45): require_once('D:\\CI4\\Pengadua...')
#12 {main}
CRITICAL - 2021-03-30 06:45:06 --> Undefined offset: 0
#0 D:\CI4\Pengaduan\app\Views\Masyarakat\tampilrespon.php(7): CodeIgniter\Debug\Exceptions->errorHandler(8, 'Undefined offse...', 'D:\\CI4\\Pengadua...', 7, Array)
#1 D:\CI4\Pengaduan\vendor\codeigniter4\framework\system\View\View.php(220): include('D:\\CI4\\Pengadua...')
#2 D:\CI4\Pengaduan\vendor\codeigniter4\framework\system\View\View.php(222): CodeIgniter\View\View->CodeIgniter\View\{closure}()
#3 D:\CI4\Pengaduan\vendor\codeigniter4\framework\system\Common.php(1217): CodeIgniter\View\View->render('Masyarakat/tamp...', Array, true)
#4 D:\CI4\Pengaduan\app\Controllers\Controllermasyarakat.php(122): view('Masyarakat/tamp...', Array)
#5 D:\CI4\Pengaduan\vendor\codeigniter4\framework\system\CodeIgniter.php(936): App\Controllers\Controllermasyarakat->tampilrespon('23')
#6 D:\CI4\Pengaduan\vendor\codeigniter4\framework\system\CodeIgniter.php(432): CodeIgniter\CodeIgniter->runController(Object(App\Controllers\Controllermasyarakat))
#7 D:\CI4\Pengaduan\vendor\codeigniter4\framework\system\CodeIgniter.php(333): CodeIgniter\CodeIgniter->handleRequest(NULL, Object(Config\Cache), false)
#8 D:\CI4\Pengaduan\public\index.php(44): CodeIgniter\CodeIgniter->run()
#9 D:\CI4\Pengaduan\vendor\codeigniter4\framework\system\Commands\Server\rewrite.php(45): require_once('D:\\CI4\\Pengadua...')
#10 {main}
CRITICAL - 2021-03-30 06:46:02 --> Undefined offset: 0
#0 D:\CI4\Pengaduan\app\Views\Masyarakat\tampilrespon.php(7): CodeIgniter\Debug\Exceptions->errorHandler(8, 'Undefined offse...', 'D:\\CI4\\Pengadua...', 7, Array)
#1 D:\CI4\Pengaduan\vendor\codeigniter4\framework\system\View\View.php(220): include('D:\\CI4\\Pengadua...')
#2 D:\CI4\Pengaduan\vendor\codeigniter4\framework\system\View\View.php(222): CodeIgniter\View\View->CodeIgniter\View\{closure}()
#3 D:\CI4\Pengaduan\vendor\codeigniter4\framework\system\Common.php(1217): CodeIgniter\View\View->render('Masyarakat/tamp...', Array, true)
#4 D:\CI4\Pengaduan\app\Controllers\Controllermasyarakat.php(122): view('Masyarakat/tamp...', Array)
#5 D:\CI4\Pengaduan\vendor\codeigniter4\framework\system\CodeIgniter.php(936): App\Controllers\Controllermasyarakat->tampilrespon('23')
#6 D:\CI4\Pengaduan\vendor\codeigniter4\framework\system\CodeIgniter.php(432): CodeIgniter\CodeIgniter->runController(Object(App\Controllers\Controllermasyarakat))
#7 D:\CI4\Pengaduan\vendor\codeigniter4\framework\system\CodeIgniter.php(333): CodeIgniter\CodeIgniter->handleRequest(NULL, Object(Config\Cache), false)
#8 D:\CI4\Pengaduan\public\index.php(44): CodeIgniter\CodeIgniter->run()
#9 D:\CI4\Pengaduan\vendor\codeigniter4\framework\system\Commands\Server\rewrite.php(45): require_once('D:\\CI4\\Pengadua...')
#10 {main}
CRITICAL - 2021-03-30 06:46:03 --> Undefined offset: 0
#0 D:\CI4\Pengaduan\app\Views\Masyarakat\tampilrespon.php(7): CodeIgniter\Debug\Exceptions->errorHandler(8, 'Undefined offse...', 'D:\\CI4\\Pengadua...', 7, Array)
#1 D:\CI4\Pengaduan\vendor\codeigniter4\framework\system\View\View.php(220): include('D:\\CI4\\Pengadua...')
#2 D:\CI4\Pengaduan\vendor\codeigniter4\framework\system\View\View.php(222): CodeIgniter\View\View->CodeIgniter\View\{closure}()
#3 D:\CI4\Pengaduan\vendor\codeigniter4\framework\system\Common.php(1217): CodeIgniter\View\View->render('Masyarakat/tamp...', Array, true)
#4 D:\CI4\Pengaduan\app\Controllers\Controllermasyarakat.php(122): view('Masyarakat/tamp...', Array)
#5 D:\CI4\Pengaduan\vendor\codeigniter4\framework\system\CodeIgniter.php(936): App\Controllers\Controllermasyarakat->tampilrespon('23')
#6 D:\CI4\Pengaduan\vendor\codeigniter4\framework\system\CodeIgniter.php(432): CodeIgniter\CodeIgniter->runController(Object(App\Controllers\Controllermasyarakat))
#7 D:\CI4\Pengaduan\vendor\codeigniter4\framework\system\CodeIgniter.php(333): CodeIgniter\CodeIgniter->handleRequest(NULL, Object(Config\Cache), false)
#8 D:\CI4\Pengaduan\public\index.php(44): CodeIgniter\CodeIgniter->run()
#9 D:\CI4\Pengaduan\vendor\codeigniter4\framework\system\Commands\Server\rewrite.php(45): require_once('D:\\CI4\\Pengadua...')
#10 {main}
CRITICAL - 2021-03-30 06:46:04 --> Undefined offset: 0
#0 D:\CI4\Pengaduan\app\Views\Masyarakat\tampilrespon.php(7): CodeIgniter\Debug\Exceptions->errorHandler(8, 'Undefined offse...', 'D:\\CI4\\Pengadua...', 7, Array)
#1 D:\CI4\Pengaduan\vendor\codeigniter4\framework\system\View\View.php(220): include('D:\\CI4\\Pengadua...')
#2 D:\CI4\Pengaduan\vendor\codeigniter4\framework\system\View\View.php(222): CodeIgniter\View\View->CodeIgniter\View\{closure}()
#3 D:\CI4\Pengaduan\vendor\codeigniter4\framework\system\Common.php(1217): CodeIgniter\View\View->render('Masyarakat/tamp...', Array, true)
#4 D:\CI4\Pengaduan\app\Controllers\Controllermasyarakat.php(122): view('Masyarakat/tamp...', Array)
#5 D:\CI4\Pengaduan\vendor\codeigniter4\framework\system\CodeIgniter.php(936): App\Controllers\Controllermasyarakat->tampilrespon('23')
#6 D:\CI4\Pengaduan\vendor\codeigniter4\framework\system\CodeIgniter.php(432): CodeIgniter\CodeIgniter->runController(Object(App\Controllers\Controllermasyarakat))
#7 D:\CI4\Pengaduan\vendor\codeigniter4\framework\system\CodeIgniter.php(333): CodeIgniter\CodeIgniter->handleRequest(NULL, Object(Config\Cache), false)
#8 D:\CI4\Pengaduan\public\index.php(44): CodeIgniter\CodeIgniter->run()
#9 D:\CI4\Pengaduan\vendor\codeigniter4\framework\system\Commands\Server\rewrite.php(45): require_once('D:\\CI4\\Pengadua...')
#10 {main}
CRITICAL - 2021-03-30 06:46:05 --> Undefined offset: 0
#0 D:\CI4\Pengaduan\app\Views\Masyarakat\tampilrespon.php(7): CodeIgniter\Debug\Exceptions->errorHandler(8, 'Undefined offse...', 'D:\\CI4\\Pengadua...', 7, Array)
#1 D:\CI4\Pengaduan\vendor\codeigniter4\framework\system\View\View.php(220): include('D:\\CI4\\Pengadua...')
#2 D:\CI4\Pengaduan\vendor\codeigniter4\framework\system\View\View.php(222): CodeIgniter\View\View->CodeIgniter\View\{closure}()
#3 D:\CI4\Pengaduan\vendor\codeigniter4\framework\system\Common.php(1217): CodeIgniter\View\View->render('Masyarakat/tamp...', Array, true)
#4 D:\CI4\Pengaduan\app\Controllers\Controllermasyarakat.php(122): view('Masyarakat/tamp...', Array)
#5 D:\CI4\Pengaduan\vendor\codeigniter4\framework\system\CodeIgniter.php(936): App\Controllers\Controllermasyarakat->tampilrespon('23')
#6 D:\CI4\Pengaduan\vendor\codeigniter4\framework\system\CodeIgniter.php(432): CodeIgniter\CodeIgniter->runController(Object(App\Controllers\Controllermasyarakat))
#7 D:\CI4\Pengaduan\vendor\codeigniter4\framework\system\CodeIgniter.php(333): CodeIgniter\CodeIgniter->handleRequest(NULL, Object(Config\Cache), false)
#8 D:\CI4\Pengaduan\public\index.php(44): CodeIgniter\CodeIgniter->run()
#9 D:\CI4\Pengaduan\vendor\codeigniter4\framework\system\Commands\Server\rewrite.php(45): require_once('D:\\CI4\\Pengadua...')
#10 {main}
CRITICAL - 2021-03-30 06:46:05 --> Undefined offset: 0
#0 D:\CI4\Pengaduan\app\Views\Masyarakat\tampilrespon.php(7): CodeIgniter\Debug\Exceptions->errorHandler(8, 'Undefined offse...', 'D:\\CI4\\Pengadua...', 7, Array)
#1 D:\CI4\Pengaduan\vendor\codeigniter4\framework\system\View\View.php(220): include('D:\\CI4\\Pengadua...')
#2 D:\CI4\Pengaduan\vendor\codeigniter4\framework\system\View\View.php(222): CodeIgniter\View\View->CodeIgniter\View\{closure}()
#3 D:\CI4\Pengaduan\vendor\codeigniter4\framework\system\Common.php(1217): CodeIgniter\View\View->render('Masyarakat/tamp...', Array, true)
#4 D:\CI4\Pengaduan\app\Controllers\Controllermasyarakat.php(122): view('Masyarakat/tamp...', Array)
#5 D:\CI4\Pengaduan\vendor\codeigniter4\framework\system\CodeIgniter.php(936): App\Controllers\Controllermasyarakat->tampilrespon('23')
#6 D:\CI4\Pengaduan\vendor\codeigniter4\framework\system\CodeIgniter.php(432): CodeIgniter\CodeIgniter->runController(Object(App\Controllers\Controllermasyarakat))
#7 D:\CI4\Pengaduan\vendor\codeigniter4\framework\system\CodeIgniter.php(333): CodeIgniter\CodeIgniter->handleRequest(NULL, Object(Config\Cache), false)
#8 D:\CI4\Pengaduan\public\index.php(44): CodeIgniter\CodeIgniter->run()
#9 D:\CI4\Pengaduan\vendor\codeigniter4\framework\system\Commands\Server\rewrite.php(45): require_once('D:\\CI4\\Pengadua...')
#10 {main}
CRITICAL - 2021-03-30 06:46:05 --> Undefined offset: 0
#0 D:\CI4\Pengaduan\app\Views\Masyarakat\tampilrespon.php(7): CodeIgniter\Debug\Exceptions->errorHandler(8, 'Undefined offse...', 'D:\\CI4\\Pengadua...', 7, Array)
#1 D:\CI4\Pengaduan\vendor\codeigniter4\framework\system\View\View.php(220): include('D:\\CI4\\Pengadua...')
#2 D:\CI4\Pengaduan\vendor\codeigniter4\framework\system\View\View.php(222): CodeIgniter\View\View->CodeIgniter\View\{closure}()
#3 D:\CI4\Pengaduan\vendor\codeigniter4\framework\system\Common.php(1217): CodeIgniter\View\View->render('Masyarakat/tamp...', Array, true)
#4 D:\CI4\Pengaduan\app\Controllers\Controllermasyarakat.php(122): view('Masyarakat/tamp...', Array)
#5 D:\CI4\Pengaduan\vendor\codeigniter4\framework\system\CodeIgniter.php(936): App\Controllers\Controllermasyarakat->tampilrespon('23')
#6 D:\CI4\Pengaduan\vendor\codeigniter4\framework\system\CodeIgniter.php(432): CodeIgniter\CodeIgniter->runController(Object(App\Controllers\Controllermasyarakat))
#7 D:\CI4\Pengaduan\vendor\codeigniter4\framework\system\CodeIgniter.php(333): CodeIgniter\CodeIgniter->handleRequest(NULL, Object(Config\Cache), false)
#8 D:\CI4\Pengaduan\public\index.php(44): CodeIgniter\CodeIgniter->run()
#9 D:\CI4\Pengaduan\vendor\codeigniter4\framework\system\Commands\Server\rewrite.php(45): require_once('D:\\CI4\\Pengadua...')
#10 {main}
CRITICAL - 2021-03-30 06:46:06 --> Undefined offset: 0
#0 D:\CI4\Pengaduan\app\Views\Masyarakat\tampilrespon.php(7): CodeIgniter\Debug\Exceptions->errorHandler(8, 'Undefined offse...', 'D:\\CI4\\Pengadua...', 7, Array)
#1 D:\CI4\Pengaduan\vendor\codeigniter4\framework\system\View\View.php(220): include('D:\\CI4\\Pengadua...')
#2 D:\CI4\Pengaduan\vendor\codeigniter4\framework\system\View\View.php(222): CodeIgniter\View\View->CodeIgniter\View\{closure}()
#3 D:\CI4\Pengaduan\vendor\codeigniter4\framework\system\Common.php(1217): CodeIgniter\View\View->render('Masyarakat/tamp...', Array, true)
#4 D:\CI4\Pengaduan\app\Controllers\Controllermasyarakat.php(122): view('Masyarakat/tamp...', Array)
#5 D:\CI4\Pengaduan\vendor\codeigniter4\framework\system\CodeIgniter.php(936): App\Controllers\Controllermasyarakat->tampilrespon('23')
#6 D:\CI4\Pengaduan\vendor\codeigniter4\framework\system\CodeIgniter.php(432): CodeIgniter\CodeIgniter->runController(Object(App\Controllers\Controllermasyarakat))
#7 D:\CI4\Pengaduan\vendor\codeigniter4\framework\system\CodeIgniter.php(333): CodeIgniter\CodeIgniter->handleRequest(NULL, Object(Config\Cache), false)
#8 D:\CI4\Pengaduan\public\index.php(44): CodeIgniter\CodeIgniter->run()
#9 D:\CI4\Pengaduan\vendor\codeigniter4\framework\system\Commands\Server\rewrite.php(45): require_once('D:\\CI4\\Pengadua...')
#10 {main}
CRITICAL - 2021-03-30 06:46:07 --> Undefined offset: 0
#0 D:\CI4\Pengaduan\app\Views\Masyarakat\tampilrespon.php(7): CodeIgniter\Debug\Exceptions->errorHandler(8, 'Undefined offse...', 'D:\\CI4\\Pengadua...', 7, Array)
#1 D:\CI4\Pengaduan\vendor\codeigniter4\framework\system\View\View.php(220): include('D:\\CI4\\Pengadua...')
#2 D:\CI4\Pengaduan\vendor\codeigniter4\framework\system\View\View.php(222): CodeIgniter\View\View->CodeIgniter\View\{closure}()
#3 D:\CI4\Pengaduan\vendor\codeigniter4\framework\system\Common.php(1217): CodeIgniter\View\View->render('Masyarakat/tamp...', Array, true)
#4 D:\CI4\Pengaduan\app\Controllers\Controllermasyarakat.php(122): view('Masyarakat/tamp...', Array)
#5 D:\CI4\Pengaduan\vendor\codeigniter4\framework\system\CodeIgniter.php(936): App\Controllers\Controllermasyarakat->tampilrespon('23')
#6 D:\CI4\Pengaduan\vendor\codeigniter4\framework\system\CodeIgniter.php(432): CodeIgniter\CodeIgniter->runController(Object(App\Controllers\Controllermasyarakat))
#7 D:\CI4\Pengaduan\vendor\codeigniter4\framework\system\CodeIgniter.php(333): CodeIgniter\CodeIgniter->handleRequest(NULL, Object(Config\Cache), false)
#8 D:\CI4\Pengaduan\public\index.php(44): CodeIgniter\CodeIgniter->run()
#9 D:\CI4\Pengaduan\vendor\codeigniter4\framework\system\Commands\Server\rewrite.php(45): require_once('D:\\CI4\\Pengadua...')
#10 {main}
CRITICAL - 2021-03-30 06:46:08 --> Undefined offset: 0
#0 D:\CI4\Pengaduan\app\Views\Masyarakat\tampilrespon.php(7): CodeIgniter\Debug\Exceptions->errorHandler(8, 'Undefined offse...', 'D:\\CI4\\Pengadua...', 7, Array)
#1 D:\CI4\Pengaduan\vendor\codeigniter4\framework\system\View\View.php(220): include('D:\\CI4\\Pengadua...')
#2 D:\CI4\Pengaduan\vendor\codeigniter4\framework\system\View\View.php(222): CodeIgniter\View\View->CodeIgniter\View\{closure}()
#3 D:\CI4\Pengaduan\vendor\codeigniter4\framework\system\Common.php(1217): CodeIgniter\View\View->render('Masyarakat/tamp...', Array, true)
#4 D:\CI4\Pengaduan\app\Controllers\Controllermasyarakat.php(122): view('Masyarakat/tamp...', Array)
#5 D:\CI4\Pengaduan\vendor\codeigniter4\framework\system\CodeIgniter.php(936): App\Controllers\Controllermasyarakat->tampilrespon('23')
#6 D:\CI4\Pengaduan\vendor\codeigniter4\framework\system\CodeIgniter.php(432): CodeIgniter\CodeIgniter->runController(Object(App\Controllers\Controllermasyarakat))
#7 D:\CI4\Pengaduan\vendor\codeigniter4\framework\system\CodeIgniter.php(333): CodeIgniter\CodeIgniter->handleRequest(NULL, Object(Config\Cache), false)
#8 D:\CI4\Pengaduan\public\index.php(44): CodeIgniter\CodeIgniter->run()
#9 D:\CI4\Pengaduan\vendor\codeigniter4\framework\system\Commands\Server\rewrite.php(45): require_once('D:\\CI4\\Pengadua...')
#10 {main}
CRITICAL - 2021-03-30 06:46:09 --> Undefined offset: 0
#0 D:\CI4\Pengaduan\app\Views\Masyarakat\tampilrespon.php(7): CodeIgniter\Debug\Exceptions->errorHandler(8, 'Undefined offse...', 'D:\\CI4\\Pengadua...', 7, Array)
#1 D:\CI4\Pengaduan\vendor\codeigniter4\framework\system\View\View.php(220): include('D:\\CI4\\Pengadua...')
#2 D:\CI4\Pengaduan\vendor\codeigniter4\framework\system\View\View.php(222): CodeIgniter\View\View->CodeIgniter\View\{closure}()
#3 D:\CI4\Pengaduan\vendor\codeigniter4\framework\system\Common.php(1217): CodeIgniter\View\View->render('Masyarakat/tamp...', Array, true)
#4 D:\CI4\Pengaduan\app\Controllers\Controllermasyarakat.php(122): view('Masyarakat/tamp...', Array)
#5 D:\CI4\Pengaduan\vendor\codeigniter4\framework\system\CodeIgniter.php(936): App\Controllers\Controllermasyarakat->tampilrespon('23')
#6 D:\CI4\Pengaduan\vendor\codeigniter4\framework\system\CodeIgniter.php(432): CodeIgniter\CodeIgniter->runController(Object(App\Controllers\Controllermasyarakat))
#7 D:\CI4\Pengaduan\vendor\codeigniter4\framework\system\CodeIgniter.php(333): CodeIgniter\CodeIgniter->handleRequest(NULL, Object(Config\Cache), false)
#8 D:\CI4\Pengaduan\public\index.php(44): CodeIgniter\CodeIgniter->run()
#9 D:\CI4\Pengaduan\vendor\codeigniter4\framework\system\Commands\Server\rewrite.php(45): require_once('D:\\CI4\\Pengadua...')
#10 {main}
CRITICAL - 2021-03-30 06:46:09 --> Undefined offset: 0
#0 D:\CI4\Pengaduan\app\Views\Masyarakat\tampilrespon.php(7): CodeIgniter\Debug\Exceptions->errorHandler(8, 'Undefined offse...', 'D:\\CI4\\Pengadua...', 7, Array)
#1 D:\CI4\Pengaduan\vendor\codeigniter4\framework\system\View\View.php(220): include('D:\\CI4\\Pengadua...')
#2 D:\CI4\Pengaduan\vendor\codeigniter4\framework\system\View\View.php(222): CodeIgniter\View\View->CodeIgniter\View\{closure}()
#3 D:\CI4\Pengaduan\vendor\codeigniter4\framework\system\Common.php(1217): CodeIgniter\View\View->render('Masyarakat/tamp...', Array, true)
#4 D:\CI4\Pengaduan\app\Controllers\Controllermasyarakat.php(122): view('Masyarakat/tamp...', Array)
#5 D:\CI4\Pengaduan\vendor\codeigniter4\framework\system\CodeIgniter.php(936): App\Controllers\Controllermasyarakat->tampilrespon('23')
#6 D:\CI4\Pengaduan\vendor\codeigniter4\framework\system\CodeIgniter.php(432): CodeIgniter\CodeIgniter->runController(Object(App\Controllers\Controllermasyarakat))
#7 D:\CI4\Pengaduan\vendor\codeigniter4\framework\system\CodeIgniter.php(333): CodeIgniter\CodeIgniter->handleRequest(NULL, Object(Config\Cache), false)
#8 D:\CI4\Pengaduan\public\index.php(44): CodeIgniter\CodeIgniter->run()
#9 D:\CI4\Pengaduan\vendor\codeigniter4\framework\system\Commands\Server\rewrite.php(45): require_once('D:\\CI4\\Pengadua...')
#10 {main}
CRITICAL - 2021-03-30 06:46:10 --> Undefined offset: 0
#0 D:\CI4\Pengaduan\app\Views\Masyarakat\tampilrespon.php(7): CodeIgniter\Debug\Exceptions->errorHandler(8, 'Undefined offse...', 'D:\\CI4\\Pengadua...', 7, Array)
#1 D:\CI4\Pengaduan\vendor\codeigniter4\framework\system\View\View.php(220): include('D:\\CI4\\Pengadua...')
#2 D:\CI4\Pengaduan\vendor\codeigniter4\framework\system\View\View.php(222): CodeIgniter\View\View->CodeIgniter\View\{closure}()
#3 D:\CI4\Pengaduan\vendor\codeigniter4\framework\system\Common.php(1217): CodeIgniter\View\View->render('Masyarakat/tamp...', Array, true)
#4 D:\CI4\Pengaduan\app\Controllers\Controllermasyarakat.php(122): view('Masyarakat/tamp...', Array)
#5 D:\CI4\Pengaduan\vendor\codeigniter4\framework\system\CodeIgniter.php(936): App\Controllers\Controllermasyarakat->tampilrespon('23')
#6 D:\CI4\Pengaduan\vendor\codeigniter4\framework\system\CodeIgniter.php(432): CodeIgniter\CodeIgniter->runController(Object(App\Controllers\Controllermasyarakat))
#7 D:\CI4\Pengaduan\vendor\codeigniter4\framework\system\CodeIgniter.php(333): CodeIgniter\CodeIgniter->handleRequest(NULL, Object(Config\Cache), false)
#8 D:\CI4\Pengaduan\public\index.php(44): CodeIgniter\CodeIgniter->run()
#9 D:\CI4\Pengaduan\vendor\codeigniter4\framework\system\Commands\Server\rewrite.php(45): require_once('D:\\CI4\\Pengadua...')
#10 {main}
CRITICAL - 2021-03-30 06:46:11 --> Undefined offset: 0
#0 D:\CI4\Pengaduan\app\Views\Masyarakat\tampilrespon.php(7): CodeIgniter\Debug\Exceptions->errorHandler(8, 'Undefined offse...', 'D:\\CI4\\Pengadua...', 7, Array)
#1 D:\CI4\Pengaduan\vendor\codeigniter4\framework\system\View\View.php(220): include('D:\\CI4\\Pengadua...')
#2 D:\CI4\Pengaduan\vendor\codeigniter4\framework\system\View\View.php(222): CodeIgniter\View\View->CodeIgniter\View\{closure}()
#3 D:\CI4\Pengaduan\vendor\codeigniter4\framework\system\Common.php(1217): CodeIgniter\View\View->render('Masyarakat/tamp...', Array, true)
#4 D:\CI4\Pengaduan\app\Controllers\Controllermasyarakat.php(122): view('Masyarakat/tamp...', Array)
#5 D:\CI4\Pengaduan\vendor\codeigniter4\framework\system\CodeIgniter.php(936): App\Controllers\Controllermasyarakat->tampilrespon('23')
#6 D:\CI4\Pengaduan\vendor\codeigniter4\framework\system\CodeIgniter.php(432): CodeIgniter\CodeIgniter->runController(Object(App\Controllers\Controllermasyarakat))
#7 D:\CI4\Pengaduan\vendor\codeigniter4\framework\system\CodeIgniter.php(333): CodeIgniter\CodeIgniter->handleRequest(NULL, Object(Config\Cache), false)
#8 D:\CI4\Pengaduan\public\index.php(44): CodeIgniter\CodeIgniter->run()
#9 D:\CI4\Pengaduan\vendor\codeigniter4\framework\system\Commands\Server\rewrite.php(45): require_once('D:\\CI4\\Pengadua...')
#10 {main}
CRITICAL - 2021-03-30 06:46:12 --> Undefined offset: 0
#0 D:\CI4\Pengaduan\app\Views\Masyarakat\tampilrespon.php(7): CodeIgniter\Debug\Exceptions->errorHandler(8, 'Undefined offse...', 'D:\\CI4\\Pengadua...', 7, Array)
#1 D:\CI4\Pengaduan\vendor\codeigniter4\framework\system\View\View.php(220): include('D:\\CI4\\Pengadua...')
#2 D:\CI4\Pengaduan\vendor\codeigniter4\framework\system\View\View.php(222): CodeIgniter\View\View->CodeIgniter\View\{closure}()
#3 D:\CI4\Pengaduan\vendor\codeigniter4\framework\system\Common.php(1217): CodeIgniter\View\View->render('Masyarakat/tamp...', Array, true)
#4 D:\CI4\Pengaduan\app\Controllers\Controllermasyarakat.php(122): view('Masyarakat/tamp...', Array)
#5 D:\CI4\Pengaduan\vendor\codeigniter4\framework\system\CodeIgniter.php(936): App\Controllers\Controllermasyarakat->tampilrespon('23')
#6 D:\CI4\Pengaduan\vendor\codeigniter4\framework\system\CodeIgniter.php(432): CodeIgniter\CodeIgniter->runController(Object(App\Controllers\Controllermasyarakat))
#7 D:\CI4\Pengaduan\vendor\codeigniter4\framework\system\CodeIgniter.php(333): CodeIgniter\CodeIgniter->handleRequest(NULL, Object(Config\Cache), false)
#8 D:\CI4\Pengaduan\public\index.php(44): CodeIgniter\CodeIgniter->run()
#9 D:\CI4\Pengaduan\vendor\codeigniter4\framework\system\Commands\Server\rewrite.php(45): require_once('D:\\CI4\\Pengadua...')
#10 {main}
CRITICAL - 2021-03-30 06:46:12 --> Undefined offset: 0
#0 D:\CI4\Pengaduan\app\Views\Masyarakat\tampilrespon.php(7): CodeIgniter\Debug\Exceptions->errorHandler(8, 'Undefined offse...', 'D:\\CI4\\Pengadua...', 7, Array)
#1 D:\CI4\Pengaduan\vendor\codeigniter4\framework\system\View\View.php(220): include('D:\\CI4\\Pengadua...')
#2 D:\CI4\Pengaduan\vendor\codeigniter4\framework\system\View\View.php(222): CodeIgniter\View\View->CodeIgniter\View\{closure}()
#3 D:\CI4\Pengaduan\vendor\codeigniter4\framework\system\Common.php(1217): CodeIgniter\View\View->render('Masyarakat/tamp...', Array, true)
#4 D:\CI4\Pengaduan\app\Controllers\Controllermasyarakat.php(122): view('Masyarakat/tamp...', Array)
#5 D:\CI4\Pengaduan\vendor\codeigniter4\framework\system\CodeIgniter.php(936): App\Controllers\Controllermasyarakat->tampilrespon('23')
#6 D:\CI4\Pengaduan\vendor\codeigniter4\framework\system\CodeIgniter.php(432): CodeIgniter\CodeIgniter->runController(Object(App\Controllers\Controllermasyarakat))
#7 D:\CI4\Pengaduan\vendor\codeigniter4\framework\system\CodeIgniter.php(333): CodeIgniter\CodeIgniter->handleRequest(NULL, Object(Config\Cache), false)
#8 D:\CI4\Pengaduan\public\index.php(44): CodeIgniter\CodeIgniter->run()
#9 D:\CI4\Pengaduan\vendor\codeigniter4\framework\system\Commands\Server\rewrite.php(45): require_once('D:\\CI4\\Pengadua...')
#10 {main}
