CRITICAL - 2021-03-22 20:34:06 --> Undefined variable: session_data
#0 D:\CI4\Pengaduan\app\Controllers\Controllermasyarakat.php(118): CodeIgniter\Debug\Exceptions->errorHandler(8, 'Undefined varia...', 'D:\\CI4\\Pengadua...', 118, Array)
#1 D:\CI4\Pengaduan\vendor\codeigniter4\framework\system\CodeIgniter.php(936): App\Controllers\Controllermasyarakat->process()
#2 D:\CI4\Pengaduan\vendor\codeigniter4\framework\system\CodeIgniter.php(432): CodeIgniter\CodeIgniter->runController(Object(App\Controllers\Controllermasyarakat))
#3 D:\CI4\Pengaduan\vendor\codeigniter4\framework\system\CodeIgniter.php(333): CodeIgniter\CodeIgniter->handleRequest(NULL, Object(Config\Cache), false)
#4 D:\CI4\Pengaduan\public\index.php(44): CodeIgniter\CodeIgniter->run()
#5 D:\CI4\Pengaduan\vendor\codeigniter4\framework\system\Commands\Server\rewrite.php(45): require_once('D:\\CI4\\Pengadua...')
#6 {main}
CRITICAL - 2021-03-22 20:40:21 --> Undefined variable: session_data
#0 D:\CI4\Pengaduan\app\Controllers\Controllermasyarakat.php(118): CodeIgniter\Debug\Exceptions->errorHandler(8, 'Undefined varia...', 'D:\\CI4\\Pengadua...', 118, Array)
#1 D:\CI4\Pengaduan\vendor\codeigniter4\framework\system\CodeIgniter.php(936): App\Controllers\Controllermasyarakat->process()
#2 D:\CI4\Pengaduan\vendor\codeigniter4\framework\system\CodeIgniter.php(432): CodeIgniter\CodeIgniter->runController(Object(App\Controllers\Controllermasyarakat))
#3 D:\CI4\Pengaduan\vendor\codeigniter4\framework\system\CodeIgniter.php(333): CodeIgniter\CodeIgniter->handleRequest(NULL, Object(Config\Cache), false)
#4 D:\CI4\Pengaduan\public\index.php(44): CodeIgniter\CodeIgniter->run()
#5 D:\CI4\Pengaduan\vendor\codeigniter4\framework\system\Commands\Server\rewrite.php(45): require_once('D:\\CI4\\Pengadua...')
#6 {main}
CRITICAL - 2021-03-22 20:40:26 --> Undefined variable: session_data
#0 D:\CI4\Pengaduan\app\Controllers\Controllermasyarakat.php(118): CodeIgniter\Debug\Exceptions->errorHandler(8, 'Undefined varia...', 'D:\\CI4\\Pengadua...', 118, Array)
#1 D:\CI4\Pengaduan\vendor\codeigniter4\framework\system\CodeIgniter.php(936): App\Controllers\Controllermasyarakat->process()
#2 D:\CI4\Pengaduan\vendor\codeigniter4\framework\system\CodeIgniter.php(432): CodeIgniter\CodeIgniter->runController(Object(App\Controllers\Controllermasyarakat))
#3 D:\CI4\Pengaduan\vendor\codeigniter4\framework\system\CodeIgniter.php(333): CodeIgniter\CodeIgniter->handleRequest(NULL, Object(Config\Cache), false)
#4 D:\CI4\Pengaduan\public\index.php(44): CodeIgniter\CodeIgniter->run()
#5 D:\CI4\Pengaduan\vendor\codeigniter4\framework\system\Commands\Server\rewrite.php(45): require_once('D:\\CI4\\Pengadua...')
#6 {main}
CRITICAL - 2021-03-22 20:50:31 --> Call to undefined function timezone_select()
#0 D:\CI4\Pengaduan\vendor\codeigniter4\framework\system\View\View.php(220): include()
#1 D:\CI4\Pengaduan\vendor\codeigniter4\framework\system\View\View.php(222): CodeIgniter\View\View->CodeIgniter\View\{closure}()
#2 D:\CI4\Pengaduan\vendor\codeigniter4\framework\system\Common.php(1217): CodeIgniter\View\View->render('Masyarakat/form...', Array, true)
#3 D:\CI4\Pengaduan\app\Controllers\Controllermasyarakat.php(92): view('Masyarakat/form...', Array)
#4 D:\CI4\Pengaduan\vendor\codeigniter4\framework\system\CodeIgniter.php(936): App\Controllers\Controllermasyarakat->pengaduan()
#5 D:\CI4\Pengaduan\vendor\codeigniter4\framework\system\CodeIgniter.php(432): CodeIgniter\CodeIgniter->runController(Object(App\Controllers\Controllermasyarakat))
#6 D:\CI4\Pengaduan\vendor\codeigniter4\framework\system\CodeIgniter.php(333): CodeIgniter\CodeIgniter->handleRequest(NULL, Object(Config\Cache), false)
#7 D:\CI4\Pengaduan\public\index.php(44): CodeIgniter\CodeIgniter->run()
#8 D:\CI4\Pengaduan\vendor\codeigniter4\framework\system\Commands\Server\rewrite.php(45): require_once('D:\\CI4\\Pengadua...')
#9 {main}
CRITICAL - 2021-03-22 20:51:12 --> Call to undefined function now()
#0 D:\CI4\Pengaduan\vendor\codeigniter4\framework\system\View\View.php(220): include()
#1 D:\CI4\Pengaduan\vendor\codeigniter4\framework\system\View\View.php(222): CodeIgniter\View\View->CodeIgniter\View\{closure}()
#2 D:\CI4\Pengaduan\vendor\codeigniter4\framework\system\Common.php(1217): CodeIgniter\View\View->render('Masyarakat/form...', Array, true)
#3 D:\CI4\Pengaduan\app\Controllers\Controllermasyarakat.php(92): view('Masyarakat/form...', Array)
#4 D:\CI4\Pengaduan\vendor\codeigniter4\framework\system\CodeIgniter.php(936): App\Controllers\Controllermasyarakat->pengaduan()
#5 D:\CI4\Pengaduan\vendor\codeigniter4\framework\system\CodeIgniter.php(432): CodeIgniter\CodeIgniter->runController(Object(App\Controllers\Controllermasyarakat))
#6 D:\CI4\Pengaduan\vendor\codeigniter4\framework\system\CodeIgniter.php(333): CodeIgniter\CodeIgniter->handleRequest(NULL, Object(Config\Cache), false)
#7 D:\CI4\Pengaduan\public\index.php(44): CodeIgniter\CodeIgniter->run()
#8 D:\CI4\Pengaduan\vendor\codeigniter4\framework\system\Commands\Server\rewrite.php(45): require_once('D:\\CI4\\Pengadua...')
#9 {main}
CRITICAL - 2021-03-22 20:53:38 --> Class 'Time' not found
#0 D:\CI4\Pengaduan\vendor\codeigniter4\framework\system\View\View.php(220): include()
#1 D:\CI4\Pengaduan\vendor\codeigniter4\framework\system\View\View.php(222): CodeIgniter\View\View->CodeIgniter\View\{closure}()
#2 D:\CI4\Pengaduan\vendor\codeigniter4\framework\system\Common.php(1217): CodeIgniter\View\View->render('Masyarakat/form...', Array, true)
#3 D:\CI4\Pengaduan\app\Controllers\Controllermasyarakat.php(93): view('Masyarakat/form...', Array)
#4 D:\CI4\Pengaduan\vendor\codeigniter4\framework\system\CodeIgniter.php(936): App\Controllers\Controllermasyarakat->pengaduan()
#5 D:\CI4\Pengaduan\vendor\codeigniter4\framework\system\CodeIgniter.php(432): CodeIgniter\CodeIgniter->runController(Object(App\Controllers\Controllermasyarakat))
#6 D:\CI4\Pengaduan\vendor\codeigniter4\framework\system\CodeIgniter.php(333): CodeIgniter\CodeIgniter->handleRequest(NULL, Object(Config\Cache), false)
#7 D:\CI4\Pengaduan\public\index.php(44): CodeIgniter\CodeIgniter->run()
#8 D:\CI4\Pengaduan\vendor\codeigniter4\framework\system\Commands\Server\rewrite.php(45): require_once('D:\\CI4\\Pengadua...')
#9 {main}
CRITICAL - 2021-03-22 20:54:05 --> date() expects at least 1 parameter, 0 given
#0 [internal function]: CodeIgniter\Debug\Exceptions->errorHandler(2, 'date() expects ...', 'D:\\CI4\\Pengadua...', 34, Array)
#1 D:\CI4\Pengaduan\app\Views\Masyarakat\form_upload.php(34): date()
#2 D:\CI4\Pengaduan\vendor\codeigniter4\framework\system\View\View.php(220): include('D:\\CI4\\Pengadua...')
#3 D:\CI4\Pengaduan\vendor\codeigniter4\framework\system\View\View.php(222): CodeIgniter\View\View->CodeIgniter\View\{closure}()
#4 D:\CI4\Pengaduan\vendor\codeigniter4\framework\system\Common.php(1217): CodeIgniter\View\View->render('Masyarakat/form...', Array, true)
#5 D:\CI4\Pengaduan\app\Controllers\Controllermasyarakat.php(93): view('Masyarakat/form...', Array)
#6 D:\CI4\Pengaduan\vendor\codeigniter4\framework\system\CodeIgniter.php(936): App\Controllers\Controllermasyarakat->pengaduan()
#7 D:\CI4\Pengaduan\vendor\codeigniter4\framework\system\CodeIgniter.php(432): CodeIgniter\CodeIgniter->runController(Object(App\Controllers\Controllermasyarakat))
#8 D:\CI4\Pengaduan\vendor\codeigniter4\framework\system\CodeIgniter.php(333): CodeIgniter\CodeIgniter->handleRequest(NULL, Object(Config\Cache), false)
#9 D:\CI4\Pengaduan\public\index.php(44): CodeIgniter\CodeIgniter->run()
#10 D:\CI4\Pengaduan\vendor\codeigniter4\framework\system\Commands\Server\rewrite.php(45): require_once('D:\\CI4\\Pengadua...')
#11 {main}
CRITICAL - 2021-03-22 20:54:38 --> Use of undefined constant date_timezone_set - assumed 'date_timezone_set' (this will throw an Error in a future version of PHP)
#0 D:\CI4\Pengaduan\app\Views\Masyarakat\form_upload.php(34): CodeIgniter\Debug\Exceptions->errorHandler(2, 'Use of undefine...', 'D:\\CI4\\Pengadua...', 34, Array)
#1 D:\CI4\Pengaduan\vendor\codeigniter4\framework\system\View\View.php(220): include('D:\\CI4\\Pengadua...')
#2 D:\CI4\Pengaduan\vendor\codeigniter4\framework\system\View\View.php(222): CodeIgniter\View\View->CodeIgniter\View\{closure}()
#3 D:\CI4\Pengaduan\vendor\codeigniter4\framework\system\Common.php(1217): CodeIgniter\View\View->render('Masyarakat/form...', Array, true)
#4 D:\CI4\Pengaduan\app\Controllers\Controllermasyarakat.php(93): view('Masyarakat/form...', Array)
#5 D:\CI4\Pengaduan\vendor\codeigniter4\framework\system\CodeIgniter.php(936): App\Controllers\Controllermasyarakat->pengaduan()
#6 D:\CI4\Pengaduan\vendor\codeigniter4\framework\system\CodeIgniter.php(432): CodeIgniter\CodeIgniter->runController(Object(App\Controllers\Controllermasyarakat))
#7 D:\CI4\Pengaduan\vendor\codeigniter4\framework\system\CodeIgniter.php(333): CodeIgniter\CodeIgniter->handleRequest(NULL, Object(Config\Cache), false)
#8 D:\CI4\Pengaduan\public\index.php(44): CodeIgniter\CodeIgniter->run()
#9 D:\CI4\Pengaduan\vendor\codeigniter4\framework\system\Commands\Server\rewrite.php(45): require_once('D:\\CI4\\Pengadua...')
#10 {main}
CRITICAL - 2021-03-22 21:01:31 --> Call to undefined method CodeIgniter\HTTP\IncomingRequest::get()
#0 D:\CI4\Pengaduan\vendor\codeigniter4\framework\system\CodeIgniter.php(936): App\Controllers\Controllermasyarakat->process()
#1 D:\CI4\Pengaduan\vendor\codeigniter4\framework\system\CodeIgniter.php(432): CodeIgniter\CodeIgniter->runController(Object(App\Controllers\Controllermasyarakat))
#2 D:\CI4\Pengaduan\vendor\codeigniter4\framework\system\CodeIgniter.php(333): CodeIgniter\CodeIgniter->handleRequest(NULL, Object(Config\Cache), false)
#3 D:\CI4\Pengaduan\public\index.php(44): CodeIgniter\CodeIgniter->run()
#4 D:\CI4\Pengaduan\vendor\codeigniter4\framework\system\Commands\Server\rewrite.php(45): require_once('D:\\CI4\\Pengadua...')
#5 {main}
CRITICAL - 2021-03-22 21:02:13 --> Call to undefined function get()
#0 D:\CI4\Pengaduan\vendor\codeigniter4\framework\system\CodeIgniter.php(936): App\Controllers\Controllermasyarakat->process()
#1 D:\CI4\Pengaduan\vendor\codeigniter4\framework\system\CodeIgniter.php(432): CodeIgniter\CodeIgniter->runController(Object(App\Controllers\Controllermasyarakat))
#2 D:\CI4\Pengaduan\vendor\codeigniter4\framework\system\CodeIgniter.php(333): CodeIgniter\CodeIgniter->handleRequest(NULL, Object(Config\Cache), false)
#3 D:\CI4\Pengaduan\public\index.php(44): CodeIgniter\CodeIgniter->run()
#4 D:\CI4\Pengaduan\vendor\codeigniter4\framework\system\Commands\Server\rewrite.php(45): require_once('D:\\CI4\\Pengadua...')
#5 {main}
