CRITICAL - 2021-03-27 20:53:08 --> Class 'App\Controllers\PetugasModel' not found
#0 D:\CI4\Pengaduan\vendor\codeigniter4\framework\system\CodeIgniter.php(936): App\Controllers\Petugas->simpanPetugas()
#1 D:\CI4\Pengaduan\vendor\codeigniter4\framework\system\CodeIgniter.php(432): CodeIgniter\CodeIgniter->runController(Object(App\Controllers\Petugas))
#2 D:\CI4\Pengaduan\vendor\codeigniter4\framework\system\CodeIgniter.php(333): CodeIgniter\CodeIgniter->handleRequest(NULL, Object(Config\Cache), false)
#3 D:\CI4\Pengaduan\public\index.php(44): CodeIgniter\CodeIgniter->run()
#4 D:\CI4\Pengaduan\vendor\codeigniter4\framework\system\Commands\Server\rewrite.php(45): require_once('D:\\CI4\\Pengadua...')
#5 {main}
CRITICAL - 2021-03-27 21:01:06 --> Call to undefined function form_open_multipart()
#0 D:\CI4\Pengaduan\vendor\codeigniter4\framework\system\View\View.php(220): include()
#1 D:\CI4\Pengaduan\vendor\codeigniter4\framework\system\View\View.php(222): CodeIgniter\View\View->CodeIgniter\View\{closure}()
#2 D:\CI4\Pengaduan\vendor\codeigniter4\framework\system\Common.php(1217): CodeIgniter\View\View->render('Masyarakat/form...', Array, true)
#3 D:\CI4\Pengaduan\app\Controllers\Controllermasyarakat.php(60): view('Masyarakat/form...', Array)
#4 D:\CI4\Pengaduan\vendor\codeigniter4\framework\system\CodeIgniter.php(936): App\Controllers\Controllermasyarakat->pengaduan()
#5 D:\CI4\Pengaduan\vendor\codeigniter4\framework\system\CodeIgniter.php(432): CodeIgniter\CodeIgniter->runController(Object(App\Controllers\Controllermasyarakat))
#6 D:\CI4\Pengaduan\vendor\codeigniter4\framework\system\CodeIgniter.php(333): CodeIgniter\CodeIgniter->handleRequest(NULL, Object(Config\Cache), false)
#7 D:\CI4\Pengaduan\public\index.php(44): CodeIgniter\CodeIgniter->run()
#8 D:\CI4\Pengaduan\vendor\codeigniter4\framework\system\Commands\Server\rewrite.php(45): require_once('D:\\CI4\\Pengadua...')
#9 {main}
CRITICAL - 2021-03-27 21:04:42 --> Call to undefined function form_open_multipart()
#0 D:\CI4\Pengaduan\vendor\codeigniter4\framework\system\View\View.php(220): include()
#1 D:\CI4\Pengaduan\vendor\codeigniter4\framework\system\View\View.php(222): CodeIgniter\View\View->CodeIgniter\View\{closure}()
#2 D:\CI4\Pengaduan\vendor\codeigniter4\framework\system\Common.php(1217): CodeIgniter\View\View->render('Masyarakat/form...', Array, true)
#3 D:\CI4\Pengaduan\app\Controllers\Controllermasyarakat.php(60): view('Masyarakat/form...', Array)
#4 D:\CI4\Pengaduan\vendor\codeigniter4\framework\system\CodeIgniter.php(936): App\Controllers\Controllermasyarakat->pengaduan()
#5 D:\CI4\Pengaduan\vendor\codeigniter4\framework\system\CodeIgniter.php(432): CodeIgniter\CodeIgniter->runController(Object(App\Controllers\Controllermasyarakat))
#6 D:\CI4\Pengaduan\vendor\codeigniter4\framework\system\CodeIgniter.php(333): CodeIgniter\CodeIgniter->handleRequest(NULL, Object(Config\Cache), false)
#7 D:\CI4\Pengaduan\public\index.php(44): CodeIgniter\CodeIgniter->run()
#8 D:\CI4\Pengaduan\vendor\codeigniter4\framework\system\Commands\Server\rewrite.php(45): require_once('D:\\CI4\\Pengadua...')
#9 {main}
CRITICAL - 2021-03-27 21:05:40 --> Call to undefined function form_open_multipart()
#0 D:\CI4\Pengaduan\vendor\codeigniter4\framework\system\View\View.php(220): include()
#1 D:\CI4\Pengaduan\vendor\codeigniter4\framework\system\View\View.php(222): CodeIgniter\View\View->CodeIgniter\View\{closure}()
#2 D:\CI4\Pengaduan\vendor\codeigniter4\framework\system\Common.php(1217): CodeIgniter\View\View->render('Masyarakat/form...', Array, true)
#3 D:\CI4\Pengaduan\app\Controllers\Controllermasyarakat.php(60): view('Masyarakat/form...', Array)
#4 D:\CI4\Pengaduan\vendor\codeigniter4\framework\system\CodeIgniter.php(936): App\Controllers\Controllermasyarakat->pengaduan()
#5 D:\CI4\Pengaduan\vendor\codeigniter4\framework\system\CodeIgniter.php(432): CodeIgniter\CodeIgniter->runController(Object(App\Controllers\Controllermasyarakat))
#6 D:\CI4\Pengaduan\vendor\codeigniter4\framework\system\CodeIgniter.php(333): CodeIgniter\CodeIgniter->handleRequest(NULL, Object(Config\Cache), false)
#7 D:\CI4\Pengaduan\public\index.php(44): CodeIgniter\CodeIgniter->run()
#8 D:\CI4\Pengaduan\vendor\codeigniter4\framework\system\Commands\Server\rewrite.php(45): require_once('D:\\CI4\\Pengadua...')
#9 {main}
CRITICAL - 2021-03-27 21:16:23 --> Invalid file: Masyarakat/from_upload.php
#0 D:\CI4\Pengaduan\vendor\codeigniter4\framework\system\View\View.php(203): CodeIgniter\Exceptions\FrameworkException::forInvalidFile('Masyarakat/from...')
#1 D:\CI4\Pengaduan\vendor\codeigniter4\framework\system\Common.php(1217): CodeIgniter\View\View->render('Masyarakat/from...', Array, true)
#2 D:\CI4\Pengaduan\app\Controllers\Controllermasyarakat.php(60): view('Masyarakat/from...', Array)
#3 D:\CI4\Pengaduan\vendor\codeigniter4\framework\system\CodeIgniter.php(936): App\Controllers\Controllermasyarakat->pengaduan()
#4 D:\CI4\Pengaduan\vendor\codeigniter4\framework\system\CodeIgniter.php(432): CodeIgniter\CodeIgniter->runController(Object(App\Controllers\Controllermasyarakat))
#5 D:\CI4\Pengaduan\vendor\codeigniter4\framework\system\CodeIgniter.php(333): CodeIgniter\CodeIgniter->handleRequest(NULL, Object(Config\Cache), false)
#6 D:\CI4\Pengaduan\public\index.php(44): CodeIgniter\CodeIgniter->run()
#7 D:\CI4\Pengaduan\vendor\codeigniter4\framework\system\Commands\Server\rewrite.php(45): require_once('D:\\CI4\\Pengadua...')
#8 {main}
CRITICAL - 2021-03-27 21:52:21 --> Undefined index: nama
#0 D:\CI4\Pengaduan\app\Views\Masyarakat\v_pengaduan.php(61): CodeIgniter\Debug\Exceptions->errorHandler(8, 'Undefined index...', 'D:\\CI4\\Pengadua...', 61, Array)
#1 D:\CI4\Pengaduan\vendor\codeigniter4\framework\system\View\View.php(220): include('D:\\CI4\\Pengadua...')
#2 D:\CI4\Pengaduan\vendor\codeigniter4\framework\system\View\View.php(222): CodeIgniter\View\View->CodeIgniter\View\{closure}()
#3 D:\CI4\Pengaduan\vendor\codeigniter4\framework\system\Common.php(1217): CodeIgniter\View\View->render('Masyarakat/v_pe...', Array, true)
#4 D:\CI4\Pengaduan\app\Controllers\Controllermasyarakat.php(74): view('Masyarakat/v_pe...', Array)
#5 D:\CI4\Pengaduan\vendor\codeigniter4\framework\system\CodeIgniter.php(936): App\Controllers\Controllermasyarakat->pengaduan()
#6 D:\CI4\Pengaduan\vendor\codeigniter4\framework\system\CodeIgniter.php(432): CodeIgniter\CodeIgniter->runController(Object(App\Controllers\Controllermasyarakat))
#7 D:\CI4\Pengaduan\vendor\codeigniter4\framework\system\CodeIgniter.php(333): CodeIgniter\CodeIgniter->handleRequest(NULL, Object(Config\Cache), false)
#8 D:\CI4\Pengaduan\public\index.php(44): CodeIgniter\CodeIgniter->run()
#9 D:\CI4\Pengaduan\vendor\codeigniter4\framework\system\Commands\Server\rewrite.php(45): require_once('D:\\CI4\\Pengadua...')
#10 {main}
ERROR - 2021-03-27 21:56:47 --> mysqli_sql_exception: Column 'nik' in where clause is ambiguous in D:\CI4\Pengaduan\vendor\codeigniter4\framework\system\Database\MySQLi\Connection.php:314
Stack trace:
#0 D:\CI4\Pengaduan\vendor\codeigniter4\framework\system\Database\MySQLi\Connection.php(314): mysqli->query('SELECT *\nFROM `...')
#1 D:\CI4\Pengaduan\vendor\codeigniter4\framework\system\Database\BaseConnection.php(713): CodeIgniter\Database\MySQLi\Connection->execute('SELECT *\nFROM `...')
#2 D:\CI4\Pengaduan\vendor\codeigniter4\framework\system\Database\BaseConnection.php(641): CodeIgniter\Database\BaseConnection->simpleQuery('SELECT *\nFROM `...')
#3 D:\CI4\Pengaduan\vendor\codeigniter4\framework\system\Database\BaseBuilder.php(1866): CodeIgniter\Database\BaseConnection->query('SELECT *\nFROM `...', Array, false)
#4 D:\CI4\Pengaduan\vendor\codeigniter4\framework\system\Model.php(213): CodeIgniter\Database\BaseBuilder->get()
#5 D:\CI4\Pengaduan\vendor\codeigniter4\framework\system\BaseModel.php(583): CodeIgniter\Model->doFindAll(0, 0)
#6 D:\CI4\Pengaduan\app\Controllers\Controllermasyarakat.php(74): CodeIgniter\BaseModel->findAll()
#7 D:\CI4\Pengaduan\vendor\codeigniter4\framework\system\CodeIgniter.php(936): App\Controllers\Controllermasyarakat->pengaduan()
#8 D:\CI4\Pengaduan\vendor\codeigniter4\framework\system\CodeIgniter.php(432): CodeIgniter\CodeIgniter->runController(Object(App\Controllers\Controllermasyarakat))
#9 D:\CI4\Pengaduan\vendor\codeigniter4\framework\system\CodeIgniter.php(333): CodeIgniter\CodeIgniter->handleRequest(NULL, Object(Config\Cache), false)
#10 D:\CI4\Pengaduan\public\index.php(44): CodeIgniter\CodeIgniter->run()
#11 D:\CI4\Pengaduan\vendor\codeigniter4\framework\system\Commands\Server\rewrite.php(45): require_once('D:\\CI4\\Pengadua...')
#12 {main}
CRITICAL - 2021-03-27 21:56:47 --> Column 'nik' in where clause is ambiguous
#0 D:\CI4\Pengaduan\vendor\codeigniter4\framework\system\Database\MySQLi\Connection.php(314): mysqli->query('SELECT *\nFROM `...')
#1 D:\CI4\Pengaduan\vendor\codeigniter4\framework\system\Database\BaseConnection.php(713): CodeIgniter\Database\MySQLi\Connection->execute('SELECT *\nFROM `...')
#2 D:\CI4\Pengaduan\vendor\codeigniter4\framework\system\Database\BaseConnection.php(641): CodeIgniter\Database\BaseConnection->simpleQuery('SELECT *\nFROM `...')
#3 D:\CI4\Pengaduan\vendor\codeigniter4\framework\system\Database\BaseBuilder.php(1866): CodeIgniter\Database\BaseConnection->query('SELECT *\nFROM `...', Array, false)
#4 D:\CI4\Pengaduan\vendor\codeigniter4\framework\system\Model.php(213): CodeIgniter\Database\BaseBuilder->get()
#5 D:\CI4\Pengaduan\vendor\codeigniter4\framework\system\BaseModel.php(583): CodeIgniter\Model->doFindAll(0, 0)
#6 D:\CI4\Pengaduan\app\Controllers\Controllermasyarakat.php(74): CodeIgniter\BaseModel->findAll()
#7 D:\CI4\Pengaduan\vendor\codeigniter4\framework\system\CodeIgniter.php(936): App\Controllers\Controllermasyarakat->pengaduan()
#8 D:\CI4\Pengaduan\vendor\codeigniter4\framework\system\CodeIgniter.php(432): CodeIgniter\CodeIgniter->runController(Object(App\Controllers\Controllermasyarakat))
#9 D:\CI4\Pengaduan\vendor\codeigniter4\framework\system\CodeIgniter.php(333): CodeIgniter\CodeIgniter->handleRequest(NULL, Object(Config\Cache), false)
#10 D:\CI4\Pengaduan\public\index.php(44): CodeIgniter\CodeIgniter->run()
#11 D:\CI4\Pengaduan\vendor\codeigniter4\framework\system\Commands\Server\rewrite.php(45): require_once('D:\\CI4\\Pengadua...')
#12 {main}
ERROR - 2021-03-27 21:56:53 --> mysqli_sql_exception: Column 'nik' in where clause is ambiguous in D:\CI4\Pengaduan\vendor\codeigniter4\framework\system\Database\MySQLi\Connection.php:314
Stack trace:
#0 D:\CI4\Pengaduan\vendor\codeigniter4\framework\system\Database\MySQLi\Connection.php(314): mysqli->query('SELECT *\nFROM `...')
#1 D:\CI4\Pengaduan\vendor\codeigniter4\framework\system\Database\BaseConnection.php(713): CodeIgniter\Database\MySQLi\Connection->execute('SELECT *\nFROM `...')
#2 D:\CI4\Pengaduan\vendor\codeigniter4\framework\system\Database\BaseConnection.php(641): CodeIgniter\Database\BaseConnection->simpleQuery('SELECT *\nFROM `...')
#3 D:\CI4\Pengaduan\vendor\codeigniter4\framework\system\Database\BaseBuilder.php(1866): CodeIgniter\Database\BaseConnection->query('SELECT *\nFROM `...', Array, false)
#4 D:\CI4\Pengaduan\vendor\codeigniter4\framework\system\Model.php(213): CodeIgniter\Database\BaseBuilder->get()
#5 D:\CI4\Pengaduan\vendor\codeigniter4\framework\system\BaseModel.php(583): CodeIgniter\Model->doFindAll(0, 0)
#6 D:\CI4\Pengaduan\app\Controllers\Controllermasyarakat.php(74): CodeIgniter\BaseModel->findAll()
#7 D:\CI4\Pengaduan\vendor\codeigniter4\framework\system\CodeIgniter.php(936): App\Controllers\Controllermasyarakat->pengaduan()
#8 D:\CI4\Pengaduan\vendor\codeigniter4\framework\system\CodeIgniter.php(432): CodeIgniter\CodeIgniter->runController(Object(App\Controllers\Controllermasyarakat))
#9 D:\CI4\Pengaduan\vendor\codeigniter4\framework\system\CodeIgniter.php(333): CodeIgniter\CodeIgniter->handleRequest(NULL, Object(Config\Cache), false)
#10 D:\CI4\Pengaduan\public\index.php(44): CodeIgniter\CodeIgniter->run()
#11 D:\CI4\Pengaduan\vendor\codeigniter4\framework\system\Commands\Server\rewrite.php(45): require_once('D:\\CI4\\Pengadua...')
#12 {main}
CRITICAL - 2021-03-27 21:56:53 --> Column 'nik' in where clause is ambiguous
#0 D:\CI4\Pengaduan\vendor\codeigniter4\framework\system\Database\MySQLi\Connection.php(314): mysqli->query('SELECT *\nFROM `...')
#1 D:\CI4\Pengaduan\vendor\codeigniter4\framework\system\Database\BaseConnection.php(713): CodeIgniter\Database\MySQLi\Connection->execute('SELECT *\nFROM `...')
#2 D:\CI4\Pengaduan\vendor\codeigniter4\framework\system\Database\BaseConnection.php(641): CodeIgniter\Database\BaseConnection->simpleQuery('SELECT *\nFROM `...')
#3 D:\CI4\Pengaduan\vendor\codeigniter4\framework\system\Database\BaseBuilder.php(1866): CodeIgniter\Database\BaseConnection->query('SELECT *\nFROM `...', Array, false)
#4 D:\CI4\Pengaduan\vendor\codeigniter4\framework\system\Model.php(213): CodeIgniter\Database\BaseBuilder->get()
#5 D:\CI4\Pengaduan\vendor\codeigniter4\framework\system\BaseModel.php(583): CodeIgniter\Model->doFindAll(0, 0)
#6 D:\CI4\Pengaduan\app\Controllers\Controllermasyarakat.php(74): CodeIgniter\BaseModel->findAll()
#7 D:\CI4\Pengaduan\vendor\codeigniter4\framework\system\CodeIgniter.php(936): App\Controllers\Controllermasyarakat->pengaduan()
#8 D:\CI4\Pengaduan\vendor\codeigniter4\framework\system\CodeIgniter.php(432): CodeIgniter\CodeIgniter->runController(Object(App\Controllers\Controllermasyarakat))
#9 D:\CI4\Pengaduan\vendor\codeigniter4\framework\system\CodeIgniter.php(333): CodeIgniter\CodeIgniter->handleRequest(NULL, Object(Config\Cache), false)
#10 D:\CI4\Pengaduan\public\index.php(44): CodeIgniter\CodeIgniter->run()
#11 D:\CI4\Pengaduan\vendor\codeigniter4\framework\system\Commands\Server\rewrite.php(45): require_once('D:\\CI4\\Pengadua...')
#12 {main}
ERROR - 2021-03-27 21:59:12 --> mysqli_sql_exception: Column 'nik' in where clause is ambiguous in D:\CI4\Pengaduan\vendor\codeigniter4\framework\system\Database\MySQLi\Connection.php:314
Stack trace:
#0 D:\CI4\Pengaduan\vendor\codeigniter4\framework\system\Database\MySQLi\Connection.php(314): mysqli->query('SELECT *\nFROM `...')
#1 D:\CI4\Pengaduan\vendor\codeigniter4\framework\system\Database\BaseConnection.php(713): CodeIgniter\Database\MySQLi\Connection->execute('SELECT *\nFROM `...')
#2 D:\CI4\Pengaduan\vendor\codeigniter4\framework\system\Database\BaseConnection.php(641): CodeIgniter\Database\BaseConnection->simpleQuery('SELECT *\nFROM `...')
#3 D:\CI4\Pengaduan\vendor\codeigniter4\framework\system\Database\BaseBuilder.php(1866): CodeIgniter\Database\BaseConnection->query('SELECT *\nFROM `...', Array, false)
#4 D:\CI4\Pengaduan\vendor\codeigniter4\framework\system\Model.php(213): CodeIgniter\Database\BaseBuilder->get()
#5 D:\CI4\Pengaduan\vendor\codeigniter4\framework\system\BaseModel.php(583): CodeIgniter\Model->doFindAll(0, 0)
#6 D:\CI4\Pengaduan\app\Controllers\Controllermasyarakat.php(74): CodeIgniter\BaseModel->findAll()
#7 D:\CI4\Pengaduan\vendor\codeigniter4\framework\system\CodeIgniter.php(936): App\Controllers\Controllermasyarakat->pengaduan()
#8 D:\CI4\Pengaduan\vendor\codeigniter4\framework\system\CodeIgniter.php(432): CodeIgniter\CodeIgniter->runController(Object(App\Controllers\Controllermasyarakat))
#9 D:\CI4\Pengaduan\vendor\codeigniter4\framework\system\CodeIgniter.php(333): CodeIgniter\CodeIgniter->handleRequest(NULL, Object(Config\Cache), false)
#10 D:\CI4\Pengaduan\public\index.php(44): CodeIgniter\CodeIgniter->run()
#11 D:\CI4\Pengaduan\vendor\codeigniter4\framework\system\Commands\Server\rewrite.php(45): require_once('D:\\CI4\\Pengadua...')
#12 {main}
CRITICAL - 2021-03-27 21:59:12 --> Column 'nik' in where clause is ambiguous
#0 D:\CI4\Pengaduan\vendor\codeigniter4\framework\system\Database\MySQLi\Connection.php(314): mysqli->query('SELECT *\nFROM `...')
#1 D:\CI4\Pengaduan\vendor\codeigniter4\framework\system\Database\BaseConnection.php(713): CodeIgniter\Database\MySQLi\Connection->execute('SELECT *\nFROM `...')
#2 D:\CI4\Pengaduan\vendor\codeigniter4\framework\system\Database\BaseConnection.php(641): CodeIgniter\Database\BaseConnection->simpleQuery('SELECT *\nFROM `...')
#3 D:\CI4\Pengaduan\vendor\codeigniter4\framework\system\Database\BaseBuilder.php(1866): CodeIgniter\Database\BaseConnection->query('SELECT *\nFROM `...', Array, false)
#4 D:\CI4\Pengaduan\vendor\codeigniter4\framework\system\Model.php(213): CodeIgniter\Database\BaseBuilder->get()
#5 D:\CI4\Pengaduan\vendor\codeigniter4\framework\system\BaseModel.php(583): CodeIgniter\Model->doFindAll(0, 0)
#6 D:\CI4\Pengaduan\app\Controllers\Controllermasyarakat.php(74): CodeIgniter\BaseModel->findAll()
#7 D:\CI4\Pengaduan\vendor\codeigniter4\framework\system\CodeIgniter.php(936): App\Controllers\Controllermasyarakat->pengaduan()
#8 D:\CI4\Pengaduan\vendor\codeigniter4\framework\system\CodeIgniter.php(432): CodeIgniter\CodeIgniter->runController(Object(App\Controllers\Controllermasyarakat))
#9 D:\CI4\Pengaduan\vendor\codeigniter4\framework\system\CodeIgniter.php(333): CodeIgniter\CodeIgniter->handleRequest(NULL, Object(Config\Cache), false)
#10 D:\CI4\Pengaduan\public\index.php(44): CodeIgniter\CodeIgniter->run()
#11 D:\CI4\Pengaduan\vendor\codeigniter4\framework\system\Commands\Server\rewrite.php(45): require_once('D:\\CI4\\Pengadua...')
#12 {main}
ERROR - 2021-03-27 22:06:54 --> mysqli_sql_exception: Unknown column 'tgl_bayar' in 'where clause' in D:\CI4\Pengaduan\vendor\codeigniter4\framework\system\Database\MySQLi\Connection.php:314
Stack trace:
#0 D:\CI4\Pengaduan\vendor\codeigniter4\framework\system\Database\MySQLi\Connection.php(314): mysqli->query('SELECT *\nFROM `...')
#1 D:\CI4\Pengaduan\vendor\codeigniter4\framework\system\Database\BaseConnection.php(713): CodeIgniter\Database\MySQLi\Connection->execute('SELECT *\nFROM `...')
#2 D:\CI4\Pengaduan\vendor\codeigniter4\framework\system\Database\BaseConnection.php(641): CodeIgniter\Database\BaseConnection->simpleQuery('SELECT *\nFROM `...')
#3 D:\CI4\Pengaduan\vendor\codeigniter4\framework\system\Database\BaseBuilder.php(1866): CodeIgniter\Database\BaseConnection->query('SELECT *\nFROM `...', Array, false)
#4 D:\CI4\Pengaduan\vendor\codeigniter4\framework\system\Model.php(213): CodeIgniter\Database\BaseBuilder->get()
#5 D:\CI4\Pengaduan\vendor\codeigniter4\framework\system\BaseModel.php(583): CodeIgniter\Model->doFindAll(0, 0)
#6 D:\CI4\Pengaduan\app\Controllers\Controllermasyarakat.php(74): CodeIgniter\BaseModel->findAll()
#7 D:\CI4\Pengaduan\vendor\codeigniter4\framework\system\CodeIgniter.php(936): App\Controllers\Controllermasyarakat->pengaduan()
#8 D:\CI4\Pengaduan\vendor\codeigniter4\framework\system\CodeIgniter.php(432): CodeIgniter\CodeIgniter->runController(Object(App\Controllers\Controllermasyarakat))
#9 D:\CI4\Pengaduan\vendor\codeigniter4\framework\system\CodeIgniter.php(333): CodeIgniter\CodeIgniter->handleRequest(NULL, Object(Config\Cache), false)
#10 D:\CI4\Pengaduan\public\index.php(44): CodeIgniter\CodeIgniter->run()
#11 D:\CI4\Pengaduan\vendor\codeigniter4\framework\system\Commands\Server\rewrite.php(45): require_once('D:\\CI4\\Pengadua...')
#12 {main}
CRITICAL - 2021-03-27 22:06:54 --> Unknown column 'tgl_bayar' in 'where clause'
#0 D:\CI4\Pengaduan\vendor\codeigniter4\framework\system\Database\MySQLi\Connection.php(314): mysqli->query('SELECT *\nFROM `...')
#1 D:\CI4\Pengaduan\vendor\codeigniter4\framework\system\Database\BaseConnection.php(713): CodeIgniter\Database\MySQLi\Connection->execute('SELECT *\nFROM `...')
#2 D:\CI4\Pengaduan\vendor\codeigniter4\framework\system\Database\BaseConnection.php(641): CodeIgniter\Database\BaseConnection->simpleQuery('SELECT *\nFROM `...')
#3 D:\CI4\Pengaduan\vendor\codeigniter4\framework\system\Database\BaseBuilder.php(1866): CodeIgniter\Database\BaseConnection->query('SELECT *\nFROM `...', Array, false)
#4 D:\CI4\Pengaduan\vendor\codeigniter4\framework\system\Model.php(213): CodeIgniter\Database\BaseBuilder->get()
#5 D:\CI4\Pengaduan\vendor\codeigniter4\framework\system\BaseModel.php(583): CodeIgniter\Model->doFindAll(0, 0)
#6 D:\CI4\Pengaduan\app\Controllers\Controllermasyarakat.php(74): CodeIgniter\BaseModel->findAll()
#7 D:\CI4\Pengaduan\vendor\codeigniter4\framework\system\CodeIgniter.php(936): App\Controllers\Controllermasyarakat->pengaduan()
#8 D:\CI4\Pengaduan\vendor\codeigniter4\framework\system\CodeIgniter.php(432): CodeIgniter\CodeIgniter->runController(Object(App\Controllers\Controllermasyarakat))
#9 D:\CI4\Pengaduan\vendor\codeigniter4\framework\system\CodeIgniter.php(333): CodeIgniter\CodeIgniter->handleRequest(NULL, Object(Config\Cache), false)
#10 D:\CI4\Pengaduan\public\index.php(44): CodeIgniter\CodeIgniter->run()
#11 D:\CI4\Pengaduan\vendor\codeigniter4\framework\system\Commands\Server\rewrite.php(45): require_once('D:\\CI4\\Pengadua...')
#12 {main}
CRITICAL - 2021-03-27 22:12:37 --> Undefined variable: validation
#0 D:\CI4\Pengaduan\app\Views\Masyarakat\v_pengaduan.php(12): CodeIgniter\Debug\Exceptions->errorHandler(8, 'Undefined varia...', 'D:\\CI4\\Pengadua...', 12, Array)
#1 D:\CI4\Pengaduan\vendor\codeigniter4\framework\system\View\View.php(220): include('D:\\CI4\\Pengadua...')
#2 D:\CI4\Pengaduan\vendor\codeigniter4\framework\system\View\View.php(222): CodeIgniter\View\View->CodeIgniter\View\{closure}()
#3 D:\CI4\Pengaduan\vendor\codeigniter4\framework\system\View\View.php(468): CodeIgniter\View\View->render('Masyarakat/v_pe...', NULL, true)
#4 D:\CI4\Pengaduan\app\Views\Masyarakat\Dashboard.php(5): CodeIgniter\View\View->include('Masyarakat/v_pe...')
#5 D:\CI4\Pengaduan\vendor\codeigniter4\framework\system\View\View.php(220): include('D:\\CI4\\Pengadua...')
#6 D:\CI4\Pengaduan\vendor\codeigniter4\framework\system\View\View.php(222): CodeIgniter\View\View->CodeIgniter\View\{closure}()
#7 D:\CI4\Pengaduan\vendor\codeigniter4\framework\system\Common.php(1217): CodeIgniter\View\View->render('Masyarakat/Dash...', Array, true)
#8 D:\CI4\Pengaduan\app\Controllers\Dashboardmasyarakat.php(11): view('Masyarakat/Dash...')
#9 D:\CI4\Pengaduan\vendor\codeigniter4\framework\system\CodeIgniter.php(936): App\Controllers\Dashboardmasyarakat->index()
#10 D:\CI4\Pengaduan\vendor\codeigniter4\framework\system\CodeIgniter.php(432): CodeIgniter\CodeIgniter->runController(Object(App\Controllers\Dashboardmasyarakat))
#11 D:\CI4\Pengaduan\vendor\codeigniter4\framework\system\CodeIgniter.php(333): CodeIgniter\CodeIgniter->handleRequest(NULL, Object(Config\Cache), false)
#12 D:\CI4\Pengaduan\public\index.php(44): CodeIgniter\CodeIgniter->run()
#13 D:\CI4\Pengaduan\vendor\codeigniter4\framework\system\Commands\Server\rewrite.php(45): require_once('D:\\CI4\\Pengadua...')
#14 {main}
CRITICAL - 2021-03-27 22:13:18 --> Undefined variable: validation
#0 D:\CI4\Pengaduan\app\Views\Masyarakat\v_pengaduan.php(9): CodeIgniter\Debug\Exceptions->errorHandler(8, 'Undefined varia...', 'D:\\CI4\\Pengadua...', 9, Array)
#1 D:\CI4\Pengaduan\vendor\codeigniter4\framework\system\View\View.php(220): include('D:\\CI4\\Pengadua...')
#2 D:\CI4\Pengaduan\vendor\codeigniter4\framework\system\View\View.php(222): CodeIgniter\View\View->CodeIgniter\View\{closure}()
#3 D:\CI4\Pengaduan\vendor\codeigniter4\framework\system\View\View.php(468): CodeIgniter\View\View->render('Masyarakat/v_pe...', NULL, true)
#4 D:\CI4\Pengaduan\app\Views\Masyarakat\Dashboard.php(5): CodeIgniter\View\View->include('Masyarakat/v_pe...')
#5 D:\CI4\Pengaduan\vendor\codeigniter4\framework\system\View\View.php(220): include('D:\\CI4\\Pengadua...')
#6 D:\CI4\Pengaduan\vendor\codeigniter4\framework\system\View\View.php(222): CodeIgniter\View\View->CodeIgniter\View\{closure}()
#7 D:\CI4\Pengaduan\vendor\codeigniter4\framework\system\Common.php(1217): CodeIgniter\View\View->render('Masyarakat/Dash...', Array, true)
#8 D:\CI4\Pengaduan\app\Controllers\Dashboardmasyarakat.php(11): view('Masyarakat/Dash...')
#9 D:\CI4\Pengaduan\vendor\codeigniter4\framework\system\CodeIgniter.php(936): App\Controllers\Dashboardmasyarakat->index()
#10 D:\CI4\Pengaduan\vendor\codeigniter4\framework\system\CodeIgniter.php(432): CodeIgniter\CodeIgniter->runController(Object(App\Controllers\Dashboardmasyarakat))
#11 D:\CI4\Pengaduan\vendor\codeigniter4\framework\system\CodeIgniter.php(333): CodeIgniter\CodeIgniter->handleRequest(NULL, Object(Config\Cache), false)
#12 D:\CI4\Pengaduan\public\index.php(44): CodeIgniter\CodeIgniter->run()
#13 D:\CI4\Pengaduan\vendor\codeigniter4\framework\system\Commands\Server\rewrite.php(45): require_once('D:\\CI4\\Pengadua...')
#14 {main}
CRITICAL - 2021-03-27 22:13:20 --> Undefined variable: validation
#0 D:\CI4\Pengaduan\app\Views\Masyarakat\v_pengaduan.php(9): CodeIgniter\Debug\Exceptions->errorHandler(8, 'Undefined varia...', 'D:\\CI4\\Pengadua...', 9, Array)
#1 D:\CI4\Pengaduan\vendor\codeigniter4\framework\system\View\View.php(220): include('D:\\CI4\\Pengadua...')
#2 D:\CI4\Pengaduan\vendor\codeigniter4\framework\system\View\View.php(222): CodeIgniter\View\View->CodeIgniter\View\{closure}()
#3 D:\CI4\Pengaduan\vendor\codeigniter4\framework\system\View\View.php(468): CodeIgniter\View\View->render('Masyarakat/v_pe...', NULL, true)
#4 D:\CI4\Pengaduan\app\Views\Masyarakat\Dashboard.php(5): CodeIgniter\View\View->include('Masyarakat/v_pe...')
#5 D:\CI4\Pengaduan\vendor\codeigniter4\framework\system\View\View.php(220): include('D:\\CI4\\Pengadua...')
#6 D:\CI4\Pengaduan\vendor\codeigniter4\framework\system\View\View.php(222): CodeIgniter\View\View->CodeIgniter\View\{closure}()
#7 D:\CI4\Pengaduan\vendor\codeigniter4\framework\system\Common.php(1217): CodeIgniter\View\View->render('Masyarakat/Dash...', Array, true)
#8 D:\CI4\Pengaduan\app\Controllers\Dashboardmasyarakat.php(11): view('Masyarakat/Dash...')
#9 D:\CI4\Pengaduan\vendor\codeigniter4\framework\system\CodeIgniter.php(936): App\Controllers\Dashboardmasyarakat->index()
#10 D:\CI4\Pengaduan\vendor\codeigniter4\framework\system\CodeIgniter.php(432): CodeIgniter\CodeIgniter->runController(Object(App\Controllers\Dashboardmasyarakat))
#11 D:\CI4\Pengaduan\vendor\codeigniter4\framework\system\CodeIgniter.php(333): CodeIgniter\CodeIgniter->handleRequest(NULL, Object(Config\Cache), false)
#12 D:\CI4\Pengaduan\public\index.php(44): CodeIgniter\CodeIgniter->run()
#13 D:\CI4\Pengaduan\vendor\codeigniter4\framework\system\Commands\Server\rewrite.php(45): require_once('D:\\CI4\\Pengadua...')
#14 {main}
CRITICAL - 2021-03-27 22:13:21 --> Undefined variable: validation
#0 D:\CI4\Pengaduan\app\Views\Masyarakat\v_pengaduan.php(9): CodeIgniter\Debug\Exceptions->errorHandler(8, 'Undefined varia...', 'D:\\CI4\\Pengadua...', 9, Array)
#1 D:\CI4\Pengaduan\vendor\codeigniter4\framework\system\View\View.php(220): include('D:\\CI4\\Pengadua...')
#2 D:\CI4\Pengaduan\vendor\codeigniter4\framework\system\View\View.php(222): CodeIgniter\View\View->CodeIgniter\View\{closure}()
#3 D:\CI4\Pengaduan\vendor\codeigniter4\framework\system\View\View.php(468): CodeIgniter\View\View->render('Masyarakat/v_pe...', NULL, true)
#4 D:\CI4\Pengaduan\app\Views\Masyarakat\Dashboard.php(5): CodeIgniter\View\View->include('Masyarakat/v_pe...')
#5 D:\CI4\Pengaduan\vendor\codeigniter4\framework\system\View\View.php(220): include('D:\\CI4\\Pengadua...')
#6 D:\CI4\Pengaduan\vendor\codeigniter4\framework\system\View\View.php(222): CodeIgniter\View\View->CodeIgniter\View\{closure}()
#7 D:\CI4\Pengaduan\vendor\codeigniter4\framework\system\Common.php(1217): CodeIgniter\View\View->render('Masyarakat/Dash...', Array, true)
#8 D:\CI4\Pengaduan\app\Controllers\Dashboardmasyarakat.php(11): view('Masyarakat/Dash...')
#9 D:\CI4\Pengaduan\vendor\codeigniter4\framework\system\CodeIgniter.php(936): App\Controllers\Dashboardmasyarakat->index()
#10 D:\CI4\Pengaduan\vendor\codeigniter4\framework\system\CodeIgniter.php(432): CodeIgniter\CodeIgniter->runController(Object(App\Controllers\Dashboardmasyarakat))
#11 D:\CI4\Pengaduan\vendor\codeigniter4\framework\system\CodeIgniter.php(333): CodeIgniter\CodeIgniter->handleRequest(NULL, Object(Config\Cache), false)
#12 D:\CI4\Pengaduan\public\index.php(44): CodeIgniter\CodeIgniter->run()
#13 D:\CI4\Pengaduan\vendor\codeigniter4\framework\system\Commands\Server\rewrite.php(45): require_once('D:\\CI4\\Pengadua...')
#14 {main}
CRITICAL - 2021-03-27 22:13:21 --> Undefined variable: validation
#0 D:\CI4\Pengaduan\app\Views\Masyarakat\v_pengaduan.php(9): CodeIgniter\Debug\Exceptions->errorHandler(8, 'Undefined varia...', 'D:\\CI4\\Pengadua...', 9, Array)
#1 D:\CI4\Pengaduan\vendor\codeigniter4\framework\system\View\View.php(220): include('D:\\CI4\\Pengadua...')
#2 D:\CI4\Pengaduan\vendor\codeigniter4\framework\system\View\View.php(222): CodeIgniter\View\View->CodeIgniter\View\{closure}()
#3 D:\CI4\Pengaduan\vendor\codeigniter4\framework\system\View\View.php(468): CodeIgniter\View\View->render('Masyarakat/v_pe...', NULL, true)
#4 D:\CI4\Pengaduan\app\Views\Masyarakat\Dashboard.php(5): CodeIgniter\View\View->include('Masyarakat/v_pe...')
#5 D:\CI4\Pengaduan\vendor\codeigniter4\framework\system\View\View.php(220): include('D:\\CI4\\Pengadua...')
#6 D:\CI4\Pengaduan\vendor\codeigniter4\framework\system\View\View.php(222): CodeIgniter\View\View->CodeIgniter\View\{closure}()
#7 D:\CI4\Pengaduan\vendor\codeigniter4\framework\system\Common.php(1217): CodeIgniter\View\View->render('Masyarakat/Dash...', Array, true)
#8 D:\CI4\Pengaduan\app\Controllers\Dashboardmasyarakat.php(11): view('Masyarakat/Dash...')
#9 D:\CI4\Pengaduan\vendor\codeigniter4\framework\system\CodeIgniter.php(936): App\Controllers\Dashboardmasyarakat->index()
#10 D:\CI4\Pengaduan\vendor\codeigniter4\framework\system\CodeIgniter.php(432): CodeIgniter\CodeIgniter->runController(Object(App\Controllers\Dashboardmasyarakat))
#11 D:\CI4\Pengaduan\vendor\codeigniter4\framework\system\CodeIgniter.php(333): CodeIgniter\CodeIgniter->handleRequest(NULL, Object(Config\Cache), false)
#12 D:\CI4\Pengaduan\public\index.php(44): CodeIgniter\CodeIgniter->run()
#13 D:\CI4\Pengaduan\vendor\codeigniter4\framework\system\Commands\Server\rewrite.php(45): require_once('D:\\CI4\\Pengadua...')
#14 {main}
CRITICAL - 2021-03-27 22:13:21 --> Undefined variable: validation
#0 D:\CI4\Pengaduan\app\Views\Masyarakat\v_pengaduan.php(9): CodeIgniter\Debug\Exceptions->errorHandler(8, 'Undefined varia...', 'D:\\CI4\\Pengadua...', 9, Array)
#1 D:\CI4\Pengaduan\vendor\codeigniter4\framework\system\View\View.php(220): include('D:\\CI4\\Pengadua...')
#2 D:\CI4\Pengaduan\vendor\codeigniter4\framework\system\View\View.php(222): CodeIgniter\View\View->CodeIgniter\View\{closure}()
#3 D:\CI4\Pengaduan\vendor\codeigniter4\framework\system\View\View.php(468): CodeIgniter\View\View->render('Masyarakat/v_pe...', NULL, true)
#4 D:\CI4\Pengaduan\app\Views\Masyarakat\Dashboard.php(5): CodeIgniter\View\View->include('Masyarakat/v_pe...')
#5 D:\CI4\Pengaduan\vendor\codeigniter4\framework\system\View\View.php(220): include('D:\\CI4\\Pengadua...')
#6 D:\CI4\Pengaduan\vendor\codeigniter4\framework\system\View\View.php(222): CodeIgniter\View\View->CodeIgniter\View\{closure}()
#7 D:\CI4\Pengaduan\vendor\codeigniter4\framework\system\Common.php(1217): CodeIgniter\View\View->render('Masyarakat/Dash...', Array, true)
#8 D:\CI4\Pengaduan\app\Controllers\Dashboardmasyarakat.php(11): view('Masyarakat/Dash...')
#9 D:\CI4\Pengaduan\vendor\codeigniter4\framework\system\CodeIgniter.php(936): App\Controllers\Dashboardmasyarakat->index()
#10 D:\CI4\Pengaduan\vendor\codeigniter4\framework\system\CodeIgniter.php(432): CodeIgniter\CodeIgniter->runController(Object(App\Controllers\Dashboardmasyarakat))
#11 D:\CI4\Pengaduan\vendor\codeigniter4\framework\system\CodeIgniter.php(333): CodeIgniter\CodeIgniter->handleRequest(NULL, Object(Config\Cache), false)
#12 D:\CI4\Pengaduan\public\index.php(44): CodeIgniter\CodeIgniter->run()
#13 D:\CI4\Pengaduan\vendor\codeigniter4\framework\system\Commands\Server\rewrite.php(45): require_once('D:\\CI4\\Pengadua...')
#14 {main}
CRITICAL - 2021-03-27 22:13:22 --> Undefined variable: validation
#0 D:\CI4\Pengaduan\app\Views\Masyarakat\v_pengaduan.php(9): CodeIgniter\Debug\Exceptions->errorHandler(8, 'Undefined varia...', 'D:\\CI4\\Pengadua...', 9, Array)
#1 D:\CI4\Pengaduan\vendor\codeigniter4\framework\system\View\View.php(220): include('D:\\CI4\\Pengadua...')
#2 D:\CI4\Pengaduan\vendor\codeigniter4\framework\system\View\View.php(222): CodeIgniter\View\View->CodeIgniter\View\{closure}()
#3 D:\CI4\Pengaduan\vendor\codeigniter4\framework\system\View\View.php(468): CodeIgniter\View\View->render('Masyarakat/v_pe...', NULL, true)
#4 D:\CI4\Pengaduan\app\Views\Masyarakat\Dashboard.php(5): CodeIgniter\View\View->include('Masyarakat/v_pe...')
#5 D:\CI4\Pengaduan\vendor\codeigniter4\framework\system\View\View.php(220): include('D:\\CI4\\Pengadua...')
#6 D:\CI4\Pengaduan\vendor\codeigniter4\framework\system\View\View.php(222): CodeIgniter\View\View->CodeIgniter\View\{closure}()
#7 D:\CI4\Pengaduan\vendor\codeigniter4\framework\system\Common.php(1217): CodeIgniter\View\View->render('Masyarakat/Dash...', Array, true)
#8 D:\CI4\Pengaduan\app\Controllers\Dashboardmasyarakat.php(11): view('Masyarakat/Dash...')
#9 D:\CI4\Pengaduan\vendor\codeigniter4\framework\system\CodeIgniter.php(936): App\Controllers\Dashboardmasyarakat->index()
#10 D:\CI4\Pengaduan\vendor\codeigniter4\framework\system\CodeIgniter.php(432): CodeIgniter\CodeIgniter->runController(Object(App\Controllers\Dashboardmasyarakat))
#11 D:\CI4\Pengaduan\vendor\codeigniter4\framework\system\CodeIgniter.php(333): CodeIgniter\CodeIgniter->handleRequest(NULL, Object(Config\Cache), false)
#12 D:\CI4\Pengaduan\public\index.php(44): CodeIgniter\CodeIgniter->run()
#13 D:\CI4\Pengaduan\vendor\codeigniter4\framework\system\Commands\Server\rewrite.php(45): require_once('D:\\CI4\\Pengadua...')
#14 {main}
CRITICAL - 2021-03-27 22:13:22 --> Undefined variable: validation
#0 D:\CI4\Pengaduan\app\Views\Masyarakat\v_pengaduan.php(9): CodeIgniter\Debug\Exceptions->errorHandler(8, 'Undefined varia...', 'D:\\CI4\\Pengadua...', 9, Array)
#1 D:\CI4\Pengaduan\vendor\codeigniter4\framework\system\View\View.php(220): include('D:\\CI4\\Pengadua...')
#2 D:\CI4\Pengaduan\vendor\codeigniter4\framework\system\View\View.php(222): CodeIgniter\View\View->CodeIgniter\View\{closure}()
#3 D:\CI4\Pengaduan\vendor\codeigniter4\framework\system\View\View.php(468): CodeIgniter\View\View->render('Masyarakat/v_pe...', NULL, true)
#4 D:\CI4\Pengaduan\app\Views\Masyarakat\Dashboard.php(5): CodeIgniter\View\View->include('Masyarakat/v_pe...')
#5 D:\CI4\Pengaduan\vendor\codeigniter4\framework\system\View\View.php(220): include('D:\\CI4\\Pengadua...')
#6 D:\CI4\Pengaduan\vendor\codeigniter4\framework\system\View\View.php(222): CodeIgniter\View\View->CodeIgniter\View\{closure}()
#7 D:\CI4\Pengaduan\vendor\codeigniter4\framework\system\Common.php(1217): CodeIgniter\View\View->render('Masyarakat/Dash...', Array, true)
#8 D:\CI4\Pengaduan\app\Controllers\Dashboardmasyarakat.php(11): view('Masyarakat/Dash...')
#9 D:\CI4\Pengaduan\vendor\codeigniter4\framework\system\CodeIgniter.php(936): App\Controllers\Dashboardmasyarakat->index()
#10 D:\CI4\Pengaduan\vendor\codeigniter4\framework\system\CodeIgniter.php(432): CodeIgniter\CodeIgniter->runController(Object(App\Controllers\Dashboardmasyarakat))
#11 D:\CI4\Pengaduan\vendor\codeigniter4\framework\system\CodeIgniter.php(333): CodeIgniter\CodeIgniter->handleRequest(NULL, Object(Config\Cache), false)
#12 D:\CI4\Pengaduan\public\index.php(44): CodeIgniter\CodeIgniter->run()
#13 D:\CI4\Pengaduan\vendor\codeigniter4\framework\system\Commands\Server\rewrite.php(45): require_once('D:\\CI4\\Pengadua...')
#14 {main}
CRITICAL - 2021-03-27 22:14:22 --> Undefined variable: validation
#0 D:\CI4\Pengaduan\app\Views\Masyarakat\v_pengaduan.php(12): CodeIgniter\Debug\Exceptions->errorHandler(8, 'Undefined varia...', 'D:\\CI4\\Pengadua...', 12, Array)
#1 D:\CI4\Pengaduan\vendor\codeigniter4\framework\system\View\View.php(220): include('D:\\CI4\\Pengadua...')
#2 D:\CI4\Pengaduan\vendor\codeigniter4\framework\system\View\View.php(222): CodeIgniter\View\View->CodeIgniter\View\{closure}()
#3 D:\CI4\Pengaduan\vendor\codeigniter4\framework\system\View\View.php(468): CodeIgniter\View\View->render('Masyarakat/v_pe...', NULL, true)
#4 D:\CI4\Pengaduan\app\Views\Masyarakat\Dashboard.php(5): CodeIgniter\View\View->include('Masyarakat/v_pe...')
#5 D:\CI4\Pengaduan\vendor\codeigniter4\framework\system\View\View.php(220): include('D:\\CI4\\Pengadua...')
#6 D:\CI4\Pengaduan\vendor\codeigniter4\framework\system\View\View.php(222): CodeIgniter\View\View->CodeIgniter\View\{closure}()
#7 D:\CI4\Pengaduan\vendor\codeigniter4\framework\system\Common.php(1217): CodeIgniter\View\View->render('Masyarakat/Dash...', Array, true)
#8 D:\CI4\Pengaduan\app\Controllers\Dashboardmasyarakat.php(11): view('Masyarakat/Dash...')
#9 D:\CI4\Pengaduan\vendor\codeigniter4\framework\system\CodeIgniter.php(936): App\Controllers\Dashboardmasyarakat->index()
#10 D:\CI4\Pengaduan\vendor\codeigniter4\framework\system\CodeIgniter.php(432): CodeIgniter\CodeIgniter->runController(Object(App\Controllers\Dashboardmasyarakat))
#11 D:\CI4\Pengaduan\vendor\codeigniter4\framework\system\CodeIgniter.php(333): CodeIgniter\CodeIgniter->handleRequest(NULL, Object(Config\Cache), false)
#12 D:\CI4\Pengaduan\public\index.php(44): CodeIgniter\CodeIgniter->run()
#13 D:\CI4\Pengaduan\vendor\codeigniter4\framework\system\Commands\Server\rewrite.php(45): require_once('D:\\CI4\\Pengadua...')
#14 {main}
CRITICAL - 2021-03-27 22:14:25 --> Undefined variable: validation
#0 D:\CI4\Pengaduan\app\Views\Masyarakat\v_pengaduan.php(12): CodeIgniter\Debug\Exceptions->errorHandler(8, 'Undefined varia...', 'D:\\CI4\\Pengadua...', 12, Array)
#1 D:\CI4\Pengaduan\vendor\codeigniter4\framework\system\View\View.php(220): include('D:\\CI4\\Pengadua...')
#2 D:\CI4\Pengaduan\vendor\codeigniter4\framework\system\View\View.php(222): CodeIgniter\View\View->CodeIgniter\View\{closure}()
#3 D:\CI4\Pengaduan\vendor\codeigniter4\framework\system\View\View.php(468): CodeIgniter\View\View->render('Masyarakat/v_pe...', NULL, true)
#4 D:\CI4\Pengaduan\app\Views\Masyarakat\Dashboard.php(5): CodeIgniter\View\View->include('Masyarakat/v_pe...')
#5 D:\CI4\Pengaduan\vendor\codeigniter4\framework\system\View\View.php(220): include('D:\\CI4\\Pengadua...')
#6 D:\CI4\Pengaduan\vendor\codeigniter4\framework\system\View\View.php(222): CodeIgniter\View\View->CodeIgniter\View\{closure}()
#7 D:\CI4\Pengaduan\vendor\codeigniter4\framework\system\Common.php(1217): CodeIgniter\View\View->render('Masyarakat/Dash...', Array, true)
#8 D:\CI4\Pengaduan\app\Controllers\Dashboardmasyarakat.php(11): view('Masyarakat/Dash...')
#9 D:\CI4\Pengaduan\vendor\codeigniter4\framework\system\CodeIgniter.php(936): App\Controllers\Dashboardmasyarakat->index()
#10 D:\CI4\Pengaduan\vendor\codeigniter4\framework\system\CodeIgniter.php(432): CodeIgniter\CodeIgniter->runController(Object(App\Controllers\Dashboardmasyarakat))
#11 D:\CI4\Pengaduan\vendor\codeigniter4\framework\system\CodeIgniter.php(333): CodeIgniter\CodeIgniter->handleRequest(NULL, Object(Config\Cache), false)
#12 D:\CI4\Pengaduan\public\index.php(44): CodeIgniter\CodeIgniter->run()
#13 D:\CI4\Pengaduan\vendor\codeigniter4\framework\system\Commands\Server\rewrite.php(45): require_once('D:\\CI4\\Pengadua...')
#14 {main}
CRITICAL - 2021-03-27 22:14:32 --> Undefined variable: validation
#0 D:\CI4\Pengaduan\app\Views\Masyarakat\v_pengaduan.php(12): CodeIgniter\Debug\Exceptions->errorHandler(8, 'Undefined varia...', 'D:\\CI4\\Pengadua...', 12, Array)
#1 D:\CI4\Pengaduan\vendor\codeigniter4\framework\system\View\View.php(220): include('D:\\CI4\\Pengadua...')
#2 D:\CI4\Pengaduan\vendor\codeigniter4\framework\system\View\View.php(222): CodeIgniter\View\View->CodeIgniter\View\{closure}()
#3 D:\CI4\Pengaduan\vendor\codeigniter4\framework\system\View\View.php(468): CodeIgniter\View\View->render('Masyarakat/v_pe...', NULL, true)
#4 D:\CI4\Pengaduan\app\Views\Masyarakat\Dashboard.php(5): CodeIgniter\View\View->include('Masyarakat/v_pe...')
#5 D:\CI4\Pengaduan\vendor\codeigniter4\framework\system\View\View.php(220): include('D:\\CI4\\Pengadua...')
#6 D:\CI4\Pengaduan\vendor\codeigniter4\framework\system\View\View.php(222): CodeIgniter\View\View->CodeIgniter\View\{closure}()
#7 D:\CI4\Pengaduan\vendor\codeigniter4\framework\system\Common.php(1217): CodeIgniter\View\View->render('Masyarakat/Dash...', Array, true)
#8 D:\CI4\Pengaduan\app\Controllers\Dashboardmasyarakat.php(11): view('Masyarakat/Dash...')
#9 D:\CI4\Pengaduan\vendor\codeigniter4\framework\system\CodeIgniter.php(936): App\Controllers\Dashboardmasyarakat->index()
#10 D:\CI4\Pengaduan\vendor\codeigniter4\framework\system\CodeIgniter.php(432): CodeIgniter\CodeIgniter->runController(Object(App\Controllers\Dashboardmasyarakat))
#11 D:\CI4\Pengaduan\vendor\codeigniter4\framework\system\CodeIgniter.php(333): CodeIgniter\CodeIgniter->handleRequest(NULL, Object(Config\Cache), false)
#12 D:\CI4\Pengaduan\public\index.php(44): CodeIgniter\CodeIgniter->run()
#13 D:\CI4\Pengaduan\vendor\codeigniter4\framework\system\Commands\Server\rewrite.php(45): require_once('D:\\CI4\\Pengadua...')
#14 {main}
CRITICAL - 2021-03-27 23:07:52 --> Call to undefined function settext()
#0 D:\CI4\Pengaduan\vendor\codeigniter4\framework\system\CodeIgniter.php(936): App\Controllers\Controllermasyarakat->pengaduan()
#1 D:\CI4\Pengaduan\vendor\codeigniter4\framework\system\CodeIgniter.php(432): CodeIgniter\CodeIgniter->runController(Object(App\Controllers\Controllermasyarakat))
#2 D:\CI4\Pengaduan\vendor\codeigniter4\framework\system\CodeIgniter.php(333): CodeIgniter\CodeIgniter->handleRequest(NULL, Object(Config\Cache), false)
#3 D:\CI4\Pengaduan\public\index.php(44): CodeIgniter\CodeIgniter->run()
#4 D:\CI4\Pengaduan\vendor\codeigniter4\framework\system\Commands\Server\rewrite.php(45): require_once('D:\\CI4\\Pengadua...')
#5 {main}
CRITICAL - 2021-03-27 23:08:20 --> Call to undefined function string()
#0 D:\CI4\Pengaduan\vendor\codeigniter4\framework\system\CodeIgniter.php(936): App\Controllers\Controllermasyarakat->pengaduan()
#1 D:\CI4\Pengaduan\vendor\codeigniter4\framework\system\CodeIgniter.php(432): CodeIgniter\CodeIgniter->runController(Object(App\Controllers\Controllermasyarakat))
#2 D:\CI4\Pengaduan\vendor\codeigniter4\framework\system\CodeIgniter.php(333): CodeIgniter\CodeIgniter->handleRequest(NULL, Object(Config\Cache), false)
#3 D:\CI4\Pengaduan\public\index.php(44): CodeIgniter\CodeIgniter->run()
#4 D:\CI4\Pengaduan\vendor\codeigniter4\framework\system\Commands\Server\rewrite.php(45): require_once('D:\\CI4\\Pengadua...')
#5 {main}
